#
# A fatal error has been detected by the Java Runtime Environment:
#
#  SIGSEGV (0xb) at pc=0x00007fde90e4b583, pid=6477, tid=140593535280896
#
# JRE version: Java(TM) SE Runtime Environment (8.0_91-b14) (build 1.8.0_91-b14)
# Java VM: Java HotSpot(TM) 64-Bit Server VM (25.91-b14 mixed mode linux-amd64 compressed oops)
# Problematic frame:
# V  [libjvm.so+0x986583]  oopDesc* PSPromotionManager::copy_to_survivor_space<false>(oopDesc*)+0x143
#
# Failed to write core dump. Core dumps have been disabled. To enable core dumping, try "ulimit -c unlimited" before starting Java again
#
# If you would like to submit a bug report, please visit:
#   http://bugreport.java.com/bugreport/crash.jsp
#

---------------  T H R E A D  ---------------

Current thread (0x00007fde8c021000):  GCTaskThread [stack: 0x00007fde7baa6000,0x00007fde7bba7000] [id=6479]

siginfo: si_signo: 11 (SIGSEGV), si_code: 1 (SEGV_MAPERR), si_addr: 0x0000000000000008

Registers:
RAX=0x00007fde91448490, RBX=0x00000000fe5a556c, RCX=0x0000000000000003, RDX=0x0000000000000001
RSP=0x00007fde7bba58e0, RBP=0x00007fde7bba5950, RSI=0x00000000f5d7ad38, RDI=0x0000000000000000
R8 =0x00007fde91448480, R9 =0x00007fde91430aba, R10=0x00007fde9146c879, R11=0x00007fde7bba5900
R12=0x00000000f5d7ad38, R13=0x0000000020038dad, R14=0x0000000000000000, R15=0x00007fde8c076968
RIP=0x00007fde90e4b583, EFLAGS=0x0000000000010246, CSGSFS=0x0000000000000033, ERR=0x0000000000000004
  TRAPNO=0x000000000000000e

Top of Stack: (sp=0x00007fde7bba58e0)
0x00007fde7bba58e0:   00000000e103e84d 00007fde9146c879
0x00007fde7bba58f0:   00007fde8c076928 00007fde8c076900
0x00007fde7bba5900:   00000000fe5a556d 0000000000000400
0x00007fde7bba5910:   00000000f60588b2 0000000000001000
0x00007fde7bba5920:   00000000f9cc4285 00000000fe5a556c
0x00007fde7bba5930:   00007fde8c076900 00007fde91448480
0x00007fde7bba5940:   0000000000000000 00007fde8c076968
0x00007fde7bba5950:   00007fde7bba5a40 00007fde90e4ae50
0x00007fde7bba5960:   00007fde7bba59c0 00007fde7bba59d0
0x00007fde7bba5970:   00007fde7bba59e0 00007fde7bba59a0
0x00007fde7bba5980:   00007fde7bba59b0 00007fde7bba5a00
0x00007fde7bba5990:   00000000e103e650 00007fde8c076998
0x00007fde7bba59a0:   00000000e03a29b8 00007fde8c076960
0x00007fde7bba59b0:   00007fde8c01c7b0 00000000e06e8acc
0x00007fde7bba59c0:   00007fde7bba5a40 00007fde90dbee8f
0x00007fde7bba59d0:   000000010012c6e0 00000000e06ea634
0x00007fde7bba59e0:   00007fde7bba5a40 00007fde90b0ab90
0x00007fde7bba59f0:   00000000e06ea9c9 00007fde9147bed0
0x00007fde7bba5a00:   00000000fe5a556d 00007fde8c076960
0x00007fde7bba5a10:   0000000000000000 00000000e06eaa50
0x00007fde7bba5a20:   00000000e06eaa00 00007fde900c1755
0x00007fde7bba5a30:   00007fde8c01c7b0 00007fde900c17c8
0x00007fde7bba5a40:   00007fde7bba5b00 00007fde908c38ae
0x00007fde7bba5a50:   00007fde8c020640 00007fde900c17c7
0x00007fde7bba5a60:   00007fde900c1701 00007fde9146c879
0x00007fde7bba5a70:   00007fde8c076900 00000000e109fe68
0x00007fde7bba5a80:   00007fde8c01c4f0 00007fde900c6500
0x00007fde7bba5a90:   00000000e06e9a00 0000000000000200
0x00007fde7bba5aa0:   00000000e06f8f40 00007fde900c1753
0x00007fde7bba5ab0:   0000000000000240 00007fde900c1800
0x00007fde7bba5ac0:   00007fde900c1900 00007fde900c1755
0x00007fde7bba5ad0:   00007fde900c1753 00007fde8c028850 

Instructions: (pc=0x00007fde90e4b583)
0x00007fde90e4b563:   83 e0 07 48 83 f8 05 75 d3 31 db eb d6 48 8b 05
0x00007fde90e4b573:   31 df 5d 00 8b 7e 08 8b 48 08 48 d3 e7 48 03 38
0x00007fde90e4b583:   8b 77 08 83 fe 00 0f 8f 0a ff ff ff 0f 85 4b 02
0x00007fde90e4b593:   00 00 0f 1f 00 48 8b 07 4c 89 e6 4c 89 55 98 ff 

Register to memory mapping:

RAX=0x00007fde91448490: <offset 0xf83490> in /usr/lib/jvm/java-8-oracle/jre/lib/amd64/server/libjvm.so at 0x00007fde904c5000
RBX=0x00000000fe5a556c is an unknown value
RCX=0x0000000000000003 is an unknown value
RDX=0x0000000000000001 is an unknown value
RSP=0x00007fde7bba58e0 is an unknown value
RBP=0x00007fde7bba5950 is an unknown value
RSI=0x00000000f5d7ad38 is an oop

[error occurred during error reporting (printing register info), id 0xb]

Stack: [0x00007fde7baa6000,0x00007fde7bba7000],  sp=0x00007fde7bba58e0,  free space=1022k
Native frames: (J=compiled Java code, j=interpreted, Vv=VM code, C=native code)
V  [libjvm.so+0x986583]  oopDesc* PSPromotionManager::copy_to_survivor_space<false>(oopDesc*)+0x143
V  [libjvm.so+0x985e50]  PSPromotionManager::drain_stacks_depth(bool)+0x830
V  [libjvm.so+0x3fe8ae]  CardTableExtension::scavenge_contents_parallel(ObjectStartArray*, MutableSpace*, HeapWord*, PSPromotionManager*, unsigned int, unsigned int)+0xafe
V  [libjvm.so+0x9896cb]  OldToYoungRootsTask::do_it(GCTaskManager*, unsigned int)+0x4b
V  [libjvm.so+0x5d584f]  GCTaskThread::run()+0x12f
V  [libjvm.so+0x91ef78]  java_start(Thread*)+0x108


---------------  P R O C E S S  ---------------

Java Threads: ( => current thread )
  0x00007fde30192800 JavaThread "Keep-Alive-Timer" daemon [_thread_blocked, id=6505, stack(0x00007fde72207000,0x00007fde72308000)]
  0x00007fde8c29e800 JavaThread "SuperDevMode code server listener" daemon [_thread_blocked, id=6504, stack(0x00007fde72f2c000,0x00007fde7302d000)]
  0x00007fde30186800 JavaThread "Timer-0" daemon [_thread_blocked, id=6503, stack(0x00007fde7302d000,0x00007fde7312e000)]
  0x00007fde8c0ea000 JavaThread "pool-1-thread-1" [_thread_blocked, id=6501, stack(0x00007fde733af000,0x00007fde734b0000)]
  0x00007fde8c23b800 JavaThread "Thread-2" daemon [_thread_blocked, id=6497, stack(0x00007fde734b0000,0x00007fde735b1000)]
  0x00007fde8c237000 JavaThread "Thread-1" [_thread_in_native, id=6496, stack(0x00007fde735b1000,0x00007fde736b2000)]
  0x00007fde8c0ca000 JavaThread "Service Thread" daemon [_thread_blocked, id=6494, stack(0x00007fde73cfd000,0x00007fde73dfe000)]
  0x00007fde8c0be800 JavaThread "C1 CompilerThread2" daemon [_thread_blocked, id=6493, stack(0x00007fde73dfe000,0x00007fde73eff000)]
  0x00007fde8c0bd000 JavaThread "C2 CompilerThread1" daemon [_thread_in_native, id=6492, stack(0x00007fde73eff000,0x00007fde74000000)]
  0x00007fde8c0ba000 JavaThread "C2 CompilerThread0" daemon [_thread_blocked, id=6491, stack(0x00007fde780b9000,0x00007fde781ba000)]
  0x00007fde8c0b8800 JavaThread "Signal Dispatcher" daemon [_thread_blocked, id=6490, stack(0x00007fde781ba000,0x00007fde782bb000)]
  0x00007fde8c085800 JavaThread "Finalizer" daemon [_thread_blocked, id=6489, stack(0x00007fde7899d000,0x00007fde78a9e000)]
  0x00007fde8c081000 JavaThread "Reference Handler" daemon [_thread_blocked, id=6488, stack(0x00007fde78a9e000,0x00007fde78b9f000)]
  0x00007fde8c00b800 JavaThread "main" [_thread_blocked, id=6478, stack(0x00007fde91fa3000,0x00007fde920a4000)]

Other Threads:
  0x00007fde8c079800 VMThread [stack: 0x00007fde78b9f000,0x00007fde78ca0000] [id=6487]
  0x00007fde8c0cc800 WatcherThread [stack: 0x00007fde73bfc000,0x00007fde73cfd000] [id=6495]

=>0x00007fde8c021000 (exited) GCTaskThread [stack: 0x00007fde7baa6000,0x00007fde7bba7000] [id=6479]

VM state:at safepoint (normal execution)

VM Mutex/Monitor currently owned by a thread:  ([mutex/lock_event])
[0x00007fde8c007d30] Threads_lock - owner thread: 0x00007fde8c079800
[0x00007fde8c008230] Heap_lock - owner thread: 0x00007fde8c0ea000

Heap:
 PSYoungGen      total 77824K, used 77816K [0x00000000f5580000, 0x00000000ff680000, 0x0000000100000000)
  eden space 59904K, 100% used [0x00000000f5580000,0x00000000f9000000,0x00000000f9000000)
  from space 17920K, 99% used [0x00000000f9000000,0x00000000fa17e090,0x00000000fa180000)
  to   space 25600K, 99% used [0x00000000fdd80000,0x00000000ff67c100,0x00000000ff680000)
 ParOldGen       total 40960K, used 25532K [0x00000000e0000000, 0x00000000e2800000, 0x00000000f5580000)
  object space 40960K, 62% used [0x00000000e0000000,0x00000000e18ef240,0x00000000e2800000)
 Metaspace       used 14886K, capacity 15274K, committed 15616K, reserved 1062912K
  class space    used 1802K, capacity 1921K, committed 2048K, reserved 1048576K

Card table byte_map: [0x00007fde900be000,0x00007fde901bf000] byte_map_base: 0x00007fde8f9be000

Marking Bits: (ParMarkBitMap*) 0x00007fde9147bd60
 Begin Bits: [0x00007fde7a7a3000, 0x00007fde7afa3000)
 End Bits:   [0x00007fde7afa3000, 0x00007fde7b7a3000)

Polling page: 0x00007fde920c4000

CodeCache: size=245760Kb used=4998Kb max_used=4998Kb free=240761Kb
 bounds [0x00007fde7bf67000, 0x00007fde7c457000, 0x00007fde8af67000]
 total_blobs=1969 nmethods=1639 adapters=243
 compilation: enabled

Compilation events (10 events):
Event: 8.497 Thread 0x00007fde8c0be800 1910       2       java.util.LinkedList::unlinkFirst (64 bytes)
Event: 8.497 Thread 0x00007fde8c0be800 nmethod 1910 0x00007fde7c44d250 code [0x00007fde7c44d3c0, 0x00007fde7c44d5b0]
Event: 8.497 Thread 0x00007fde8c0be800 1914       2       java.util.LinkedList::poll (19 bytes)
Event: 8.498 Thread 0x00007fde8c0be800 nmethod 1914 0x00007fde7c44d690 code [0x00007fde7c44d800, 0x00007fde7c44d988]
Event: 8.498 Thread 0x00007fde8c0be800 1915       2       com.google.gwt.thirdparty.guava.common.io.Resources$1::processLine (13 bytes)
Event: 8.498 Thread 0x00007fde8c0be800 nmethod 1915 0x00007fde7c44da10 code [0x00007fde7c44db80, 0x00007fde7c44dd08]
Event: 8.498 Thread 0x00007fde8c0be800 1912       2       com.google.gwt.thirdparty.guava.common.io.LineReader$1::handleLine (15 bytes)
Event: 8.498 Thread 0x00007fde8c0be800 nmethod 1912 0x00007fde7c44dd90 code [0x00007fde7c44df00, 0x00007fde7c44e088]
Event: 8.507 Thread 0x00007fde8c0be800 1916       1       com.google.gwt.dev.resource.impl.ResourceOracleImpl$RerootedResource::getPath (5 bytes)
Event: 8.507 Thread 0x00007fde8c0be800 nmethod 1916 0x00007fde7c44e150 code [0x00007fde7c44e2a0, 0x00007fde7c44e3b0]

GC Heap History (10 events):
Event: 5.442 GC heap after
Heap after GC invocations=4 (full 0):
 PSYoungGen      total 34304K, used 2528K [0x00000000f5580000, 0x00000000f7980000, 0x0000000100000000)
  eden space 31744K, 0% used [0x00000000f5580000,0x00000000f5580000,0x00000000f7480000)
  from space 2560K, 98% used [0x00000000f7700000,0x00000000f7978020,0x00000000f7980000)
  to   space 2560K, 0% used [0x00000000f7480000,0x00000000f7480000,0x00000000f7700000)
 ParOldGen       total 42496K, used 25156K [0x00000000e0000000, 0x00000000e2980000, 0x00000000f5580000)
  object space 42496K, 59% used [0x00000000e0000000,0x00000000e18910f8,0x00000000e2980000)
 Metaspace       used 7125K, capacity 7380K, committed 7680K, reserved 1056768K
  class space    used 897K, capacity 912K, committed 1024K, reserved 1048576K
}
Event: 6.547 GC heap before
{Heap before GC invocations=5 (full 0):
 PSYoungGen      total 34304K, used 34272K [0x00000000f5580000, 0x00000000f7980000, 0x0000000100000000)
  eden space 31744K, 100% used [0x00000000f5580000,0x00000000f7480000,0x00000000f7480000)
  from space 2560K, 98% used [0x00000000f7700000,0x00000000f7978020,0x00000000f7980000)
  to   space 2560K, 0% used [0x00000000f7480000,0x00000000f7480000,0x00000000f7700000)
 ParOldGen       total 42496K, used 25156K [0x00000000e0000000, 0x00000000e2980000, 0x00000000f5580000)
  object space 42496K, 59% used [0x00000000e0000000,0x00000000e18910f8,0x00000000e2980000)
 Metaspace       used 12138K, capacity 12316K, committed 12416K, reserved 1060864K
  class space    used 1530K, capacity 1604K, committed 1664K, reserved 1048576K
Event: 6.572 GC heap after
Heap after GC invocations=5 (full 0):
 PSYoungGen      total 34304K, used 2528K [0x00000000f5580000, 0x00000000fb580000, 0x0000000100000000)
  eden space 31744K, 0% used [0x00000000f5580000,0x00000000f5580000,0x00000000f7480000)
  from space 2560K, 98% used [0x00000000f7480000,0x00000000f76f8020,0x00000000f7700000)
  to   space 17408K, 0% used [0x00000000fa480000,0x00000000fa480000,0x00000000fb580000)
 ParOldGen       total 42496K, used 35895K [0x00000000e0000000, 0x00000000e2980000, 0x00000000f5580000)
  object space 42496K, 84% used [0x00000000e0000000,0x00000000e230de88,0x00000000e2980000)
 Metaspace       used 12138K, capacity 12316K, committed 12416K, reserved 1060864K
  class space    used 1530K, capacity 1604K, committed 1664K, reserved 1048576K
}
Event: 6.572 GC heap before
{Heap before GC invocations=6 (full 1):
 PSYoungGen      total 34304K, used 2528K [0x00000000f5580000, 0x00000000fb580000, 0x0000000100000000)
  eden space 31744K, 0% used [0x00000000f5580000,0x00000000f5580000,0x00000000f7480000)
  from space 2560K, 98% used [0x00000000f7480000,0x00000000f76f8020,0x00000000f7700000)
  to   space 17408K, 0% used [0x00000000fa480000,0x00000000fa480000,0x00000000fb580000)
 ParOldGen       total 42496K, used 35895K [0x00000000e0000000, 0x00000000e2980000, 0x00000000f5580000)
  object space 42496K, 84% used [0x00000000e0000000,0x00000000e230de88,0x00000000e2980000)
 Metaspace       used 12138K, capacity 12316K, committed 12416K, reserved 1060864K
  class space    used 1530K, capacity 1604K, committed 1664K, reserved 1048576K
Event: 6.622 GC heap after
Heap after GC invocations=6 (full 1):
 PSYoungGen      total 34304K, used 0K [0x00000000f5580000, 0x00000000fb580000, 0x0000000100000000)
  eden space 31744K, 0% used [0x00000000f5580000,0x00000000f5580000,0x00000000f7480000)
  from space 2560K, 0% used [0x00000000f7480000,0x00000000f7480000,0x00000000f7700000)
  to   space 17408K, 0% used [0x00000000fa480000,0x00000000fa480000,0x00000000fb580000)
 ParOldGen       total 40960K, used 7833K [0x00000000e0000000, 0x00000000e2800000, 0x00000000f5580000)
  object space 40960K, 19% used [0x00000000e0000000,0x00000000e07a6650,0x00000000e2800000)
 Metaspace       used 12138K, capacity 12316K, committed 12416K, reserved 1060864K
  class space    used 1530K, capacity 1604K, committed 1664K, reserved 1048576K
}
Event: 7.295 GC heap before
{Heap before GC invocations=7 (full 1):
 PSYoungGen      total 34304K, used 31744K [0x00000000f5580000, 0x00000000fb580000, 0x0000000100000000)
  eden space 31744K, 100% used [0x00000000f5580000,0x00000000f7480000,0x00000000f7480000)
  from space 2560K, 0% used [0x00000000f7480000,0x00000000f7480000,0x00000000f7700000)
  to   space 17408K, 0% used [0x00000000fa480000,0x00000000fa480000,0x00000000fb580000)
 ParOldGen       total 40960K, used 7833K [0x00000000e0000000, 0x00000000e2800000, 0x00000000f5580000)
  object space 40960K, 19% used [0x00000000e0000000,0x00000000e07a6650,0x00000000e2800000)
 Metaspace       used 14091K, capacity 14474K, committed 14720K, reserved 1062912K
  class space    used 1723K, capacity 1841K, committed 1920K, reserved 1048576K
Event: 7.314 GC heap after
Heap after GC invocations=7 (full 1):
 PSYoungGen      total 74752K, used 4513K [0x00000000f5580000, 0x00000000fb300000, 0x0000000100000000)
  eden space 59904K, 0% used [0x00000000f5580000,0x00000000f5580000,0x00000000f9000000)
  from space 14848K, 30% used [0x00000000fa480000,0x00000000fa8e86e8,0x00000000fb300000)
  to   space 17920K, 0% used [0x00000000f9000000,0x00000000f9000000,0x00000000fa180000)
 ParOldGen       total 40960K, used 7841K [0x00000000e0000000, 0x00000000e2800000, 0x00000000f5580000)
  object space 40960K, 19% used [0x00000000e0000000,0x00000000e07a8650,0x00000000e2800000)
 Metaspace       used 14091K, capacity 14474K, committed 14720K, reserved 1062912K
  class space    used 1723K, capacity 1841K, committed 1920K, reserved 1048576K
}
Event: 7.902 GC heap before
{Heap before GC invocations=8 (full 1):
 PSYoungGen      total 74752K, used 64417K [0x00000000f5580000, 0x00000000fb300000, 0x0000000100000000)
  eden space 59904K, 100% used [0x00000000f5580000,0x00000000f9000000,0x00000000f9000000)
  from space 14848K, 30% used [0x00000000fa480000,0x00000000fa8e86e8,0x00000000fb300000)
  to   space 17920K, 0% used [0x00000000f9000000,0x00000000f9000000,0x00000000fa180000)
 ParOldGen       total 40960K, used 7841K [0x00000000e0000000, 0x00000000e2800000, 0x00000000f5580000)
  object space 40960K, 19% used [0x00000000e0000000,0x00000000e07a8650,0x00000000e2800000)
 Metaspace       used 14460K, capacity 14886K, committed 14976K, reserved 1062912K
  class space    used 1757K, capacity 1883K, committed 1920K, reserved 1048576K
Event: 7.953 GC heap after
Heap after GC invocations=8 (full 1):
 PSYoungGen      total 77824K, used 17912K [0x00000000f5580000, 0x00000000ff680000, 0x0000000100000000)
  eden space 59904K, 0% used [0x00000000f5580000,0x00000000f5580000,0x00000000f9000000)
  from space 17920K, 99% used [0x00000000f9000000,0x00000000fa17e090,0x00000000fa180000)
  to   space 25600K, 0% used [0x00000000fdd80000,0x00000000fdd80000,0x00000000ff680000)
 ParOldGen       total 40960K, used 17023K [0x00000000e0000000, 0x00000000e2800000, 0x00000000f5580000)
  object space 40960K, 41% used [0x00000000e0000000,0x00000000e109fe68,0x00000000e2800000)
 Metaspace       used 14460K, capacity 14886K, committed 14976K, reserved 1062912K
  class space    used 1757K, capacity 1883K, committed 1920K, reserved 1048576K
}
Event: 8.519 GC heap before
{Heap before GC invocations=9 (full 1):
 PSYoungGen      total 77824K, used 77816K [0x00000000f5580000, 0x00000000ff680000, 0x0000000100000000)
  eden space 59904K, 100% used [0x00000000f5580000,0x00000000f9000000,0x00000000f9000000)
  from space 17920K, 99% used [0x00000000f9000000,0x00000000fa17e090,0x00000000fa180000)
  to   space 25600K, 0% used [0x00000000fdd80000,0x00000000fdd80000,0x00000000ff680000)
 ParOldGen       total 40960K, used 17023K [0x00000000e0000000, 0x00000000e2800000, 0x00000000f5580000)
  object space 40960K, 41% used [0x00000000e0000000,0x00000000e109fe68,0x00000000e2800000)
 Metaspace       used 14886K, capacity 15274K, committed 15616K, reserved 1062912K
  class space    used 1802K, capacity 1921K, committed 2048K, reserved 1048576K

Deoptimization events (10 events):
Event: 7.037 Thread 0x00007fde8c0ea000 Uncommon trap: reason=null_check action=make_not_entrant pc=0x00007fde7c094c90 method=com.google.gwt.thirdparty.guava.common.collect.MapMakerInternalMap$Segment.reclaimKey(Lcom/google/gwt/thirdparty/guava/common/collect/MapMakerInternalMap$ReferenceEntry;
Event: 7.459 Thread 0x00007fde8c00b800 Uncommon trap: reason=unstable_if action=reinterpret pc=0x00007fde7c2e2fac method=java.io.BufferedInputStream.read1([BII)I @ 22
Event: 7.506 Thread 0x00007fde8c29e800 Uncommon trap: reason=unstable_if action=reinterpret pc=0x00007fde7c2deeb0 method=java.io.BufferedInputStream.read1([BII)I @ 22
Event: 8.105 Thread 0x00007fde8c0f4800 Uncommon trap: reason=unstable_if action=reinterpret pc=0x00007fde7c2aa79c method=java.lang.String.regionMatches(ZILjava/lang/String;II)Z @ 123
Event: 8.282 Thread 0x00007fde8c00b800 Uncommon trap: reason=predicate action=maybe_recompile pc=0x00007fde7c0b5084 method=com.google.gwt.dev.util.collect.HashMap.findKey(Ljava/lang/Object;)I @ 19
Event: 8.333 Thread 0x00007fde8c29e800 Uncommon trap: reason=class_check action=maybe_recompile pc=0x00007fde7c3fd05c method=com.google.gwt.dev.resource.impl.PathPrefix.getJudgement(Ljava/lang/String;)Lcom/google/gwt/dev/resource/impl/PathPrefix$Judgement; @ 107
Event: 8.365 Thread 0x00007fde8c00b800 Uncommon trap: reason=class_check action=maybe_recompile pc=0x00007fde7c3fd05c method=com.google.gwt.dev.resource.impl.PathPrefix.getJudgement(Ljava/lang/String;)Lcom/google/gwt/dev/resource/impl/PathPrefix$Judgement; @ 107
Event: 8.366 Thread 0x00007fde8c00b800 Uncommon trap: reason=class_check action=maybe_recompile pc=0x00007fde7c3fd05c method=com.google.gwt.dev.resource.impl.PathPrefix.getJudgement(Ljava/lang/String;)Lcom/google/gwt/dev/resource/impl/PathPrefix$Judgement; @ 107
Event: 8.366 Thread 0x00007fde8c00b800 Uncommon trap: reason=class_check action=maybe_recompile pc=0x00007fde7c3fd05c method=com.google.gwt.dev.resource.impl.PathPrefix.getJudgement(Ljava/lang/String;)Lcom/google/gwt/dev/resource/impl/PathPrefix$Judgement; @ 107
Event: 8.376 Thread 0x00007fde8c00b800 Uncommon trap: reason=unstable_if action=reinterpret pc=0x00007fde7c166cc0 method=com.google.gwt.dev.util.collect.HashMap.ensureSizeFor(I)Z @ 107

Internal exceptions (10 events):
Event: 7.569 Thread 0x00007fde8c0ea000 Exception <a 'java/lang/NoSuchMethodError': <clinit>> (0x00000000f68746f8) thrown at [/HUDSON/workspace/8-2-build-linux-amd64/jdk8u91/6644/hotspot/src/share/vm/prims/jni.cpp, line 1613]
Event: 7.656 Thread 0x00007fde8c0ea000 Exception <a 'java/lang/NoSuchMethodError': <clinit>> (0x00000000f7182d18) thrown at [/HUDSON/workspace/8-2-build-linux-amd64/jdk8u91/6644/hotspot/src/share/vm/prims/jni.cpp, line 1613]
Event: 7.664 Thread 0x00007fde8c0ea000 Exception <a 'java/lang/NoSuchMethodError': <clinit>> (0x00000000f73c5d20) thrown at [/HUDSON/workspace/8-2-build-linux-amd64/jdk8u91/6644/hotspot/src/share/vm/prims/jni.cpp, line 1613]
Event: 7.714 Thread 0x00007fde8c0ea000 Exception <a 'java/lang/NoSuchMethodError': <clinit>> (0x00000000f7886528) thrown at [/HUDSON/workspace/8-2-build-linux-amd64/jdk8u91/6644/hotspot/src/share/vm/prims/jni.cpp, line 1613]
Event: 8.009 Thread 0x00007fde8c0ea000 Exception <a 'java/lang/NoSuchMethodError': <clinit>> (0x00000000f5cc2fe8) thrown at [/HUDSON/workspace/8-2-build-linux-amd64/jdk8u91/6644/hotspot/src/share/vm/prims/jni.cpp, line 1613]
Event: 8.011 Thread 0x00007fde8c0ea000 Exception <a 'java/lang/NoSuchMethodError': <clinit>> (0x00000000f5cd8a40) thrown at [/HUDSON/workspace/8-2-build-linux-amd64/jdk8u91/6644/hotspot/src/share/vm/prims/jni.cpp, line 1613]
Event: 8.015 Thread 0x00007fde8c0ea000 Exception <a 'java/lang/NoSuchMethodError': <clinit>> (0x00000000f5ce4478) thrown at [/HUDSON/workspace/8-2-build-linux-amd64/jdk8u91/6644/hotspot/src/share/vm/prims/jni.cpp, line 1613]
Event: 8.018 Thread 0x00007fde8c0ea000 Exception <a 'java/lang/NoSuchMethodError': <clinit>> (0x00000000f5cfe3c0) thrown at [/HUDSON/workspace/8-2-build-linux-amd64/jdk8u91/6644/hotspot/src/share/vm/prims/jni.cpp, line 1613]
Event: 8.062 Thread 0x00007fde8c0ea000 Exception <a 'java/lang/NoSuchMethodError': <clinit>> (0x00000000f5f40368) thrown at [/HUDSON/workspace/8-2-build-linux-amd64/jdk8u91/6644/hotspot/src/share/vm/prims/jni.cpp, line 1613]
Event: 8.471 Thread 0x00007fde8c0ea000 Exception <a 'java/lang/NoSuchMethodError': <clinit>> (0x00000000f8cd14c8) thrown at [/HUDSON/workspace/8-2-build-linux-amd64/jdk8u91/6644/hotspot/src/share/vm/prims/jni.cpp, line 1613]

Events (10 events):
Event: 8.487 loading class com/google/gwt/thirdparty/guava/common/io/CharSink done
Event: 8.487 loading class com/google/gwt/thirdparty/guava/common/io/CharStreams$4
Event: 8.487 loading class com/google/gwt/thirdparty/guava/common/io/CharStreams$4 done
Event: 8.488 loading class com/google/gwt/thirdparty/guava/common/io/LineReader
Event: 8.488 loading class com/google/gwt/thirdparty/guava/common/io/LineReader done
Event: 8.489 loading class com/google/gwt/thirdparty/guava/common/io/LineBuffer
Event: 8.489 loading class com/google/gwt/thirdparty/guava/common/io/LineBuffer done
Event: 8.489 loading class com/google/gwt/thirdparty/guava/common/io/LineReader$1
Event: 8.489 loading class com/google/gwt/thirdparty/guava/common/io/LineReader$1 done
Event: 8.517 Executing VM operation: ParallelGCFailedAllocation


Dynamic libraries:
00400000-00401000 r-xp 00000000 08:01 17694768                           /usr/lib/jvm/java-8-oracle/bin/java
00600000-00601000 rw-p 00000000 08:01 17694768                           /usr/lib/jvm/java-8-oracle/bin/java
015a2000-015c3000 rw-p 00000000 00:00 0                                  [heap]
e0000000-e2800000 rw-p 00000000 00:00 0 
e2800000-f5580000 ---p 00000000 00:00 0 
f5580000-ff680000 rw-p 00000000 00:00 0 
ff680000-100000000 ---p 00000000 00:00 0 
100000000-100200000 rw-p 00000000 00:00 0 
100200000-140000000 ---p 00000000 00:00 0 
7fde1c000000-7fde1c021000 rw-p 00000000 00:00 0 
7fde1c021000-7fde20000000 ---p 00000000 00:00 0 
7fde24000000-7fde24021000 rw-p 00000000 00:00 0 
7fde24021000-7fde28000000 ---p 00000000 00:00 0 
7fde28000000-7fde280fd000 rw-p 00000000 00:00 0 
7fde280fd000-7fde2c000000 ---p 00000000 00:00 0 
7fde2c000000-7fde2c159000 rw-p 00000000 00:00 0 
7fde2c159000-7fde30000000 ---p 00000000 00:00 0 
7fde30000000-7fde3024b000 rw-p 00000000 00:00 0 
7fde3024b000-7fde34000000 ---p 00000000 00:00 0 
7fde34000000-7fde34047000 rw-p 00000000 00:00 0 
7fde34047000-7fde38000000 ---p 00000000 00:00 0 
7fde38000000-7fde38021000 rw-p 00000000 00:00 0 
7fde38021000-7fde3c000000 ---p 00000000 00:00 0 
7fde3c000000-7fde3c021000 rw-p 00000000 00:00 0 
7fde3c021000-7fde40000000 ---p 00000000 00:00 0 
7fde40000000-7fde40021000 rw-p 00000000 00:00 0 
7fde40021000-7fde44000000 ---p 00000000 00:00 0 
7fde44000000-7fde44f49000 rw-p 00000000 00:00 0 
7fde44f49000-7fde48000000 ---p 00000000 00:00 0 
7fde48000000-7fde48702000 rw-p 00000000 00:00 0 
7fde48702000-7fde4c000000 ---p 00000000 00:00 0 
7fde4c000000-7fde4c021000 rw-p 00000000 00:00 0 
7fde4c021000-7fde50000000 ---p 00000000 00:00 0 
7fde50000000-7fde50cc2000 rw-p 00000000 00:00 0 
7fde50cc2000-7fde54000000 ---p 00000000 00:00 0 
7fde54000000-7fde54021000 rw-p 00000000 00:00 0 
7fde54021000-7fde58000000 ---p 00000000 00:00 0 
7fde58000000-7fde58021000 rw-p 00000000 00:00 0 
7fde58021000-7fde5c000000 ---p 00000000 00:00 0 
7fde5c000000-7fde5c021000 rw-p 00000000 00:00 0 
7fde5c021000-7fde60000000 ---p 00000000 00:00 0 
7fde60000000-7fde60152000 rw-p 00000000 00:00 0 
7fde60152000-7fde64000000 ---p 00000000 00:00 0 
7fde64000000-7fde6428c000 rw-p 00000000 00:00 0 
7fde6428c000-7fde68000000 ---p 00000000 00:00 0 
7fde6c000000-7fde6c021000 rw-p 00000000 00:00 0 
7fde6c021000-7fde70000000 ---p 00000000 00:00 0 
7fde72206000-7fde72207000 rw-p 00000000 00:00 0 
7fde72207000-7fde7220a000 ---p 00000000 00:00 0 
7fde7220a000-7fde72448000 rw-p 00000000 00:00 0 
7fde72448000-7fde72508000 ---p 00000000 00:00 0 
7fde72508000-7fde7251f000 r-xp 00000000 08:01 7868649                    /lib/x86_64-linux-gnu/libresolv-2.19.so
7fde7251f000-7fde7271f000 ---p 00017000 08:01 7868649                    /lib/x86_64-linux-gnu/libresolv-2.19.so
7fde7271f000-7fde72720000 r--p 00017000 08:01 7868649                    /lib/x86_64-linux-gnu/libresolv-2.19.so
7fde72720000-7fde72721000 rw-p 00018000 08:01 7868649                    /lib/x86_64-linux-gnu/libresolv-2.19.so
7fde72721000-7fde72723000 rw-p 00000000 00:00 0 
7fde72723000-7fde72728000 r-xp 00000000 08:01 7871514                    /lib/x86_64-linux-gnu/libnss_dns-2.19.so
7fde72728000-7fde72927000 ---p 00005000 08:01 7871514                    /lib/x86_64-linux-gnu/libnss_dns-2.19.so
7fde72927000-7fde72928000 r--p 00004000 08:01 7871514                    /lib/x86_64-linux-gnu/libnss_dns-2.19.so
7fde72928000-7fde72929000 rw-p 00005000 08:01 7871514                    /lib/x86_64-linux-gnu/libnss_dns-2.19.so
7fde72929000-7fde7292b000 r-xp 00000000 08:01 7868708                    /lib/x86_64-linux-gnu/libnss_mdns4_minimal.so.2
7fde7292b000-7fde72b2a000 ---p 00002000 08:01 7868708                    /lib/x86_64-linux-gnu/libnss_mdns4_minimal.so.2
7fde72b2a000-7fde72b2b000 r--p 00001000 08:01 7868708                    /lib/x86_64-linux-gnu/libnss_mdns4_minimal.so.2
7fde72b2b000-7fde72b2c000 rw-p 00002000 08:01 7868708                    /lib/x86_64-linux-gnu/libnss_mdns4_minimal.so.2
7fde72b2c000-7fde72d2c000 rw-p 00000000 00:00 0 
7fde72d2c000-7fde72f2c000 rw-p 00000000 00:00 0 
7fde72f2c000-7fde72f2f000 ---p 00000000 00:00 0 
7fde72f2f000-7fde7302d000 rw-p 00000000 00:00 0 
7fde7302d000-7fde73030000 ---p 00000000 00:00 0 
7fde73030000-7fde7312e000 rw-p 00000000 00:00 0 
7fde7312e000-7fde73131000 ---p 00000000 00:00 0 
7fde73131000-7fde7322f000 rw-p 00000000 00:00 0 
7fde7322f000-7fde73235000 r--s 0003f000 08:01 17703798                   /usr/lib/jvm/java-8-oracle/jre/lib/ext/sunjce_provider.jar
7fde73235000-7fde73236000 r--s 0000a000 08:01 17703796                   /usr/lib/jvm/java-8-oracle/jre/lib/ext/jaccess.jar
7fde73236000-7fde73251000 r--s 001d5000 08:01 17703795                   /usr/lib/jvm/java-8-oracle/jre/lib/ext/nashorn.jar
7fde73251000-7fde73252000 r--s 00010000 08:01 17703794                   /usr/lib/jvm/java-8-oracle/jre/lib/ext/zipfs.jar
7fde73252000-7fde73254000 r--s 00001000 08:01 17703793                   /usr/lib/jvm/java-8-oracle/jre/lib/ext/dnsns.jar
7fde73254000-7fde732e9000 r--s 01103000 08:01 17703792                   /usr/lib/jvm/java-8-oracle/jre/lib/ext/jfxrt.jar
7fde732e9000-7fde732ed000 r--s 0003a000 08:01 17703791                   /usr/lib/jvm/java-8-oracle/jre/lib/ext/sunpkcs11.jar
7fde732ed000-7fde732f1000 r--s 00097000 08:01 17703687                   /usr/lib/jvm/java-8-oracle/jre/lib/jsse.jar
7fde732f1000-7fde732fb000 r--s 00116000 08:01 17703790                   /usr/lib/jvm/java-8-oracle/jre/lib/ext/localedata.jar
7fde732fb000-7fde73317000 r--s 00393000 08:01 17703789                   /usr/lib/jvm/java-8-oracle/jre/lib/ext/cldrdata.jar
7fde73317000-7fde73318000 r--s 00009000 08:01 17703788                   /usr/lib/jvm/java-8-oracle/jre/lib/ext/sunec.jar
7fde73318000-7fde7331c000 r--s 00019000 08:01 1316092                    /home/sumit/java/GWTProject/AssetMS/LoginDemo (2)/war/WEB-INF/lib/log4j-gwt.jar
7fde7331c000-7fde7332d000 r--s 00090000 08:01 1316014                    /home/sumit/java/GWTProject/AssetMS/LoginDemo (2)/war/WEB-INF/lib/spring-context-3.0.2.RELEASE.jar
7fde7332d000-7fde73330000 r--s 0000b000 08:01 1316016                    /home/sumit/java/GWTProject/AssetMS/LoginDemo (2)/war/WEB-INF/lib/com.springsource.org.apache.commons.fileupload-1.2.0.jar
7fde73330000-7fde73336000 r--s 00046000 08:01 1316018                    /home/sumit/java/GWTProject/AssetMS/LoginDemo (2)/war/WEB-INF/lib/com.springsource.org.apache.commons.httpclient-3.1.0.jar
7fde73336000-7fde7333c000 r--s 0003c000 08:01 1316021                    /home/sumit/java/GWTProject/AssetMS/LoginDemo (2)/war/WEB-INF/lib/com.springsource.org.codehaus.jackson.mapper-1.0.0.jar
7fde7333c000-7fde7333e000 r--s 0000c000 08:01 1316023                    /home/sumit/java/GWTProject/AssetMS/LoginDemo (2)/war/WEB-INF/lib/org.springframework.oxm-3.0.1.RELEASE-A.jar
7fde7333e000-7fde73343000 r--s 00026000 08:01 1316025                    /home/sumit/java/GWTProject/AssetMS/LoginDemo (2)/war/WEB-INF/lib/org.springframework.web.portlet-3.0.1.RELEASE-A.jar
7fde73343000-7fde7334c000 r--s 00059000 08:01 1316028                    /home/sumit/java/GWTProject/AssetMS/LoginDemo (2)/war/WEB-INF/lib/org.springframework.web.servlet-3.0.1.RELEASE-A.jar
7fde7334c000-7fde7334e000 r--s 00082000 08:01 1316029                    /home/sumit/java/GWTProject/AssetMS/LoginDemo (2)/war/WEB-INF/lib/org.springframework.web.struts-3.0.1.RELEASE-A.jar
7fde7334e000-7fde73357000 r--s 0004f000 08:01 1316024                    /home/sumit/java/GWTProject/AssetMS/LoginDemo (2)/war/WEB-INF/lib/org.springframework.web-3.0.1.RELEASE-A.jar
7fde73357000-7fde7335d000 r--s 0004a000 08:01 13895326                   /home/sumit/java/aop/com.springsource.net.sf.cglib-2.2.0.jar
7fde7335d000-7fde7335f000 r--s 00000000 08:01 13895327                   /home/sumit/java/aop/com.springsource.org.aopalliance-1.0.0.jar
7fde7335f000-7fde73374000 r--s 0017c000 08:01 13895328                   /home/sumit/java/aop/com.springsource.org.aspectj.weaver-1.6.8.RELEASE.jar
7fde73374000-7fde7337d000 r--s 00046000 08:01 13895329                   /home/sumit/java/aop/org.springframework.aop-3.0.1.RELEASE-A.jar
7fde7337d000-7fde7337f000 r--s 00006000 08:01 13895330                   /home/sumit/java/aop/org.springframework.aspects-3.0.1.RELEASE-A.jar
7fde7337f000-7fde73380000 r--s 00001000 08:01 13895331                   /home/sumit/java/aop/org.springframework.instrument.tomcat-3.0.1.RELEASE-A.jar
7fde73380000-7fde7338a000 r--s 00053000 08:01 14158624                   /home/sumit/java/persistCore/org.springframework.jdbc-3.0.1.RELEASE-A.jar
7fde7338a000-7fde73392000 r--s 00049000 08:01 14158625                   /home/sumit/java/persistCore/org.springframework.orm-3.0.1.RELEASE-A.jar
7fde73392000-7fde73399000 r--s 00031000 08:01 14158626                   /home/sumit/java/persistCore/org.springframework.transaction-3.0.1.RELEASE-A.jar
7fde73399000-7fde7339e000 r--s 0000d000 08:01 14158659                   /home/sumit/java/persistCore/persistence.jar
7fde7339e000-7fde733a9000 r--s 0008c000 08:01 14158661                   /home/sumit/java/persistJdbc/com.springsource.com.mchange.v2.c3p0-0.9.1.2.jar
7fde733a9000-7fde733ad000 r--s 0003d000 08:01 14158662                   /home/sumit/java/persistJdbc/com.springsource.org.apache.commons.lang-2.4.0.jar
7fde733ad000-7fde733af000 r--s 00016000 08:01 14158666                   /home/sumit/java/persistJdbc/com.springsource.org.apache.commons.pool-1.5.3.jar
7fde733af000-7fde733b2000 ---p 00000000 00:00 0 
7fde733b2000-7fde734b0000 rw-p 00000000 00:00 0 
7fde734b0000-7fde734b3000 ---p 00000000 00:00 0 
7fde734b3000-7fde735b1000 rw-p 00000000 00:00 0 
7fde735b1000-7fde735b4000 ---p 00000000 00:00 0 
7fde735b4000-7fde736b2000 rw-p 00000000 00:00 0 
7fde736b2000-7fde736c8000 r-xp 00000000 08:01 17703762                   /usr/lib/jvm/java-8-oracle/jre/lib/amd64/libnet.so
7fde736c8000-7fde738c8000 ---p 00016000 08:01 17703762                   /usr/lib/jvm/java-8-oracle/jre/lib/amd64/libnet.so
7fde738c8000-7fde738c9000 rw-p 00016000 08:01 17703762                   /usr/lib/jvm/java-8-oracle/jre/lib/amd64/libnet.so
7fde738c9000-7fde73acc000 r--s 022ba000 08:01 14419835                   /home/sumit/java/eclipse/plugins/com.google.gwt.eclipse.sdkbundle_2.7.0/gwt-2.7.0/gwt-dev.jar
7fde73acc000-7fde73bfc000 r--s 01d5b000 08:01 14419894                   /home/sumit/java/eclipse/plugins/com.google.gwt.eclipse.sdkbundle_2.7.0/gwt-2.7.0/gwt-user.jar
7fde73bfc000-7fde73bfd000 ---p 00000000 00:00 0 
7fde73bfd000-7fde73cfd000 rw-p 00000000 00:00 0 
7fde73cfd000-7fde73d00000 ---p 00000000 00:00 0 
7fde73d00000-7fde73dfe000 rw-p 00000000 00:00 0 
7fde73dfe000-7fde73e01000 ---p 00000000 00:00 0 
7fde73e01000-7fde73eff000 rw-p 00000000 00:00 0 
7fde73eff000-7fde73f02000 ---p 00000000 00:00 0 
7fde73f02000-7fde74000000 rw-p 00000000 00:00 0 
7fde74000000-7fde74021000 rw-p 00000000 00:00 0 
7fde74021000-7fde78000000 ---p 00000000 00:00 0 
7fde78000000-7fde78002000 r--s 0001c000 08:01 14158668                   /home/sumit/java/persistJdbc/commons-dbcp.jar
7fde78002000-7fde78005000 r--s 0001c000 08:01 14158669                   /home/sumit/java/persistJdbc/jotm.jar
7fde78005000-7fde78007000 r--s 00015000 08:01 14158942                   /home/sumit/java/persistJdbc/xapool.jar
7fde78007000-7fde78009000 r--s 0000e000 08:01 14287808                   /home/sumit/java/spcorejars/com.springsource.org.apache.commons.logging-1.1.1.jar
7fde78009000-7fde78010000 r--s 0005a000 08:01 14290404                   /home/sumit/java/spcorejars/com.springsource.org.apache.log4j-1.2.15.jar
7fde78010000-7fde78012000 r--s 00017000 08:01 14290422                   /home/sumit/java/spcorejars/jmxtools-1.2.1.jar
7fde78012000-7fde7801d000 r--s 0007b000 08:01 14291895                   /home/sumit/java/spcorejars/org.springframework.beans-3.0.1.RELEASE-A.jar
7fde7801d000-7fde7802e000 r--s 00090000 08:01 14291897                   /home/sumit/java/spcorejars/org.springframework.context-3.0.1.RELEASE-A.jar
7fde7802e000-7fde78036000 r--s 0004f000 08:01 14291898                   /home/sumit/java/spcorejars/org.springframework.core-3.0.1.RELEASE-A.jar
7fde78036000-7fde7803a000 r--s 00023000 08:01 14291901                   /home/sumit/java/spcorejars/org.springframework.expression-3.0.1.RELEASE-A.jar
7fde7803a000-7fde780b9000 rw-p 00000000 00:00 0 
7fde780b9000-7fde780bc000 ---p 00000000 00:00 0 
7fde780bc000-7fde781ba000 rw-p 00000000 00:00 0 
7fde781ba000-7fde781bd000 ---p 00000000 00:00 0 
7fde781bd000-7fde782bb000 rw-p 00000000 00:00 0 
7fde782bb000-7fde7899d000 r--p 00000000 08:01 17308283                   /usr/lib/locale/locale-archive
7fde7899d000-7fde789a0000 ---p 00000000 00:00 0 
7fde789a0000-7fde78a9e000 rw-p 00000000 00:00 0 
7fde78a9e000-7fde78aa1000 ---p 00000000 00:00 0 
7fde78aa1000-7fde78b9f000 rw-p 00000000 00:00 0 
7fde78b9f000-7fde78ba0000 ---p 00000000 00:00 0 
7fde78ba0000-7fde79c54000 rw-p 00000000 00:00 0 
7fde79c54000-7fde79e2d000 r--s 03d1f000 08:01 17703810                   /usr/lib/jvm/java-8-oracle/jre/lib/rt.jar
7fde79e2d000-7fde7b7a3000 rw-p 00000000 00:00 0 
7fde7b7a3000-7fde7b7a4000 ---p 00000000 00:00 0 
7fde7b7a4000-7fde7b8a4000 rw-p 00000000 00:00 0 
7fde7b8a4000-7fde7b8a5000 ---p 00000000 00:00 0 
7fde7b8a5000-7fde7b9a5000 rw-p 00000000 00:00 0 
7fde7b9a5000-7fde7b9a6000 ---p 00000000 00:00 0 
7fde7b9a6000-7fde7baa6000 rw-p 00000000 00:00 0 
7fde7baa6000-7fde7baa7000 ---p 00000000 00:00 0 
7fde7baa7000-7fde7bbbb000 rw-p 00000000 00:00 0 
7fde7bbbb000-7fde7bf67000 ---p 00000000 00:00 0 
7fde7bf67000-7fde7c457000 rwxp 00000000 00:00 0 
7fde7c457000-7fde8af67000 ---p 00000000 00:00 0 
7fde8af67000-7fde8af81000 r-xp 00000000 08:01 17703739                   /usr/lib/jvm/java-8-oracle/jre/lib/amd64/libzip.so
7fde8af81000-7fde8b181000 ---p 0001a000 08:01 17703739                   /usr/lib/jvm/java-8-oracle/jre/lib/amd64/libzip.so
7fde8b181000-7fde8b182000 rw-p 0001a000 08:01 17703739                   /usr/lib/jvm/java-8-oracle/jre/lib/amd64/libzip.so
7fde8b182000-7fde8b18c000 r-xp 00000000 08:01 7871520                    /lib/x86_64-linux-gnu/libnss_files-2.19.so
7fde8b18c000-7fde8b38b000 ---p 0000a000 08:01 7871520                    /lib/x86_64-linux-gnu/libnss_files-2.19.so
7fde8b38b000-7fde8b38c000 r--p 00009000 08:01 7871520                    /lib/x86_64-linux-gnu/libnss_files-2.19.so
7fde8b38c000-7fde8b38d000 rw-p 0000a000 08:01 7871520                    /lib/x86_64-linux-gnu/libnss_files-2.19.so
7fde8b38d000-7fde8b398000 r-xp 00000000 08:01 7871512                    /lib/x86_64-linux-gnu/libnss_nis-2.19.so
7fde8b398000-7fde8b597000 ---p 0000b000 08:01 7871512                    /lib/x86_64-linux-gnu/libnss_nis-2.19.so
7fde8b597000-7fde8b598000 r--p 0000a000 08:01 7871512                    /lib/x86_64-linux-gnu/libnss_nis-2.19.so
7fde8b598000-7fde8b599000 rw-p 0000b000 08:01 7871512                    /lib/x86_64-linux-gnu/libnss_nis-2.19.so
7fde8b599000-7fde8b5b0000 r-xp 00000000 08:01 7871508                    /lib/x86_64-linux-gnu/libnsl-2.19.so
7fde8b5b0000-7fde8b7af000 ---p 00017000 08:01 7871508                    /lib/x86_64-linux-gnu/libnsl-2.19.so
7fde8b7af000-7fde8b7b0000 r--p 00016000 08:01 7871508                    /lib/x86_64-linux-gnu/libnsl-2.19.so
7fde8b7b0000-7fde8b7b1000 rw-p 00017000 08:01 7871508                    /lib/x86_64-linux-gnu/libnsl-2.19.so
7fde8b7b1000-7fde8b7b3000 rw-p 00000000 00:00 0 
7fde8b7b3000-7fde8b7bc000 r-xp 00000000 08:01 7871507                    /lib/x86_64-linux-gnu/libnss_compat-2.19.so
7fde8b7bc000-7fde8b9bb000 ---p 00009000 08:01 7871507                    /lib/x86_64-linux-gnu/libnss_compat-2.19.so
7fde8b9bb000-7fde8b9bc000 r--p 00008000 08:01 7871507                    /lib/x86_64-linux-gnu/libnss_compat-2.19.so
7fde8b9bc000-7fde8b9bd000 rw-p 00009000 08:01 7871507                    /lib/x86_64-linux-gnu/libnss_compat-2.19.so
7fde8b9bd000-7fde8b9e7000 r-xp 00000000 08:01 17703732                   /usr/lib/jvm/java-8-oracle/jre/lib/amd64/libjava.so
7fde8b9e7000-7fde8bbe7000 ---p 0002a000 08:01 17703732                   /usr/lib/jvm/java-8-oracle/jre/lib/amd64/libjava.so
7fde8bbe7000-7fde8bbe9000 rw-p 0002a000 08:01 17703732                   /usr/lib/jvm/java-8-oracle/jre/lib/amd64/libjava.so
7fde8bbe9000-7fde8bbf6000 r-xp 00000000 08:01 17703766                   /usr/lib/jvm/java-8-oracle/jre/lib/amd64/libverify.so
7fde8bbf6000-7fde8bdf6000 ---p 0000d000 08:01 17703766                   /usr/lib/jvm/java-8-oracle/jre/lib/amd64/libverify.so
7fde8bdf6000-7fde8bdf8000 rw-p 0000d000 08:01 17703766                   /usr/lib/jvm/java-8-oracle/jre/lib/amd64/libverify.so
7fde8bdf8000-7fde8bdff000 r-xp 00000000 08:01 7871516                    /lib/x86_64-linux-gnu/librt-2.19.so
7fde8bdff000-7fde8bffe000 ---p 00007000 08:01 7871516                    /lib/x86_64-linux-gnu/librt-2.19.so
7fde8bffe000-7fde8bfff000 r--p 00006000 08:01 7871516                    /lib/x86_64-linux-gnu/librt-2.19.so
7fde8bfff000-7fde8c000000 rw-p 00007000 08:01 7871516                    /lib/x86_64-linux-gnu/librt-2.19.so
7fde8c000000-7fde8c3e0000 rw-p 00000000 00:00 0 
7fde8c3e0000-7fde90000000 ---p 00000000 00:00 0 
7fde90000000-7fde9000a000 r--s 000e7000 08:01 13775223                   /home/sumit/java/mysql-connector-java-5.1.38/mysql-connector-java-5.1.38-bin.jar
7fde9000a000-7fde90014000 r--s 000e7000 08:01 1316060                    /home/sumit/java/GWTProject/AssetMS/LoginDemo (2)/war/WEB-INF/lib/mysql-connector-java-5.1.38-bin.jar
7fde90014000-7fde900d2000 rw-p 00000000 00:00 0 
7fde900d2000-7fde90168000 ---p 00000000 00:00 0 
7fde90168000-7fde901ba000 rw-p 00000000 00:00 0 
7fde901ba000-7fde901be000 ---p 00000000 00:00 0 
7fde901be000-7fde901bf000 rw-p 00000000 00:00 0 
7fde901bf000-7fde902c4000 r-xp 00000000 08:01 7871502                    /lib/x86_64-linux-gnu/libm-2.19.so
7fde902c4000-7fde904c3000 ---p 00105000 08:01 7871502                    /lib/x86_64-linux-gnu/libm-2.19.so
7fde904c3000-7fde904c4000 r--p 00104000 08:01 7871502                    /lib/x86_64-linux-gnu/libm-2.19.so
7fde904c4000-7fde904c5000 rw-p 00105000 08:01 7871502                    /lib/x86_64-linux-gnu/libm-2.19.so
7fde904c5000-7fde91185000 r-xp 00000000 08:01 17703745                   /usr/lib/jvm/java-8-oracle/jre/lib/amd64/server/libjvm.so
7fde91185000-7fde91385000 ---p 00cc0000 08:01 17703745                   /usr/lib/jvm/java-8-oracle/jre/lib/amd64/server/libjvm.so
7fde91385000-7fde9145d000 rw-p 00cc0000 08:01 17703745                   /usr/lib/jvm/java-8-oracle/jre/lib/amd64/server/libjvm.so
7fde9145d000-7fde914a8000 rw-p 00000000 00:00 0 
7fde914a8000-7fde91662000 r-xp 00000000 08:01 7871517                    /lib/x86_64-linux-gnu/libc-2.19.so
7fde91662000-7fde91862000 ---p 001ba000 08:01 7871517                    /lib/x86_64-linux-gnu/libc-2.19.so
7fde91862000-7fde91866000 r--p 001ba000 08:01 7871517                    /lib/x86_64-linux-gnu/libc-2.19.so
7fde91866000-7fde91868000 rw-p 001be000 08:01 7871517                    /lib/x86_64-linux-gnu/libc-2.19.so
7fde91868000-7fde9186d000 rw-p 00000000 00:00 0 
7fde9186d000-7fde91870000 r-xp 00000000 08:01 7871504                    /lib/x86_64-linux-gnu/libdl-2.19.so
7fde91870000-7fde91a6f000 ---p 00003000 08:01 7871504                    /lib/x86_64-linux-gnu/libdl-2.19.so
7fde91a6f000-7fde91a70000 r--p 00002000 08:01 7871504                    /lib/x86_64-linux-gnu/libdl-2.19.so
7fde91a70000-7fde91a71000 rw-p 00003000 08:01 7871504                    /lib/x86_64-linux-gnu/libdl-2.19.so
7fde91a71000-7fde91a86000 r-xp 00000000 08:01 17836476                   /usr/lib/jvm/java-8-oracle/lib/amd64/jli/libjli.so
7fde91a86000-7fde91c86000 ---p 00015000 08:01 17836476                   /usr/lib/jvm/java-8-oracle/lib/amd64/jli/libjli.so
7fde91c86000-7fde91c87000 rw-p 00015000 08:01 17836476                   /usr/lib/jvm/java-8-oracle/lib/amd64/jli/libjli.so
7fde91c87000-7fde91ca0000 r-xp 00000000 08:01 7871509                    /lib/x86_64-linux-gnu/libpthread-2.19.so
7fde91ca0000-7fde91e9f000 ---p 00019000 08:01 7871509                    /lib/x86_64-linux-gnu/libpthread-2.19.so
7fde91e9f000-7fde91ea0000 r--p 00018000 08:01 7871509                    /lib/x86_64-linux-gnu/libpthread-2.19.so
7fde91ea0000-7fde91ea1000 rw-p 00019000 08:01 7871509                    /lib/x86_64-linux-gnu/libpthread-2.19.so
7fde91ea1000-7fde91ea5000 rw-p 00000000 00:00 0 
7fde91ea5000-7fde91ec8000 r-xp 00000000 08:01 7871510                    /lib/x86_64-linux-gnu/ld-2.19.so
7fde91ec8000-7fde91ec9000 r--s 00000000 08:01 13895332                   /home/sumit/java/aop/org.springframework.instrument-3.0.1.RELEASE-A.jar
7fde91ec9000-7fde91eca000 r--s 0000c000 08:01 14291894                   /home/sumit/java/spcorejars/org.springframework.asm-3.0.1.RELEASE-A.jar
7fde91eca000-7fde91ed0000 r--s 0003d000 08:01 1316061                    /home/sumit/java/GWTProject/AssetMS/LoginDemo (2)/war/WEB-INF/lib/gwt-crypto-2.3.0.jar
7fde91ed0000-7fde91f0c000 rw-p 00000000 00:00 0 
7fde91f0c000-7fde91fa3000 ---p 00000000 00:00 0 
7fde91fa3000-7fde91fa6000 ---p 00000000 00:00 0 
7fde91fa6000-7fde920a8000 rw-p 00000000 00:00 0 
7fde920a8000-7fde920aa000 r--s 0000e000 08:01 14419904                   /home/sumit/java/eclipse/plugins/com.google.gwt.eclipse.sdkbundle_2.7.0/gwt-2.7.0/validation-api-1.0.0.GA-sources.jar
7fde920aa000-7fde920ad000 r--s 00009000 08:01 14419901                   /home/sumit/java/eclipse/plugins/com.google.gwt.eclipse.sdkbundle_2.7.0/gwt-2.7.0/validation-api-1.0.0.GA.jar
7fde920ad000-7fde920b1000 r--s 0002d000 08:01 14419912                   /home/sumit/java/eclipse/plugins/com.google.gwt.eclipse.sdkbundle_2.7.0/gwt-2.7.0/gwt-codeserver.jar
7fde920b1000-7fde920bb000 rw-p 00000000 00:00 0 
7fde920bb000-7fde920c3000 rw-s 00000000 08:01 3801165                    /tmp/hsperfdata_sumit/6477
7fde920c3000-7fde920c4000 rw-p 00000000 00:00 0 
7fde920c4000-7fde920c5000 ---p 00000000 00:00 0 
7fde920c5000-7fde920c7000 rw-p 00000000 00:00 0 
7fde920c7000-7fde920c8000 r--p 00022000 08:01 7871510                    /lib/x86_64-linux-gnu/ld-2.19.so
7fde920c8000-7fde920c9000 rw-p 00023000 08:01 7871510                    /lib/x86_64-linux-gnu/ld-2.19.so
7fde920c9000-7fde920ca000 rw-p 00000000 00:00 0 
7ffc85cc5000-7ffc85ce7000 rw-p 00000000 00:00 0                          [stack]
7ffc85dc1000-7ffc85dc3000 r--p 00000000 00:00 0                          [vvar]
7ffc85dc3000-7ffc85dc5000 r-xp 00000000 00:00 0                          [vdso]
ffffffffff600000-ffffffffff601000 r-xp 00000000 00:00 0                  [vsyscall]

VM Arguments:
jvm_args: -Xmx512m -Dfile.encoding=UTF-8 
java_command: com.google.gwt.dev.DevMode -remoteUI 35580:9289050313397 -startupUrl app.html -logLevel INFO -codeServerPort 9997 -port 8888 -war /home/sumit/java/GWTProject/AssetMS/LoginDemo (2)/war com.smt.appModule
java_class_path (initial): /home/sumit/java/GWTProject/AssetMS/LoginDemo (2)/src:/home/sumit/java/GWTProject/AssetMS/LoginDemo (2)/war/WEB-INF/classes:/home/sumit/java/eclipse/plugins/com.google.gwt.eclipse.sdkbundle_2.7.0/gwt-2.7.0/gwt-user.jar:/home/sumit/java/eclipse/plugins/com.google.gwt.eclipse.sdkbundle_2.7.0/gwt-2.7.0/gwt-codeserver.jar:/home/sumit/java/eclipse/plugins/com.google.gwt.eclipse.sdkbundle_2.7.0/gwt-2.7.0/gwt-dev.jar:/home/sumit/java/eclipse/plugins/com.google.gwt.eclipse.sdkbundle_2.7.0/gwt-2.7.0/validation-api-1.0.0.GA.jar:/home/sumit/java/eclipse/plugins/com.google.gwt.eclipse.sdkbundle_2.7.0/gwt-2.7.0/validation-api-1.0.0.GA-sources.jar:/home/sumit/java/GWTProject/AssetMS/LoginDemo (2)/war/WEB-INF/lib/mysql-connector-java-5.1.38-bin.jar:/home/sumit/java/GWTProject/AssetMS/LoginDemo (2)/war/WEB-INF/lib/gwt-crypto-2.3.0.jar:/home/sumit/java/mysql-connector-java-5.1.38/mysql-connector-java-5.1.38-bin.jar:/home/sumit/java/spcorejars/org.springframework.expression-3.0.1.RELEASE-A.jar:/home/sumit/java/spcorejars/org.springframework.core-3.0.1.RELEASE-A.jar:/home/sumit/java/spcorejars/org.springframework.context-3.0.1.RELEASE-A.jar:/home/sumit/java/spcorejars/org.springframework.beans-3.0.1.RELEASE-A.jar:/home/sumit/java/spcorejars/org.springframework.asm-3.0.1.RELEASE-A.jar:/home/sumit/java/spcorejars/jmxtools-1.2.1.jar:/home/sumit/java/spcorejars/com.springsource.org.apache.log4j-1.2.15.jar:/home/sumit/java/spcorejars/com.springsource.org.apache.commons.logging-1.1.1.jar:/home/sumit/java/persistJdbc/xapool.jar:/home/sumit/java/persistJdbc/jotm.jar:/home/sumit/java/persistJdbc/commons-dbcp.jar:/home/sumit/java/persistJdbc/com.springsource.org.apache.commons.pool-1.5.3.jar:/home/sumit/java/persistJdbc/com.springsource.org.apache.commons.lang-2.4.0.jar:/home/sumit/java/persistJdbc/com.springsource.com.mchange.v2.c3p0-0.9.1.2.jar:/home/sumit/java/persistCore/persistence.jar:/home/sumit/java/persistCore/org.springframework.transaction-3.0.1.RELEASE-A
Launcher Type: SUN_STANDARD

Environment Variables:
PATH=/usr/local/sbin:/usr/local/bin:/usr/sbin:/usr/bin:/sbin:/bin:/usr/games:/usr/local/games
SHELL=/bin/bash
DISPLAY=:0.0

Signal Handlers:
SIGSEGV: [libjvm.so+0xabca10], sa_mask[0]=11111111011111111101111111111110, sa_flags=SA_RESTART|SA_SIGINFO
SIGBUS: [libjvm.so+0xabca10], sa_mask[0]=11111111011111111101111111111110, sa_flags=SA_RESTART|SA_SIGINFO
SIGFPE: [libjvm.so+0x919a20], sa_mask[0]=11111111011111111101111111111110, sa_flags=SA_RESTART|SA_SIGINFO
SIGPIPE: [libjvm.so+0x919a20], sa_mask[0]=11111111011111111101111111111110, sa_flags=SA_RESTART|SA_SIGINFO
SIGXFSZ: [libjvm.so+0x919a20], sa_mask[0]=11111111011111111101111111111110, sa_flags=SA_RESTART|SA_SIGINFO
SIGILL: [libjvm.so+0x919a20], sa_mask[0]=11111111011111111101111111111110, sa_flags=SA_RESTART|SA_SIGINFO
SIGUSR1: SIG_DFL, sa_mask[0]=00000000000000000000000000000000, sa_flags=none
SIGUSR2: [libjvm.so+0x91b050], sa_mask[0]=00100000000000000000000000000000, sa_flags=SA_RESTART|SA_SIGINFO
SIGHUP: [libjvm.so+0x91c450], sa_mask[0]=11111111011111111101111111111110, sa_flags=SA_RESTART|SA_SIGINFO
SIGINT: [libjvm.so+0x91c450], sa_mask[0]=11111111011111111101111111111110, sa_flags=SA_RESTART|SA_SIGINFO
SIGTERM: [libjvm.so+0x91c450], sa_mask[0]=11111111011111111101111111111110, sa_flags=SA_RESTART|SA_SIGINFO
SIGQUIT: [libjvm.so+0x91c450], sa_mask[0]=11111111011111111101111111111110, sa_flags=SA_RESTART|SA_SIGINFO


---------------  S Y S T E M  ---------------

OS:DISTRIB_ID=Ubuntu
DISTRIB_RELEASE=14.04
DISTRIB_CODENAME=trusty
DISTRIB_DESCRIPTION="Ubuntu 14.04.4 LTS"

uname:Linux 4.2.0-36-generic #42~14.04.1-Ubuntu SMP Fri May 13 17:27:22 UTC 2016 x86_64
libc:glibc 2.19 NPTL 2.19 
rlimit: STACK 8192k, CORE 0k, NPROC 15495, NOFILE 4096, AS infinity
load average:2.97 2.55 2.05

/proc/meminfo:
MemTotal:        3988900 kB
MemFree:          707572 kB
MemAvailable:    1262260 kB
Buffers:          131692 kB
Cached:           552764 kB
SwapCached:        61488 kB
Active:          1999112 kB
Inactive:        1000472 kB
Active(anon):    1821032 kB
Inactive(anon):   721988 kB
Active(file):     178080 kB
Inactive(file):   278484 kB
Unevictable:         392 kB
Mlocked:             392 kB
SwapTotal:       4135932 kB
SwapFree:        3708636 kB
Dirty:             20664 kB
Writeback:             0 kB
AnonPages:       2301136 kB
Mapped:           245024 kB
Shmem:            227860 kB
Slab:             163768 kB
SReclaimable:     127656 kB
SUnreclaim:        36112 kB
KernelStack:       11136 kB
PageTables:        48464 kB
NFS_Unstable:          0 kB
Bounce:                0 kB
WritebackTmp:          0 kB
CommitLimit:     6130380 kB
Committed_AS:    8239124 kB
VmallocTotal:   34359738367 kB
VmallocUsed:      358008 kB
VmallocChunk:   34358947836 kB
HardwareCorrupted:     0 kB
AnonHugePages:   1046528 kB
CmaTotal:              0 kB
CmaFree:               0 kB
HugePages_Total:       0
HugePages_Free:        0
HugePages_Rsvd:        0
HugePages_Surp:        0
Hugepagesize:       2048 kB
DirectMap4k:      160000 kB
DirectMap2M:     3977216 kB


CPU:total 4 (2 cores per cpu, 2 threads per core) family 6 model 42 stepping 7, cmov, cx8, fxsr, mmx, sse, sse2, sse3, ssse3, sse4.1, sse4.2, popcnt, avx, clmul, ht, tsc, tscinvbit

/proc/cpuinfo:
processor	: 0
vendor_id	: GenuineIntel
cpu family	: 6
model		: 42
model name	: Intel(R) Core(TM) i3-2330M CPU @ 2.20GHz
stepping	: 7
microcode	: 0x17
cpu MHz		: 1899.992
cache size	: 3072 KB
physical id	: 0
siblings	: 4
core id		: 0
cpu cores	: 2
apicid		: 0
initial apicid	: 0
fpu		: yes
fpu_exception	: yes
cpuid level	: 13
wp		: yes
flags		: fpu vme de pse tsc msr pae mce cx8 apic sep mtrr pge mca cmov pat pse36 clflush dts acpi mmx fxsr sse sse2 ss ht tm pbe syscall nx rdtscp lm constant_tsc arch_perfmon pebs bts rep_good nopl xtopology nonstop_tsc aperfmperf eagerfpu pni pclmulqdq dtes64 monitor ds_cpl vmx est tm2 ssse3 cx16 xtpr pdcm pcid sse4_1 sse4_2 x2apic popcnt tsc_deadline_timer xsave avx lahf_lm arat epb pln pts dtherm tpr_shadow vnmi flexpriority ept vpid xsaveopt
bugs		:
bogomips	: 4389.90
clflush size	: 64
cache_alignment	: 64
address sizes	: 36 bits physical, 48 bits virtual
power management:

processor	: 1
vendor_id	: GenuineIntel
cpu family	: 6
model		: 42
model name	: Intel(R) Core(TM) i3-2330M CPU @ 2.20GHz
stepping	: 7
microcode	: 0x17
cpu MHz		: 1899.992
cache size	: 3072 KB
physical id	: 0
siblings	: 4
core id		: 0
cpu cores	: 2
apicid		: 1
initial apicid	: 1
fpu		: yes
fpu_exception	: yes
cpuid level	: 13
wp		: yes
flags		: fpu vme de pse tsc msr pae mce cx8 apic sep mtrr pge mca cmov pat pse36 clflush dts acpi mmx fxsr sse sse2 ss ht tm pbe syscall nx rdtscp lm constant_tsc arch_perfmon pebs bts rep_good nopl xtopology nonstop_tsc aperfmperf eagerfpu pni pclmulqdq dtes64 monitor ds_cpl vmx est tm2 ssse3 cx16 xtpr pdcm pcid sse4_1 sse4_2 x2apic popcnt tsc_deadline_timer xsave avx lahf_lm arat epb pln pts dtherm tpr_shadow vnmi flexpriority ept vpid xsaveopt
bugs		:
bogomips	: 4389.90
clflush size	: 64
cache_alignment	: 64
address sizes	: 36 bits physical, 48 bits virtual
power management:

processor	: 2
vendor_id	: GenuineIntel
cpu family	: 6
model		: 42
model name	: Intel(R) Core(TM) i3-2330M CPU @ 2.20GHz
stepping	: 7
microcode	: 0x17
cpu MHz		: 1899.992
cache size	: 3072 KB
physical id	: 0
siblings	: 4
core id		: 1
cpu cores	: 2
apicid		: 2
initial apicid	: 2
fpu		: yes
fpu_exception	: yes
cpuid level	: 13
wp		: yes
flags		: fpu vme de pse tsc msr pae mce cx8 apic sep mtrr pge mca cmov pat pse36 clflush dts acpi mmx fxsr sse sse2 ss ht tm pbe syscall nx rdtscp lm constant_tsc arch_perfmon pebs bts rep_good nopl xtopology nonstop_tsc aperfmperf eagerfpu pni pclmulqdq dtes64 monitor ds_cpl vmx est tm2 ssse3 cx16 xtpr pdcm pcid sse4_1 sse4_2 x2apic popcnt tsc_deadline_timer xsave avx lahf_lm arat epb pln pts dtherm tpr_shadow vnmi flexpriority ept vpid xsaveopt
bugs		:
bogomips	: 4389.90
clflush size	: 64
cache_alignment	: 64
address sizes	: 36 bits physical, 48 bits virtual
power management:

processor	: 3
vendor_id	: GenuineIntel
cpu family	: 6
model		: 42
model name	: Intel(R) Core(TM) i3-2330M CPU @ 2.20GHz
stepping	: 7
microcode	: 0x17
cpu MHz		: 1899.992
cache size	: 3072 KB
physical id	: 0
siblings	: 4
core id		: 1
cpu cores	: 2
apicid		: 3
initial apicid	: 3
fpu		: yes
fpu_exception	: yes
cpuid level	: 13
wp		: yes
flags		: fpu vme de pse tsc msr pae mce cx8 apic sep mtrr pge mca cmov pat pse36 clflush dts acpi mmx fxsr sse sse2 ss ht tm pbe syscall nx rdtscp lm constant_tsc arch_perfmon pebs bts rep_good nopl xtopology nonstop_tsc aperfmperf eagerfpu pni pclmulqdq dtes64 monitor ds_cpl vmx est tm2 ssse3 cx16 xtpr pdcm pcid sse4_1 sse4_2 x2apic popcnt tsc_deadline_timer xsave avx lahf_lm arat epb pln pts dtherm tpr_shadow vnmi flexpriority ept vpid xsaveopt
bugs		:
bogomips	: 4389.90
clflush size	: 64
cache_alignment	: 64
address sizes	: 36 bits physical, 48 bits virtual
power management:



Memory: 4k page, physical 3988900k(707572k free), swap 4135932k(3708636k free)

vm_info: Java HotSpot(TM) 64-Bit Server VM (25.91-b14) for linux-amd64 JRE (1.8.0_91-b14), built on Apr  1 2016 00:57:21 by "java_re" with gcc 4.3.0 20080428 (Red Hat 4.3.0-8)

time: Sun Jun 26 12:41:56 2016
elapsed time: 8 seconds (0d 0h 0m 8s)

