#
# A fatal error has been detected by the Java Runtime Environment:
#
#  SIGSEGV (0xb) at pc=0x00007f62fe06f583, pid=4261, tid=140063113774848
#
# JRE version: Java(TM) SE Runtime Environment (8.0_91-b14) (build 1.8.0_91-b14)
# Java VM: Java HotSpot(TM) 64-Bit Server VM (25.91-b14 mixed mode linux-amd64 compressed oops)
# Problematic frame:
# V  [libjvm.so+0x986583]  oopDesc* PSPromotionManager::copy_to_survivor_space<false>(oopDesc*)+0x143
#
# Failed to write core dump. Core dumps have been disabled. To enable core dumping, try "ulimit -c unlimited" before starting Java again
#
# If you would like to submit a bug report, please visit:
#   http://bugreport.java.com/bugreport/crash.jsp
#

---------------  T H R E A D  ---------------

Current thread (0x00007f62f801f800):  GCTaskThread [stack: 0x00007f62fc148000,0x00007f62fc249000] [id=4267]

siginfo: si_signo: 11 (SIGSEGV), si_code: 1 (SEGV_MAPERR), si_addr: 0x0000000003c00338

Registers:
RAX=0x00007f62fe66c490, RBX=0x00000000e1da03a4, RCX=0x0000000000000003, RDX=0x0000000000000001
RSP=0x00007f62fc2478e0, RBP=0x00007f62fc247950, RSI=0x00000000f562dd60, RDI=0x0000000003c00330
R8 =0x00000000e1da0388, R9 =0x00007f62f80752d8, R10=0x00007f62fe690879, R11=0x00007f62fc247890
R12=0x00000000f562dd60, R13=0x006100760061006a, R14=0x0000000000000000, R15=0x00007f62f80752a8
RIP=0x00007f62fe06f583, EFLAGS=0x0000000000010206, CSGSFS=0x0000000000000033, ERR=0x0000000000000004
  TRAPNO=0x000000000000000e

Top of Stack: (sp=0x00007f62fc2478e0)
0x00007f62fc2478e0:   00000000e1966edd 00007f62fe690879
0x00007f62fc2478f0:   00007f62f8075268 00007f62f8075240
0x00007f62fc247900:   00000000e1d062a1 0000000000000400
0x00007f62fc247910:   00000000f56cd0a2 0000000000001000
0x00007f62fc247920:   00007f62f8075268 00000000e1da03a4
0x00007f62fc247930:   00007f62f8075240 00007f62fe66c480
0x00007f62fc247940:   0000000000000000 00007f62f80752a8
0x00007f62fc247950:   00007f62fc247a40 00007f62fe06ee50
0x00007f62fc247960:   00007f62fc2479c0 00007f62fc2479d0
0x00007f62fc247970:   00007f62fc2479e0 00007f62fc2479a0
0x00007f62fc247980:   00007f62fc2479b0 00007f62fc247a00
0x00007f62fc247990:   00000000e1965630 00007f62f80752d8
0x00007f62fc2479a0:   00000000e1151908 00007f62f8075240
0x00007f62fc2479b0:   00007f62f801b110 00007f62fc251b01
0x00007f62fc2479c0:   00007f62fc247a40 00007f62fdfe2e8f
0x00007f62fc2479d0:   00000001000a91d8 00000000e1152274
0x00007f62fc2479e0:   00007f62fc247a40 00007f62fdd2eb90
0x00007f62fc2479f0:   00000000e11509b5 00007f62fe69fed0
0x00007f62fc247a00:   00000000e1da03a5 00007f62f80752a0
0x00007f62fc247a10:   0000000000000000 00000000e1152808
0x00007f62fc247a20:   00000000e1152800 00007f62fc251a94
0x00007f62fc247a30:   00007f62f801b110 00007f62fc251b01
0x00007f62fc247a40:   00007f62fc247b00 00007f62fdae78ae
0x00007f62fc247a50:   00007f62f801efa0 00007f62fc251b00
0x00007f62fc247a60:   00007f62fc251a81 00007f62fe690879
0x00007f62fc247a70:   00007f62f8075240 00000000e196b630
0x00007f62fc247a80:   00007f62f801ae50 00007f62fc255b5c
0x00007f62fc247a90:   00000000e1151200 0000000000000200
0x00007f62fc247aa0:   00000000e1160010 00007f62fc251a8b
0x00007f62fc247ab0:   0000000000000240 00007f62fc251c00
0x00007f62fc247ac0:   00007f62fc251c80 00007f62fc251a94
0x00007f62fc247ad0:   00007f62fc251a8b 00007f62f8027170 

Instructions: (pc=0x00007f62fe06f583)
0x00007f62fe06f563:   83 e0 07 48 83 f8 05 75 d3 31 db eb d6 48 8b 05
0x00007f62fe06f573:   31 df 5d 00 8b 7e 08 8b 48 08 48 d3 e7 48 03 38
0x00007f62fe06f583:   8b 77 08 83 fe 00 0f 8f 0a ff ff ff 0f 85 4b 02
0x00007f62fe06f593:   00 00 0f 1f 00 48 8b 07 4c 89 e6 4c 89 55 98 ff 

Register to memory mapping:

RAX=0x00007f62fe66c490: <offset 0xf83490> in /usr/lib/jvm/java-8-oracle/jre/lib/amd64/server/libjvm.so at 0x00007f62fd6e9000
RBX=0x00000000e1da03a4 is pointing into object: 0x00000000e1da0388
[Ljava.lang.String; 
 - klass: 'java/lang/String'[]
 - length: 4
RCX=0x0000000000000003 is an unknown value
RDX=0x0000000000000001 is an unknown value
RSP=0x00007f62fc2478e0 is an unknown value
RBP=0x00007f62fc247950 is an unknown value
RSI=0x00000000f562dd60 is an oop

[error occurred during error reporting (printing register info), id 0xb]

Stack: [0x00007f62fc148000,0x00007f62fc249000],  sp=0x00007f62fc2478e0,  free space=1022k
Native frames: (J=compiled Java code, j=interpreted, Vv=VM code, C=native code)
V  [libjvm.so+0x986583]  oopDesc* PSPromotionManager::copy_to_survivor_space<false>(oopDesc*)+0x143
V  [libjvm.so+0x985e50]  PSPromotionManager::drain_stacks_depth(bool)+0x830
V  [libjvm.so+0x3fe8ae]  CardTableExtension::scavenge_contents_parallel(ObjectStartArray*, MutableSpace*, HeapWord*, PSPromotionManager*, unsigned int, unsigned int)+0xafe
V  [libjvm.so+0x9896cb]  OldToYoungRootsTask::do_it(GCTaskManager*, unsigned int)+0x4b
V  [libjvm.so+0x5d584f]  GCTaskThread::run()+0x12f
V  [libjvm.so+0x91ef78]  java_start(Thread*)+0x108


---------------  P R O C E S S  ---------------

Java Threads: ( => current thread )
  0x00007f62f831c000 JavaThread "SuperDevMode code server listener" daemon [_thread_blocked, id=4289, stack(0x00007f62e0229000,0x00007f62e032a000)]
  0x00007f62a002b800 JavaThread "Timer-0" daemon [_thread_blocked, id=4288, stack(0x00007f62e032a000,0x00007f62e042b000)]
  0x00007f62f82f0800 JavaThread "GWT Update Checker" daemon [_thread_in_native, id=4287, stack(0x00007f62e042b000,0x00007f62e052c000)]
  0x00007f62f82ee800 JavaThread "pool-1-thread-1" [_thread_blocked, id=4286, stack(0x00007f62e05fe000,0x00007f62e06ff000)]
  0x00007f62f829a000 JavaThread "Thread-2" daemon [_thread_blocked, id=4284, stack(0x00007f62e06ff000,0x00007f62e0800000)]
  0x00007f62f8296000 JavaThread "Thread-1" [_thread_in_native, id=4283, stack(0x00007f62e0800000,0x00007f62e0901000)]
  0x00007f62f80c8800 JavaThread "Service Thread" daemon [_thread_blocked, id=4278, stack(0x00007f62e0fcb000,0x00007f62e10cc000)]
  0x00007f62f80bd000 JavaThread "C1 CompilerThread2" daemon [_thread_blocked, id=4277, stack(0x00007f62e10cc000,0x00007f62e11cd000)]
  0x00007f62f80bb800 JavaThread "C2 CompilerThread1" daemon [_thread_blocked, id=4276, stack(0x00007f62e11cd000,0x00007f62e12ce000)]
  0x00007f62f80b8800 JavaThread "C2 CompilerThread0" daemon [_thread_blocked, id=4275, stack(0x00007f62e12ce000,0x00007f62e13cf000)]
  0x00007f62f80b7000 JavaThread "Signal Dispatcher" daemon [_thread_blocked, id=4274, stack(0x00007f62e13cf000,0x00007f62e14d0000)]
  0x00007f62f8084000 JavaThread "Finalizer" daemon [_thread_blocked, id=4273, stack(0x00007f62e1bb2000,0x00007f62e1cb3000)]
  0x00007f62f807f800 JavaThread "Reference Handler" daemon [_thread_blocked, id=4272, stack(0x00007f62e1cb3000,0x00007f62e1db4000)]
  0x00007f62f800a000 JavaThread "main" [_thread_blocked, id=4266, stack(0x00007f62ff1c7000,0x00007f62ff2c8000)]

Other Threads:
  0x00007f62f8078000 VMThread [stack: 0x00007f62e1db4000,0x00007f62e1eb5000] [id=4271]
  0x00007f62f80cb000 WatcherThread [stack: 0x00007f62e0eca000,0x00007f62e0fcb000] [id=4279]

=>0x00007f62f801f800 (exited) GCTaskThread [stack: 0x00007f62fc148000,0x00007f62fc249000] [id=4267]

VM state:at safepoint (normal execution)

VM Mutex/Monitor currently owned by a thread:  ([mutex/lock_event])
[0x00007f62f8006690] Threads_lock - owner thread: 0x00007f62f8078000
[0x00007f62f8006b90] Heap_lock - owner thread: 0x00007f62f831c000

Heap:
 PSYoungGen      total 34304K, used 34272K [0x00000000f5580000, 0x00000000f7980000, 0x0000000100000000)
  eden space 31744K, 100% used [0x00000000f5580000,0x00000000f7480000,0x00000000f7480000)
  from space 2560K, 98% used [0x00000000f7700000,0x00000000f7978060,0x00000000f7980000)
  to   space 2560K, 98% used [0x00000000f7480000,0x00000000f76f8040,0x00000000f7700000)
 ParOldGen       total 42496K, used 32609K [0x00000000e0000000, 0x00000000e2980000, 0x00000000f5580000)
  object space 42496K, 76% used [0x00000000e0000000,0x00000000e1fd84c0,0x00000000e2980000)
 Metaspace       used 13375K, capacity 13638K, committed 13824K, reserved 1060864K
  class space    used 1646K, capacity 1723K, committed 1792K, reserved 1048576K

Card table byte_map: [0x00007f62fc249000,0x00007f62fc34a000] byte_map_base: 0x00007f62fbb49000

Marking Bits: (ParMarkBitMap*) 0x00007f62fe69fd60
 Begin Bits: [0x00007f62e3000000, 0x00007f62e3800000)
 End Bits:   [0x00007f62e3800000, 0x00007f62e4000000)

Polling page: 0x00007f62ff2e8000

CodeCache: size=245760Kb used=3659Kb max_used=3661Kb free=242100Kb
 bounds [0x00007f62e9000000, 0x00007f62e93a0000, 0x00007f62f8000000]
 total_blobs=1375 nmethods=1055 adapters=234
 compilation: enabled

Compilation events (10 events):
Event: 2.117 Thread 0x00007f62f80bd000 nmethod 1068 0x00007f62e9392ed0 code [0x00007f62e9393060, 0x00007f62e9393378]
Event: 2.117 Thread 0x00007f62f80bd000 1052       3       com.google.gwt.dev.util.xml.AttributeConverter::<init> (5 bytes)
Event: 2.118 Thread 0x00007f62f80bd000 nmethod 1052 0x00007f62e938c9d0 code [0x00007f62e938cb40, 0x00007f62e938ccf0]
Event: 2.118 Thread 0x00007f62f80bd000 1053       3       com.google.gwt.dev.util.xml.Schema::registerAttributeConverter (13 bytes)
Event: 2.118 Thread 0x00007f62f80bd000 nmethod 1053 0x00007f62e9391250 code [0x00007f62e93913c0, 0x00007f62e93915e8]
Event: 2.118 Thread 0x00007f62f80bd000 1066       3       java.io.ObjectStreamClass::setObjFieldValues (10 bytes)
Event: 2.119 Thread 0x00007f62f80bd000 nmethod 1066 0x00007f62e9397610 code [0x00007f62e9397780, 0x00007f62e9397908]
Event: 2.119 Thread 0x00007f62f80bd000 1070       3       org.apache.xerces.util.XMLStringBuffer::<init> (7 bytes)
Event: 2.120 Thread 0x00007f62f80bd000 nmethod 1070 0x00007f62e9397050 code [0x00007f62e93971c0, 0x00007f62e93974d0]
Event: 2.120 Thread 0x00007f62f80bd000 1073 %     3       sun.nio.cs.UTF_8$Decoder::decodeArrayLoop @ 73 (691 bytes)

GC Heap History (9 events):
Event: 0.609 GC heap before
{Heap before GC invocations=1 (full 0):
 PSYoungGen      total 18432K, used 15872K [0x00000000f5580000, 0x00000000f6a00000, 0x0000000100000000)
  eden space 15872K, 100% used [0x00000000f5580000,0x00000000f6500000,0x00000000f6500000)
  from space 2560K, 0% used [0x00000000f6780000,0x00000000f6780000,0x00000000f6a00000)
  to   space 2560K, 0% used [0x00000000f6500000,0x00000000f6500000,0x00000000f6780000)
 ParOldGen       total 42496K, used 0K [0x00000000e0000000, 0x00000000e2980000, 0x00000000f5580000)
  object space 42496K, 0% used [0x00000000e0000000,0x00000000e0000000,0x00000000e2980000)
 Metaspace       used 6400K, capacity 6804K, committed 7040K, reserved 1056768K
  class space    used 817K, capacity 848K, committed 896K, reserved 1048576K
Event: 0.614 GC heap after
Heap after GC invocations=1 (full 0):
 PSYoungGen      total 18432K, used 2556K [0x00000000f5580000, 0x00000000f6a00000, 0x0000000100000000)
  eden space 15872K, 0% used [0x00000000f5580000,0x00000000f5580000,0x00000000f6500000)
  from space 2560K, 99% used [0x00000000f6500000,0x00000000f677f208,0x00000000f6780000)
  to   space 2560K, 0% used [0x00000000f6780000,0x00000000f6780000,0x00000000f6a00000)
 ParOldGen       total 42496K, used 743K [0x00000000e0000000, 0x00000000e2980000, 0x00000000f5580000)
  object space 42496K, 1% used [0x00000000e0000000,0x00000000e00b9ef8,0x00000000e2980000)
 Metaspace       used 6400K, capacity 6804K, committed 7040K, reserved 1056768K
  class space    used 817K, capacity 848K, committed 896K, reserved 1048576K
}
Event: 0.890 GC heap before
{Heap before GC invocations=2 (full 0):
 PSYoungGen      total 18432K, used 18428K [0x00000000f5580000, 0x00000000f6a00000, 0x0000000100000000)
  eden space 15872K, 100% used [0x00000000f5580000,0x00000000f6500000,0x00000000f6500000)
  from space 2560K, 99% used [0x00000000f6500000,0x00000000f677f208,0x00000000f6780000)
  to   space 2560K, 0% used [0x00000000f6780000,0x00000000f6780000,0x00000000f6a00000)
 ParOldGen       total 42496K, used 743K [0x00000000e0000000, 0x00000000e2980000, 0x00000000f5580000)
  object space 42496K, 1% used [0x00000000e0000000,0x00000000e00b9ef8,0x00000000e2980000)
 Metaspace       used 7088K, capacity 7380K, committed 7680K, reserved 1056768K
  class space    used 895K, capacity 912K, committed 1024K, reserved 1048576K
Event: 0.908 GC heap after
Heap after GC invocations=2 (full 0):
 PSYoungGen      total 18432K, used 2544K [0x00000000f5580000, 0x00000000f7980000, 0x0000000100000000)
  eden space 15872K, 0% used [0x00000000f5580000,0x00000000f5580000,0x00000000f6500000)
  from space 2560K, 99% used [0x00000000f6780000,0x00000000f69fc020,0x00000000f6a00000)
  to   space 2560K, 0% used [0x00000000f6500000,0x00000000f6500000,0x00000000f6780000)
 ParOldGen       total 42496K, used 7025K [0x00000000e0000000, 0x00000000e2980000, 0x00000000f5580000)
  object space 42496K, 16% used [0x00000000e0000000,0x00000000e06dc5a0,0x00000000e2980000)
 Metaspace       used 7088K, capacity 7380K, committed 7680K, reserved 1056768K
  class space    used 895K, capacity 912K, committed 1024K, reserved 1048576K
}
Event: 1.037 GC heap before
{Heap before GC invocations=3 (full 0):
 PSYoungGen      total 18432K, used 18416K [0x00000000f5580000, 0x00000000f7980000, 0x0000000100000000)
  eden space 15872K, 100% used [0x00000000f5580000,0x00000000f6500000,0x00000000f6500000)
  from space 2560K, 99% used [0x00000000f6780000,0x00000000f69fc020,0x00000000f6a00000)
  to   space 2560K, 0% used [0x00000000f6500000,0x00000000f6500000,0x00000000f6780000)
 ParOldGen       total 42496K, used 7025K [0x00000000e0000000, 0x00000000e2980000, 0x00000000f5580000)
  object space 42496K, 16% used [0x00000000e0000000,0x00000000e06dc5a0,0x00000000e2980000)
 Metaspace       used 7105K, capacity 7380K, committed 7680K, reserved 1056768K
  class space    used 898K, capacity 912K, committed 1024K, reserved 1048576K
Event: 1.060 GC heap after
Heap after GC invocations=3 (full 0):
 PSYoungGen      total 18432K, used 2544K [0x00000000f5580000, 0x00000000f7980000, 0x0000000100000000)
  eden space 15872K, 0% used [0x00000000f5580000,0x00000000f5580000,0x00000000f6500000)
  from space 2560K, 99% used [0x00000000f6500000,0x00000000f677c070,0x00000000f6780000)
  to   space 2560K, 0% used [0x00000000f7700000,0x00000000f7700000,0x00000000f7980000)
 ParOldGen       total 42496K, used 16577K [0x00000000e0000000, 0x00000000e2980000, 0x00000000f5580000)
  object space 42496K, 39% used [0x00000000e0000000,0x00000000e10305c0,0x00000000e2980000)
 Metaspace       used 7105K, capacity 7380K, committed 7680K, reserved 1056768K
  class space    used 898K, capacity 912K, committed 1024K, reserved 1048576K
}
Event: 1.159 GC heap before
{Heap before GC invocations=4 (full 0):
 PSYoungGen      total 18432K, used 18416K [0x00000000f5580000, 0x00000000f7980000, 0x0000000100000000)
  eden space 15872K, 100% used [0x00000000f5580000,0x00000000f6500000,0x00000000f6500000)
  from space 2560K, 99% used [0x00000000f6500000,0x00000000f677c070,0x00000000f6780000)
  to   space 2560K, 0% used [0x00000000f7700000,0x00000000f7700000,0x00000000f7980000)
 ParOldGen       total 42496K, used 16577K [0x00000000e0000000, 0x00000000e2980000, 0x00000000f5580000)
  object space 42496K, 39% used [0x00000000e0000000,0x00000000e10305c0,0x00000000e2980000)
 Metaspace       used 7106K, capacity 7380K, committed 7680K, reserved 1056768K
  class space    used 898K, capacity 912K, committed 1024K, reserved 1048576K
Event: 1.188 GC heap after
Heap after GC invocations=4 (full 0):
 PSYoungGen      total 34304K, used 2528K [0x00000000f5580000, 0x00000000f7980000, 0x0000000100000000)
  eden space 31744K, 0% used [0x00000000f5580000,0x00000000f5580000,0x00000000f7480000)
  from space 2560K, 98% used [0x00000000f7700000,0x00000000f7978060,0x00000000f7980000)
  to   space 2560K, 0% used [0x00000000f7480000,0x00000000f7480000,0x00000000f7700000)
 ParOldGen       total 42496K, used 26029K [0x00000000e0000000, 0x00000000e2980000, 0x00000000f5580000)
  object space 42496K, 61% used [0x00000000e0000000,0x00000000e196b630,0x00000000e2980000)
 Metaspace       used 7106K, capacity 7380K, committed 7680K, reserved 1056768K
  class space    used 898K, capacity 912K, committed 1024K, reserved 1048576K
}
Event: 2.124 GC heap before
{Heap before GC invocations=5 (full 0):
 PSYoungGen      total 34304K, used 34272K [0x00000000f5580000, 0x00000000f7980000, 0x0000000100000000)
  eden space 31744K, 100% used [0x00000000f5580000,0x00000000f7480000,0x00000000f7480000)
  from space 2560K, 98% used [0x00000000f7700000,0x00000000f7978060,0x00000000f7980000)
  to   space 2560K, 0% used [0x00000000f7480000,0x00000000f7480000,0x00000000f7700000)
 ParOldGen       total 42496K, used 26029K [0x00000000e0000000, 0x00000000e2980000, 0x00000000f5580000)
  object space 42496K, 61% used [0x00000000e0000000,0x00000000e196b630,0x00000000e2980000)
 Metaspace       used 13375K, capacity 13638K, committed 13824K, reserved 1060864K
  class space    used 1646K, capacity 1723K, committed 1792K, reserved 1048576K

Deoptimization events (10 events):
Event: 1.557 Thread 0x00007f62f831c000 Uncommon trap: reason=class_check action=maybe_recompile pc=0x00007f62e9254778 method=java.util.AbstractCollection.isEmpty()Z @ 1
Event: 1.561 Thread 0x00007f62f800a000 Uncommon trap: reason=class_check action=maybe_recompile pc=0x00007f62e9254778 method=java.util.AbstractCollection.isEmpty()Z @ 1
Event: 1.599 Thread 0x00007f62f831c000 Uncommon trap: reason=unstable_if action=reinterpret pc=0x00007f62e9281f7c method=java.util.concurrent.locks.ReentrantLock$NonfairSync.lock()V @ 6
Event: 1.600 Thread 0x00007f62f831c000 Uncommon trap: reason=unstable_if action=reinterpret pc=0x00007f62e9267504 method=java.util.concurrent.locks.ReentrantLock$Sync.nonfairTryAcquire(I)Z @ 10
Event: 1.600 Thread 0x00007f62f831c000 Uncommon trap: reason=unstable_if action=reinterpret pc=0x00007f62e9280074 method=com.google.gwt.thirdparty.guava.common.collect.Interners$WeakInterner.intern(Ljava/lang/Object;)Ljava/lang/Object; @ 42
Event: 1.682 Thread 0x00007f62f82f0800 Uncommon trap: reason=unstable_if action=reinterpret pc=0x00007f62e92f7360 method=sun.misc.MetaIndex.mayContain(Ljava/lang/String;)Z @ 38
Event: 1.683 Thread 0x00007f62f82f0800 Uncommon trap: reason=unstable_if action=reinterpret pc=0x00007f62e91e63b8 method=sun.net.www.ParseUtil.encodePath(Ljava/lang/String;Z)Ljava/lang/String; @ 109
Event: 1.690 Thread 0x00007f62f82f0800 Uncommon trap: reason=unstable_if action=reinterpret pc=0x00007f62e92ab48c method=java.net.URI.match(CJJ)Z @ 45
Event: 1.814 Thread 0x00007f62f800a000 Uncommon trap: reason=unstable_if action=reinterpret pc=0x00007f62e924ee68 method=java.util.HashMap.getNode(ILjava/lang/Object;)Ljava/util/HashMap$Node; @ 62
Event: 1.815 Thread 0x00007f62f800a000 Uncommon trap: reason=unstable_if action=reinterpret pc=0x00007f62e91d8960 method=java.util.HashMap.getNode(ILjava/lang/Object;)Ljava/util/HashMap$Node; @ 62

Internal exceptions (10 events):
Event: 1.761 Thread 0x00007f62f800a000 Exception <a 'java/security/PrivilegedActionException'> (0x00000000f6d164b0) thrown at [/HUDSON/workspace/8-2-build-linux-amd64/jdk8u91/6644/hotspot/src/share/vm/prims/jvm.cpp, line 1386]
Event: 1.892 Thread 0x00007f62f831c000 Exception <a 'java/security/PrivilegedActionException'> (0x00000000f6debd78) thrown at [/HUDSON/workspace/8-2-build-linux-amd64/jdk8u91/6644/hotspot/src/share/vm/prims/jvm.cpp, line 1386]
Event: 1.892 Thread 0x00007f62f831c000 Exception <a 'java/security/PrivilegedActionException'> (0x00000000f6dec358) thrown at [/HUDSON/workspace/8-2-build-linux-amd64/jdk8u91/6644/hotspot/src/share/vm/prims/jvm.cpp, line 1386]
Event: 1.896 Thread 0x00007f62f800a000 Exception <a 'java/security/PrivilegedActionException'> (0x00000000f6fb8738) thrown at [/HUDSON/workspace/8-2-build-linux-amd64/jdk8u91/6644/hotspot/src/share/vm/prims/jvm.cpp, line 1386]
Event: 1.897 Thread 0x00007f62f800a000 Exception <a 'java/security/PrivilegedActionException'> (0x00000000f6fb8d18) thrown at [/HUDSON/workspace/8-2-build-linux-amd64/jdk8u91/6644/hotspot/src/share/vm/prims/jvm.cpp, line 1386]
Event: 1.921 Thread 0x00007f62f800a000 Exception <a 'java/security/PrivilegedActionException'> (0x00000000f6fdc390) thrown at [/HUDSON/workspace/8-2-build-linux-amd64/jdk8u91/6644/hotspot/src/share/vm/prims/jvm.cpp, line 1386]
Event: 1.921 Thread 0x00007f62f800a000 Exception <a 'java/security/PrivilegedActionException'> (0x00000000f6fdc970) thrown at [/HUDSON/workspace/8-2-build-linux-amd64/jdk8u91/6644/hotspot/src/share/vm/prims/jvm.cpp, line 1386]
Event: 1.932 Thread 0x00007f62f831c000 Exception <a 'java/security/PrivilegedActionException'> (0x00000000f702c2f0) thrown at [/HUDSON/workspace/8-2-build-linux-amd64/jdk8u91/6644/hotspot/src/share/vm/prims/jvm.cpp, line 1386]
Event: 1.932 Thread 0x00007f62f831c000 Exception <a 'java/security/PrivilegedActionException'> (0x00000000f702c8d0) thrown at [/HUDSON/workspace/8-2-build-linux-amd64/jdk8u91/6644/hotspot/src/share/vm/prims/jvm.cpp, line 1386]
Event: 2.119 Thread 0x00007f62f82ee800 Exception <a 'java/lang/NoSuchMethodError': <clinit>> (0x00000000f7474620) thrown at [/HUDSON/workspace/8-2-build-linux-amd64/jdk8u91/6644/hotspot/src/share/vm/prims/jni.cpp, line 1613]

Events (10 events):
Event: 2.077 loading class com/google/gwt/dev/resource/impl/DefaultFilters$5 done
Event: 2.078 loading class com/google/gwt/dev/resource/impl/DefaultFilters$3
Event: 2.078 loading class com/google/gwt/dev/resource/impl/DefaultFilters$3 done
Event: 2.114 loading class com/google/gwt/dev/javac/JsniMethodCollector$JsniMethodImpl
Event: 2.114 loading class com/google/gwt/dev/javac/JsniMethodCollector$JsniMethodImpl done
Event: 2.115 loading class com/google/gwt/dev/javac/JsniMethod
Event: 2.115 loading class com/google/gwt/dev/javac/JsniMethod done
Event: 2.122 loading class com/google/gwt/dev/js/ast/NodeKind
Event: 2.122 loading class com/google/gwt/dev/js/ast/NodeKind done
Event: 2.122 Executing VM operation: ParallelGCFailedAllocation


Dynamic libraries:
00400000-00401000 r-xp 00000000 08:01 17694768                           /usr/lib/jvm/java-8-oracle/bin/java
00600000-00601000 rw-p 00000000 08:01 17694768                           /usr/lib/jvm/java-8-oracle/bin/java
025aa000-025cb000 rw-p 00000000 00:00 0                                  [heap]
e0000000-e2980000 rw-p 00000000 00:00 0 
e2980000-f5580000 ---p 00000000 00:00 0 
f5580000-f7980000 rw-p 00000000 00:00 0 
f7980000-100000000 ---p 00000000 00:00 0 
100000000-1001c0000 rw-p 00000000 00:00 0 
1001c0000-140000000 ---p 00000000 00:00 0 
7f6294000000-7f6294021000 rw-p 00000000 00:00 0 
7f6294021000-7f6298000000 ---p 00000000 00:00 0 
7f6298000000-7f62980c1000 rw-p 00000000 00:00 0 
7f62980c1000-7f629c000000 ---p 00000000 00:00 0 
7f629c000000-7f629c122000 rw-p 00000000 00:00 0 
7f629c122000-7f62a0000000 ---p 00000000 00:00 0 
7f62a0000000-7f62a00dd000 rw-p 00000000 00:00 0 
7f62a00dd000-7f62a4000000 ---p 00000000 00:00 0 
7f62a4000000-7f62a4081000 rw-p 00000000 00:00 0 
7f62a4081000-7f62a8000000 ---p 00000000 00:00 0 
7f62a8000000-7f62a8021000 rw-p 00000000 00:00 0 
7f62a8021000-7f62ac000000 ---p 00000000 00:00 0 
7f62ac000000-7f62ac021000 rw-p 00000000 00:00 0 
7f62ac021000-7f62b0000000 ---p 00000000 00:00 0 
7f62b0000000-7f62b0021000 rw-p 00000000 00:00 0 
7f62b0021000-7f62b4000000 ---p 00000000 00:00 0 
7f62b4000000-7f62b4374000 rw-p 00000000 00:00 0 
7f62b4374000-7f62b8000000 ---p 00000000 00:00 0 
7f62b8000000-7f62b81ae000 rw-p 00000000 00:00 0 
7f62b81ae000-7f62bc000000 ---p 00000000 00:00 0 
7f62bc000000-7f62bc021000 rw-p 00000000 00:00 0 
7f62bc021000-7f62c0000000 ---p 00000000 00:00 0 
7f62c0000000-7f62c02e5000 rw-p 00000000 00:00 0 
7f62c02e5000-7f62c4000000 ---p 00000000 00:00 0 
7f62c4000000-7f62c4021000 rw-p 00000000 00:00 0 
7f62c4021000-7f62c8000000 ---p 00000000 00:00 0 
7f62c8000000-7f62c8021000 rw-p 00000000 00:00 0 
7f62c8021000-7f62cc000000 ---p 00000000 00:00 0 
7f62cc000000-7f62cc021000 rw-p 00000000 00:00 0 
7f62cc021000-7f62d0000000 ---p 00000000 00:00 0 
7f62d0000000-7f62d0021000 rw-p 00000000 00:00 0 
7f62d0021000-7f62d4000000 ---p 00000000 00:00 0 
7f62d4000000-7f62d4021000 rw-p 00000000 00:00 0 
7f62d4021000-7f62d8000000 ---p 00000000 00:00 0 
7f62db7dc000-7f62db7f3000 r-xp 00000000 08:01 7868649                    /lib/x86_64-linux-gnu/libresolv-2.19.so
7f62db7f3000-7f62db9f3000 ---p 00017000 08:01 7868649                    /lib/x86_64-linux-gnu/libresolv-2.19.so
7f62db9f3000-7f62db9f4000 r--p 00017000 08:01 7868649                    /lib/x86_64-linux-gnu/libresolv-2.19.so
7f62db9f4000-7f62db9f5000 rw-p 00018000 08:01 7868649                    /lib/x86_64-linux-gnu/libresolv-2.19.so
7f62db9f5000-7f62db9f7000 rw-p 00000000 00:00 0 
7f62db9f7000-7f62db9fc000 r-xp 00000000 08:01 7871514                    /lib/x86_64-linux-gnu/libnss_dns-2.19.so
7f62db9fc000-7f62dbbfb000 ---p 00005000 08:01 7871514                    /lib/x86_64-linux-gnu/libnss_dns-2.19.so
7f62dbbfb000-7f62dbbfc000 r--p 00004000 08:01 7871514                    /lib/x86_64-linux-gnu/libnss_dns-2.19.so
7f62dbbfc000-7f62dbbfd000 rw-p 00005000 08:01 7871514                    /lib/x86_64-linux-gnu/libnss_dns-2.19.so
7f62dbbfd000-7f62dbbff000 r-xp 00000000 08:01 7868708                    /lib/x86_64-linux-gnu/libnss_mdns4_minimal.so.2
7f62dbbff000-7f62dbdfe000 ---p 00002000 08:01 7868708                    /lib/x86_64-linux-gnu/libnss_mdns4_minimal.so.2
7f62dbdfe000-7f62dbdff000 r--p 00001000 08:01 7868708                    /lib/x86_64-linux-gnu/libnss_mdns4_minimal.so.2
7f62dbdff000-7f62dbe00000 rw-p 00002000 08:01 7868708                    /lib/x86_64-linux-gnu/libnss_mdns4_minimal.so.2
7f62dbe00000-7f62dbfc0000 rw-p 00000000 00:00 0 
7f62dbfc0000-7f62dc000000 ---p 00000000 00:00 0 
7f62dc000000-7f62dc28c000 rw-p 00000000 00:00 0 
7f62dc28c000-7f62e0000000 ---p 00000000 00:00 0 
7f62e0029000-7f62e0229000 rw-p 00000000 00:00 0 
7f62e0229000-7f62e022c000 ---p 00000000 00:00 0 
7f62e022c000-7f62e032a000 rw-p 00000000 00:00 0 
7f62e032a000-7f62e032d000 ---p 00000000 00:00 0 
7f62e032d000-7f62e042b000 rw-p 00000000 00:00 0 
7f62e042b000-7f62e042e000 ---p 00000000 00:00 0 
7f62e042e000-7f62e052c000 rw-p 00000000 00:00 0 
7f62e052c000-7f62e0532000 r--s 0003f000 08:01 17703798                   /usr/lib/jvm/java-8-oracle/jre/lib/ext/sunjce_provider.jar
7f62e0532000-7f62e054d000 r--s 001d5000 08:01 17703795                   /usr/lib/jvm/java-8-oracle/jre/lib/ext/nashorn.jar
7f62e054d000-7f62e05e2000 r--s 01103000 08:01 17703792                   /usr/lib/jvm/java-8-oracle/jre/lib/ext/jfxrt.jar
7f62e05e2000-7f62e05fe000 r--s 00393000 08:01 17703789                   /usr/lib/jvm/java-8-oracle/jre/lib/ext/cldrdata.jar
7f62e05fe000-7f62e0601000 ---p 00000000 00:00 0 
7f62e0601000-7f62e06ff000 rw-p 00000000 00:00 0 
7f62e06ff000-7f62e0702000 ---p 00000000 00:00 0 
7f62e0702000-7f62e0800000 rw-p 00000000 00:00 0 
7f62e0800000-7f62e0803000 ---p 00000000 00:00 0 
7f62e0803000-7f62e0901000 rw-p 00000000 00:00 0 
7f62e0901000-7f62e0917000 r-xp 00000000 08:01 17703762                   /usr/lib/jvm/java-8-oracle/jre/lib/amd64/libnet.so
7f62e0917000-7f62e0b17000 ---p 00016000 08:01 17703762                   /usr/lib/jvm/java-8-oracle/jre/lib/amd64/libnet.so
7f62e0b17000-7f62e0b18000 rw-p 00016000 08:01 17703762                   /usr/lib/jvm/java-8-oracle/jre/lib/amd64/libnet.so
7f62e0b18000-7f62e0b69000 rw-p 00000000 00:00 0 
7f62e0b69000-7f62e0d6c000 r--s 022ba000 08:01 14419835                   /home/sumit/java/eclipse/plugins/com.google.gwt.eclipse.sdkbundle_2.7.0/gwt-2.7.0/gwt-dev.jar
7f62e0d6c000-7f62e0d9a000 rw-p 00000000 00:00 0 
7f62e0d9a000-7f62e0eca000 r--s 01d5b000 08:01 14419894                   /home/sumit/java/eclipse/plugins/com.google.gwt.eclipse.sdkbundle_2.7.0/gwt-2.7.0/gwt-user.jar
7f62e0eca000-7f62e0ecb000 ---p 00000000 00:00 0 
7f62e0ecb000-7f62e0fcb000 rw-p 00000000 00:00 0 
7f62e0fcb000-7f62e0fce000 ---p 00000000 00:00 0 
7f62e0fce000-7f62e10cc000 rw-p 00000000 00:00 0 
7f62e10cc000-7f62e10cf000 ---p 00000000 00:00 0 
7f62e10cf000-7f62e11cd000 rw-p 00000000 00:00 0 
7f62e11cd000-7f62e11d0000 ---p 00000000 00:00 0 
7f62e11d0000-7f62e12ce000 rw-p 00000000 00:00 0 
7f62e12ce000-7f62e12d1000 ---p 00000000 00:00 0 
7f62e12d1000-7f62e13cf000 rw-p 00000000 00:00 0 
7f62e13cf000-7f62e13d2000 ---p 00000000 00:00 0 
7f62e13d2000-7f62e14d0000 rw-p 00000000 00:00 0 
7f62e14d0000-7f62e1bb2000 r--p 00000000 08:01 17308283                   /usr/lib/locale/locale-archive
7f62e1bb2000-7f62e1bb5000 ---p 00000000 00:00 0 
7f62e1bb5000-7f62e1cb3000 rw-p 00000000 00:00 0 
7f62e1cb3000-7f62e1cb6000 ---p 00000000 00:00 0 
7f62e1cb6000-7f62e1db4000 rw-p 00000000 00:00 0 
7f62e1db4000-7f62e1db5000 ---p 00000000 00:00 0 
7f62e1db5000-7f62e2e27000 rw-p 00000000 00:00 0 
7f62e2e27000-7f62e3000000 r--s 03d1f000 08:01 17703810                   /usr/lib/jvm/java-8-oracle/jre/lib/rt.jar
7f62e3000000-7f62e4000000 rw-p 00000000 00:00 0 
7f62e4000000-7f62e402b000 rw-p 00000000 00:00 0 
7f62e402b000-7f62e8000000 ---p 00000000 00:00 0 
7f62e8003000-7f62e8004000 rw-p 00000000 00:00 0 
7f62e8004000-7f62e800e000 r--s 00116000 08:01 17703790                   /usr/lib/jvm/java-8-oracle/jre/lib/ext/localedata.jar
7f62e800e000-7f62e8014000 r--s 0003d000 08:01 1316061                    /home/sumit/java/GWTProject/AssetMS/LoginDemo (2)/war/WEB-INF/lib/gwt-crypto-2.3.0.jar
7f62e8014000-7f62e801e000 r--s 000e7000 08:01 1316060                    /home/sumit/java/GWTProject/AssetMS/LoginDemo (2)/war/WEB-INF/lib/mysql-connector-java-5.1.38-bin.jar
7f62e801e000-7f62e8a3e000 rw-p 00000000 00:00 0 
7f62e8a3e000-7f62e8a3f000 ---p 00000000 00:00 0 
7f62e8a3f000-7f62e8b3f000 rw-p 00000000 00:00 0 
7f62e8b3f000-7f62e8b40000 ---p 00000000 00:00 0 
7f62e8b40000-7f62e8c4f000 rw-p 00000000 00:00 0 
7f62e8c4f000-7f62e9000000 ---p 00000000 00:00 0 
7f62e9000000-7f62e93a0000 rwxp 00000000 00:00 0 
7f62e93a0000-7f62f8000000 ---p 00000000 00:00 0 
7f62f8000000-7f62f83e3000 rw-p 00000000 00:00 0 
7f62f83e3000-7f62fc000000 ---p 00000000 00:00 0 
7f62fc000000-7f62fc001000 r--s 0000a000 08:01 17703796                   /usr/lib/jvm/java-8-oracle/jre/lib/ext/jaccess.jar
7f62fc001000-7f62fc005000 r--s 0003a000 08:01 17703791                   /usr/lib/jvm/java-8-oracle/jre/lib/ext/sunpkcs11.jar
7f62fc005000-7f62fc047000 rw-p 00000000 00:00 0 
7f62fc047000-7f62fc048000 ---p 00000000 00:00 0 
7f62fc048000-7f62fc148000 rw-p 00000000 00:00 0 
7f62fc148000-7f62fc149000 ---p 00000000 00:00 0 
7f62fc149000-7f62fc25e000 rw-p 00000000 00:00 0 
7f62fc25e000-7f62fc2f3000 ---p 00000000 00:00 0 
7f62fc2f3000-7f62fc306000 rw-p 00000000 00:00 0 
7f62fc306000-7f62fc349000 ---p 00000000 00:00 0 
7f62fc349000-7f62fc34a000 rw-p 00000000 00:00 0 
7f62fc34a000-7f62fc364000 r-xp 00000000 08:01 17703739                   /usr/lib/jvm/java-8-oracle/jre/lib/amd64/libzip.so
7f62fc364000-7f62fc564000 ---p 0001a000 08:01 17703739                   /usr/lib/jvm/java-8-oracle/jre/lib/amd64/libzip.so
7f62fc564000-7f62fc565000 rw-p 0001a000 08:01 17703739                   /usr/lib/jvm/java-8-oracle/jre/lib/amd64/libzip.so
7f62fc565000-7f62fc56f000 r-xp 00000000 08:01 7871520                    /lib/x86_64-linux-gnu/libnss_files-2.19.so
7f62fc56f000-7f62fc76e000 ---p 0000a000 08:01 7871520                    /lib/x86_64-linux-gnu/libnss_files-2.19.so
7f62fc76e000-7f62fc76f000 r--p 00009000 08:01 7871520                    /lib/x86_64-linux-gnu/libnss_files-2.19.so
7f62fc76f000-7f62fc770000 rw-p 0000a000 08:01 7871520                    /lib/x86_64-linux-gnu/libnss_files-2.19.so
7f62fc770000-7f62fc77b000 r-xp 00000000 08:01 7871512                    /lib/x86_64-linux-gnu/libnss_nis-2.19.so
7f62fc77b000-7f62fc97a000 ---p 0000b000 08:01 7871512                    /lib/x86_64-linux-gnu/libnss_nis-2.19.so
7f62fc97a000-7f62fc97b000 r--p 0000a000 08:01 7871512                    /lib/x86_64-linux-gnu/libnss_nis-2.19.so
7f62fc97b000-7f62fc97c000 rw-p 0000b000 08:01 7871512                    /lib/x86_64-linux-gnu/libnss_nis-2.19.so
7f62fc97c000-7f62fc993000 r-xp 00000000 08:01 7871508                    /lib/x86_64-linux-gnu/libnsl-2.19.so
7f62fc993000-7f62fcb92000 ---p 00017000 08:01 7871508                    /lib/x86_64-linux-gnu/libnsl-2.19.so
7f62fcb92000-7f62fcb93000 r--p 00016000 08:01 7871508                    /lib/x86_64-linux-gnu/libnsl-2.19.so
7f62fcb93000-7f62fcb94000 rw-p 00017000 08:01 7871508                    /lib/x86_64-linux-gnu/libnsl-2.19.so
7f62fcb94000-7f62fcb96000 rw-p 00000000 00:00 0 
7f62fcb96000-7f62fcb9f000 r-xp 00000000 08:01 7871507                    /lib/x86_64-linux-gnu/libnss_compat-2.19.so
7f62fcb9f000-7f62fcd9e000 ---p 00009000 08:01 7871507                    /lib/x86_64-linux-gnu/libnss_compat-2.19.so
7f62fcd9e000-7f62fcd9f000 r--p 00008000 08:01 7871507                    /lib/x86_64-linux-gnu/libnss_compat-2.19.so
7f62fcd9f000-7f62fcda0000 rw-p 00009000 08:01 7871507                    /lib/x86_64-linux-gnu/libnss_compat-2.19.so
7f62fcda0000-7f62fcdca000 r-xp 00000000 08:01 17703732                   /usr/lib/jvm/java-8-oracle/jre/lib/amd64/libjava.so
7f62fcdca000-7f62fcfca000 ---p 0002a000 08:01 17703732                   /usr/lib/jvm/java-8-oracle/jre/lib/amd64/libjava.so
7f62fcfca000-7f62fcfcc000 rw-p 0002a000 08:01 17703732                   /usr/lib/jvm/java-8-oracle/jre/lib/amd64/libjava.so
7f62fcfcc000-7f62fcfd9000 r-xp 00000000 08:01 17703766                   /usr/lib/jvm/java-8-oracle/jre/lib/amd64/libverify.so
7f62fcfd9000-7f62fd1d9000 ---p 0000d000 08:01 17703766                   /usr/lib/jvm/java-8-oracle/jre/lib/amd64/libverify.so
7f62fd1d9000-7f62fd1db000 rw-p 0000d000 08:01 17703766                   /usr/lib/jvm/java-8-oracle/jre/lib/amd64/libverify.so
7f62fd1db000-7f62fd1e2000 r-xp 00000000 08:01 7871516                    /lib/x86_64-linux-gnu/librt-2.19.so
7f62fd1e2000-7f62fd3e1000 ---p 00007000 08:01 7871516                    /lib/x86_64-linux-gnu/librt-2.19.so
7f62fd3e1000-7f62fd3e2000 r--p 00006000 08:01 7871516                    /lib/x86_64-linux-gnu/librt-2.19.so
7f62fd3e2000-7f62fd3e3000 rw-p 00007000 08:01 7871516                    /lib/x86_64-linux-gnu/librt-2.19.so
7f62fd3e3000-7f62fd4e8000 r-xp 00000000 08:01 7871502                    /lib/x86_64-linux-gnu/libm-2.19.so
7f62fd4e8000-7f62fd6e7000 ---p 00105000 08:01 7871502                    /lib/x86_64-linux-gnu/libm-2.19.so
7f62fd6e7000-7f62fd6e8000 r--p 00104000 08:01 7871502                    /lib/x86_64-linux-gnu/libm-2.19.so
7f62fd6e8000-7f62fd6e9000 rw-p 00105000 08:01 7871502                    /lib/x86_64-linux-gnu/libm-2.19.so
7f62fd6e9000-7f62fe3a9000 r-xp 00000000 08:01 17703745                   /usr/lib/jvm/java-8-oracle/jre/lib/amd64/server/libjvm.so
7f62fe3a9000-7f62fe5a9000 ---p 00cc0000 08:01 17703745                   /usr/lib/jvm/java-8-oracle/jre/lib/amd64/server/libjvm.so
7f62fe5a9000-7f62fe681000 rw-p 00cc0000 08:01 17703745                   /usr/lib/jvm/java-8-oracle/jre/lib/amd64/server/libjvm.so
7f62fe681000-7f62fe6cc000 rw-p 00000000 00:00 0 
7f62fe6cc000-7f62fe886000 r-xp 00000000 08:01 7871517                    /lib/x86_64-linux-gnu/libc-2.19.so
7f62fe886000-7f62fea86000 ---p 001ba000 08:01 7871517                    /lib/x86_64-linux-gnu/libc-2.19.so
7f62fea86000-7f62fea8a000 r--p 001ba000 08:01 7871517                    /lib/x86_64-linux-gnu/libc-2.19.so
7f62fea8a000-7f62fea8c000 rw-p 001be000 08:01 7871517                    /lib/x86_64-linux-gnu/libc-2.19.so
7f62fea8c000-7f62fea91000 rw-p 00000000 00:00 0 
7f62fea91000-7f62fea94000 r-xp 00000000 08:01 7871504                    /lib/x86_64-linux-gnu/libdl-2.19.so
7f62fea94000-7f62fec93000 ---p 00003000 08:01 7871504                    /lib/x86_64-linux-gnu/libdl-2.19.so
7f62fec93000-7f62fec94000 r--p 00002000 08:01 7871504                    /lib/x86_64-linux-gnu/libdl-2.19.so
7f62fec94000-7f62fec95000 rw-p 00003000 08:01 7871504                    /lib/x86_64-linux-gnu/libdl-2.19.so
7f62fec95000-7f62fecaa000 r-xp 00000000 08:01 17836476                   /usr/lib/jvm/java-8-oracle/lib/amd64/jli/libjli.so
7f62fecaa000-7f62feeaa000 ---p 00015000 08:01 17836476                   /usr/lib/jvm/java-8-oracle/lib/amd64/jli/libjli.so
7f62feeaa000-7f62feeab000 rw-p 00015000 08:01 17836476                   /usr/lib/jvm/java-8-oracle/lib/amd64/jli/libjli.so
7f62feeab000-7f62feec4000 r-xp 00000000 08:01 7871509                    /lib/x86_64-linux-gnu/libpthread-2.19.so
7f62feec4000-7f62ff0c3000 ---p 00019000 08:01 7871509                    /lib/x86_64-linux-gnu/libpthread-2.19.so
7f62ff0c3000-7f62ff0c4000 r--p 00018000 08:01 7871509                    /lib/x86_64-linux-gnu/libpthread-2.19.so
7f62ff0c4000-7f62ff0c5000 rw-p 00019000 08:01 7871509                    /lib/x86_64-linux-gnu/libpthread-2.19.so
7f62ff0c5000-7f62ff0c9000 rw-p 00000000 00:00 0 
7f62ff0c9000-7f62ff0ec000 r-xp 00000000 08:01 7871510                    /lib/x86_64-linux-gnu/ld-2.19.so
7f62ff0ec000-7f62ff0ed000 r--s 00010000 08:01 17703794                   /usr/lib/jvm/java-8-oracle/jre/lib/ext/zipfs.jar
7f62ff0ed000-7f62ff0ef000 r--s 00001000 08:01 17703793                   /usr/lib/jvm/java-8-oracle/jre/lib/ext/dnsns.jar
7f62ff0ef000-7f62ff0f1000 r--s 0000e000 08:01 14419904                   /home/sumit/java/eclipse/plugins/com.google.gwt.eclipse.sdkbundle_2.7.0/gwt-2.7.0/validation-api-1.0.0.GA-sources.jar
7f62ff0f1000-7f62ff0f4000 r--s 00009000 08:01 14419901                   /home/sumit/java/eclipse/plugins/com.google.gwt.eclipse.sdkbundle_2.7.0/gwt-2.7.0/validation-api-1.0.0.GA.jar
7f62ff0f4000-7f62ff131000 rw-p 00000000 00:00 0 
7f62ff131000-7f62ff1c7000 ---p 00000000 00:00 0 
7f62ff1c7000-7f62ff1ca000 ---p 00000000 00:00 0 
7f62ff1ca000-7f62ff2cc000 rw-p 00000000 00:00 0 
7f62ff2cc000-7f62ff2cd000 r--s 00009000 08:01 17703788                   /usr/lib/jvm/java-8-oracle/jre/lib/ext/sunec.jar
7f62ff2cd000-7f62ff2d1000 r--s 00097000 08:01 17703687                   /usr/lib/jvm/java-8-oracle/jre/lib/jsse.jar
7f62ff2d1000-7f62ff2d5000 r--s 0002d000 08:01 14419912                   /home/sumit/java/eclipse/plugins/com.google.gwt.eclipse.sdkbundle_2.7.0/gwt-2.7.0/gwt-codeserver.jar
7f62ff2d5000-7f62ff2df000 rw-p 00000000 00:00 0 
7f62ff2df000-7f62ff2e7000 rw-s 00000000 08:01 3801165                    /tmp/hsperfdata_sumit/4261
7f62ff2e7000-7f62ff2e8000 rw-p 00000000 00:00 0 
7f62ff2e8000-7f62ff2e9000 ---p 00000000 00:00 0 
7f62ff2e9000-7f62ff2eb000 rw-p 00000000 00:00 0 
7f62ff2eb000-7f62ff2ec000 r--p 00022000 08:01 7871510                    /lib/x86_64-linux-gnu/ld-2.19.so
7f62ff2ec000-7f62ff2ed000 rw-p 00023000 08:01 7871510                    /lib/x86_64-linux-gnu/ld-2.19.so
7f62ff2ed000-7f62ff2ee000 rw-p 00000000 00:00 0 
7ffe749a6000-7ffe749c7000 rw-p 00000000 00:00 0                          [stack]
7ffe749f9000-7ffe749fb000 r--p 00000000 00:00 0                          [vvar]
7ffe749fb000-7ffe749fd000 r-xp 00000000 00:00 0                          [vdso]
ffffffffff600000-ffffffffff601000 r-xp 00000000 00:00 0                  [vsyscall]

VM Arguments:
jvm_args: -Xmx512m -Dfile.encoding=UTF-8 
java_command: com.google.gwt.dev.DevMode -remoteUI 34102:3175419553203 -startupUrl app.html -logLevel INFO -codeServerPort 9997 -port 8888 -war /home/sumit/java/GWTProject/AssetMS/LoginDemo (2)/war com.smt.appModule
java_class_path (initial): /home/sumit/java/GWTProject/AssetMS/LoginDemo (2)/src:/home/sumit/java/GWTProject/AssetMS/LoginDemo (2)/war/WEB-INF/classes:/home/sumit/java/eclipse/plugins/com.google.gwt.eclipse.sdkbundle_2.7.0/gwt-2.7.0/gwt-user.jar:/home/sumit/java/eclipse/plugins/com.google.gwt.eclipse.sdkbundle_2.7.0/gwt-2.7.0/gwt-codeserver.jar:/home/sumit/java/eclipse/plugins/com.google.gwt.eclipse.sdkbundle_2.7.0/gwt-2.7.0/gwt-dev.jar:/home/sumit/java/eclipse/plugins/com.google.gwt.eclipse.sdkbundle_2.7.0/gwt-2.7.0/validation-api-1.0.0.GA.jar:/home/sumit/java/eclipse/plugins/com.google.gwt.eclipse.sdkbundle_2.7.0/gwt-2.7.0/validation-api-1.0.0.GA-sources.jar:/home/sumit/java/GWTProject/AssetMS/LoginDemo (2)/war/WEB-INF/lib/mysql-connector-java-5.1.38-bin.jar:/home/sumit/java/GWTProject/AssetMS/LoginDemo (2)/war/WEB-INF/lib/gwt-crypto-2.3.0.jar
Launcher Type: SUN_STANDARD

Environment Variables:
PATH=/usr/local/sbin:/usr/local/bin:/usr/sbin:/usr/bin:/sbin:/bin:/usr/games:/usr/local/games
SHELL=/bin/bash
DISPLAY=:0.0

Signal Handlers:
SIGSEGV: [libjvm.so+0xabca10], sa_mask[0]=11111111011111111101111111111110, sa_flags=SA_RESTART|SA_SIGINFO
SIGBUS: [libjvm.so+0xabca10], sa_mask[0]=11111111011111111101111111111110, sa_flags=SA_RESTART|SA_SIGINFO
SIGFPE: [libjvm.so+0x919a20], sa_mask[0]=11111111011111111101111111111110, sa_flags=SA_RESTART|SA_SIGINFO
SIGPIPE: [libjvm.so+0x919a20], sa_mask[0]=11111111011111111101111111111110, sa_flags=SA_RESTART|SA_SIGINFO
SIGXFSZ: [libjvm.so+0x919a20], sa_mask[0]=11111111011111111101111111111110, sa_flags=SA_RESTART|SA_SIGINFO
SIGILL: [libjvm.so+0x919a20], sa_mask[0]=11111111011111111101111111111110, sa_flags=SA_RESTART|SA_SIGINFO
SIGUSR1: SIG_DFL, sa_mask[0]=00000000000000000000000000000000, sa_flags=none
SIGUSR2: [libjvm.so+0x91b050], sa_mask[0]=00100000000000000000000000000000, sa_flags=SA_RESTART|SA_SIGINFO
SIGHUP: [libjvm.so+0x91c450], sa_mask[0]=11111111011111111101111111111110, sa_flags=SA_RESTART|SA_SIGINFO
SIGINT: [libjvm.so+0x91c450], sa_mask[0]=11111111011111111101111111111110, sa_flags=SA_RESTART|SA_SIGINFO
SIGTERM: [libjvm.so+0x91c450], sa_mask[0]=11111111011111111101111111111110, sa_flags=SA_RESTART|SA_SIGINFO
SIGQUIT: [libjvm.so+0x91c450], sa_mask[0]=11111111011111111101111111111110, sa_flags=SA_RESTART|SA_SIGINFO


---------------  S Y S T E M  ---------------

OS:DISTRIB_ID=Ubuntu
DISTRIB_RELEASE=14.04
DISTRIB_CODENAME=trusty
DISTRIB_DESCRIPTION="Ubuntu 14.04.4 LTS"

uname:Linux 4.2.0-36-generic #42~14.04.1-Ubuntu SMP Fri May 13 17:27:22 UTC 2016 x86_64
libc:glibc 2.19 NPTL 2.19 
rlimit: STACK 8192k, CORE 0k, NPROC 15495, NOFILE 4096, AS infinity
load average:1.77 1.07 0.79

/proc/meminfo:
MemTotal:        3988900 kB
MemFree:          686712 kB
MemAvailable:    1155424 kB
Buffers:           35220 kB
Cached:           658056 kB
SwapCached:        13128 kB
Active:          2087824 kB
Inactive:        1013204 kB
Active(anon):    1828696 kB
Inactive(anon):   822232 kB
Active(file):     259128 kB
Inactive(file):   190972 kB
Unevictable:         240 kB
Mlocked:             240 kB
SwapTotal:       4135932 kB
SwapFree:        3942152 kB
Dirty:               500 kB
Writeback:             0 kB
AnonPages:       2405508 kB
Mapped:           287624 kB
Shmem:            243192 kB
Slab:              82432 kB
SReclaimable:      48144 kB
SUnreclaim:        34288 kB
KernelStack:       10864 kB
PageTables:        44916 kB
NFS_Unstable:          0 kB
Bounce:                0 kB
WritebackTmp:          0 kB
CommitLimit:     6130380 kB
Committed_AS:    8271264 kB
VmallocTotal:   34359738367 kB
VmallocUsed:      357976 kB
VmallocChunk:   34358947836 kB
HardwareCorrupted:     0 kB
AnonHugePages:   1091584 kB
CmaTotal:              0 kB
CmaFree:               0 kB
HugePages_Total:       0
HugePages_Free:        0
HugePages_Rsvd:        0
HugePages_Surp:        0
Hugepagesize:       2048 kB
DirectMap4k:      139520 kB
DirectMap2M:     3997696 kB


CPU:total 4 (2 cores per cpu, 2 threads per core) family 6 model 42 stepping 7, cmov, cx8, fxsr, mmx, sse, sse2, sse3, ssse3, sse4.1, sse4.2, popcnt, avx, clmul, ht, tsc, tscinvbit

/proc/cpuinfo:
processor	: 0
vendor_id	: GenuineIntel
cpu family	: 6
model		: 42
model name	: Intel(R) Core(TM) i3-2330M CPU @ 2.20GHz
stepping	: 7
microcode	: 0x17
cpu MHz		: 799.992
cache size	: 3072 KB
physical id	: 0
siblings	: 4
core id		: 0
cpu cores	: 2
apicid		: 0
initial apicid	: 0
fpu		: yes
fpu_exception	: yes
cpuid level	: 13
wp		: yes
flags		: fpu vme de pse tsc msr pae mce cx8 apic sep mtrr pge mca cmov pat pse36 clflush dts acpi mmx fxsr sse sse2 ss ht tm pbe syscall nx rdtscp lm constant_tsc arch_perfmon pebs bts rep_good nopl xtopology nonstop_tsc aperfmperf eagerfpu pni pclmulqdq dtes64 monitor ds_cpl vmx est tm2 ssse3 cx16 xtpr pdcm pcid sse4_1 sse4_2 x2apic popcnt tsc_deadline_timer xsave avx lahf_lm arat epb pln pts dtherm tpr_shadow vnmi flexpriority ept vpid xsaveopt
bugs		:
bogomips	: 4390.09
clflush size	: 64
cache_alignment	: 64
address sizes	: 36 bits physical, 48 bits virtual
power management:

processor	: 1
vendor_id	: GenuineIntel
cpu family	: 6
model		: 42
model name	: Intel(R) Core(TM) i3-2330M CPU @ 2.20GHz
stepping	: 7
microcode	: 0x17
cpu MHz		: 799.992
cache size	: 3072 KB
physical id	: 0
siblings	: 4
core id		: 0
cpu cores	: 2
apicid		: 1
initial apicid	: 1
fpu		: yes
fpu_exception	: yes
cpuid level	: 13
wp		: yes
flags		: fpu vme de pse tsc msr pae mce cx8 apic sep mtrr pge mca cmov pat pse36 clflush dts acpi mmx fxsr sse sse2 ss ht tm pbe syscall nx rdtscp lm constant_tsc arch_perfmon pebs bts rep_good nopl xtopology nonstop_tsc aperfmperf eagerfpu pni pclmulqdq dtes64 monitor ds_cpl vmx est tm2 ssse3 cx16 xtpr pdcm pcid sse4_1 sse4_2 x2apic popcnt tsc_deadline_timer xsave avx lahf_lm arat epb pln pts dtherm tpr_shadow vnmi flexpriority ept vpid xsaveopt
bugs		:
bogomips	: 4390.09
clflush size	: 64
cache_alignment	: 64
address sizes	: 36 bits physical, 48 bits virtual
power management:

processor	: 2
vendor_id	: GenuineIntel
cpu family	: 6
model		: 42
model name	: Intel(R) Core(TM) i3-2330M CPU @ 2.20GHz
stepping	: 7
microcode	: 0x17
cpu MHz		: 799.992
cache size	: 3072 KB
physical id	: 0
siblings	: 4
core id		: 1
cpu cores	: 2
apicid		: 2
initial apicid	: 2
fpu		: yes
fpu_exception	: yes
cpuid level	: 13
wp		: yes
flags		: fpu vme de pse tsc msr pae mce cx8 apic sep mtrr pge mca cmov pat pse36 clflush dts acpi mmx fxsr sse sse2 ss ht tm pbe syscall nx rdtscp lm constant_tsc arch_perfmon pebs bts rep_good nopl xtopology nonstop_tsc aperfmperf eagerfpu pni pclmulqdq dtes64 monitor ds_cpl vmx est tm2 ssse3 cx16 xtpr pdcm pcid sse4_1 sse4_2 x2apic popcnt tsc_deadline_timer xsave avx lahf_lm arat epb pln pts dtherm tpr_shadow vnmi flexpriority ept vpid xsaveopt
bugs		:
bogomips	: 4390.09
clflush size	: 64
cache_alignment	: 64
address sizes	: 36 bits physical, 48 bits virtual
power management:

processor	: 3
vendor_id	: GenuineIntel
cpu family	: 6
model		: 42
model name	: Intel(R) Core(TM) i3-2330M CPU @ 2.20GHz
stepping	: 7
microcode	: 0x17
cpu MHz		: 799.992
cache size	: 3072 KB
physical id	: 0
siblings	: 4
core id		: 1
cpu cores	: 2
apicid		: 3
initial apicid	: 3
fpu		: yes
fpu_exception	: yes
cpuid level	: 13
wp		: yes
flags		: fpu vme de pse tsc msr pae mce cx8 apic sep mtrr pge mca cmov pat pse36 clflush dts acpi mmx fxsr sse sse2 ss ht tm pbe syscall nx rdtscp lm constant_tsc arch_perfmon pebs bts rep_good nopl xtopology nonstop_tsc aperfmperf eagerfpu pni pclmulqdq dtes64 monitor ds_cpl vmx est tm2 ssse3 cx16 xtpr pdcm pcid sse4_1 sse4_2 x2apic popcnt tsc_deadline_timer xsave avx lahf_lm arat epb pln pts dtherm tpr_shadow vnmi flexpriority ept vpid xsaveopt
bugs		:
bogomips	: 4390.09
clflush size	: 64
cache_alignment	: 64
address sizes	: 36 bits physical, 48 bits virtual
power management:



Memory: 4k page, physical 3988900k(686712k free), swap 4135932k(3942152k free)

vm_info: Java HotSpot(TM) 64-Bit Server VM (25.91-b14) for linux-amd64 JRE (1.8.0_91-b14), built on Apr  1 2016 00:57:21 by "java_re" with gcc 4.3.0 20080428 (Red Hat 4.3.0-8)

time: Sat Jun 18 14:41:37 2016
elapsed time: 2 seconds (0d 0h 0m 2s)

