#
# A fatal error has been detected by the Java Runtime Environment:
#
#  SIGSEGV (0xb) at pc=0x00007f62dd90f583, pid=9848, tid=140062244300544
#
# JRE version: Java(TM) SE Runtime Environment (8.0_91-b14) (build 1.8.0_91-b14)
# Java VM: Java HotSpot(TM) 64-Bit Server VM (25.91-b14 mixed mode linux-amd64 compressed oops)
# Problematic frame:
# V  [libjvm.so+0x986583]  oopDesc* PSPromotionManager::copy_to_survivor_space<false>(oopDesc*)+0x143
#
# Failed to write core dump. Core dumps have been disabled. To enable core dumping, try "ulimit -c unlimited" before starting Java again
#
# If you would like to submit a bug report, please visit:
#   http://bugreport.java.com/bugreport/crash.jsp
#

---------------  T H R E A D  ---------------

Current thread (0x00007f62d8024800):  GCTaskThread [stack: 0x00007f62c8416000,0x00007f62c8517000] [id=9857]

siginfo: si_signo: 11 (SIGSEGV), si_code: 1 (SEGV_MAPERR), si_addr: 0x0000000000000030

Registers:
RAX=0x00007f62ddf0c490, RBX=0x00000000f96ef99c, RCX=0x0000000000000003, RDX=0x0000000000000001
RSP=0x00007f62c8515a60, RBP=0x00007f62c8515ad0, RSI=0x00000000f682dd40, RDI=0x0000000000000028
R8 =0x00000000f96ef990, R9 =0x00007f62ddf3fed0, R10=0x00007f62ddf30879, R11=0x00007f62c8515a10
R12=0x00000000f682dd40, R13=0x70920c1d00000000, R14=0x0000000000000000, R15=0x00007f62d8076c28
RIP=0x00007f62dd90f583, EFLAGS=0x0000000000010206, CSGSFS=0x0000000000000033, ERR=0x0000000000000004
  TRAPNO=0x000000000000000e

Top of Stack: (sp=0x00007f62c8515a60)
0x00007f62c8515a60:   00000000e3cfff38 00007f62ddf30879
0x00007f62c8515a70:   00000000e3cfff44 00007f62d8076bc0
0x00007f62c8515a80:   00000000f9625df9 00007f62dd5d0f53
0x00007f62c8515a90:   00000000f96ec020 0000000000001000
0x00007f62c8515aa0:   0000000de3cffae8 00000000f96ef99c
0x00007f62c8515ab0:   00007f62d8076bc0 00007f62ddf0c480
0x00007f62c8515ac0:   0000000000000000 00007f62d8076c28
0x00007f62c8515ad0:   00007f62c8515bc0 00007f62dd90ee50
0x00007f62c8515ae0:   00007f62c8515b40 00007f62c8515b50
0x00007f62c8515af0:   00007f62c8515b60 00007f62c8515b20
0x00007f62c8515b00:   00007f62c8515b30 00007f62c8515b80
0x00007f62c8515b10:   00000000e3e5aa6c 00007f62d8076c58
0x00007f62c8515b20:   00000000e3d311c0 00007f62d8076c20
0x00007f62c8515b30:   00007f62d801c710 00000000e3d3b1c4
0x00007f62c8515b40:   00007f62c8515bc0 00007f62dd882e8f
0x00007f62c8515b50:   00000001001885f0 00000000e3e357c0
0x00007f62c8515b60:   00007f62c8515bc0 00007f62dd5ceb90
0x00007f62c8515b70:   00000000e3d3bfe1 00007f62ddf3fed0
0x00007f62c8515b80:   00000000f96ef99d 00007f62d8076c20
0x00007f62c8515b90:   0000000000000000 00000000e3e36420
0x00007f62c8515ba0:   00000000e3e36400 00007f62c87381b2
0x00007f62c8515bb0:   00007f62d801c710 00007f62c8738201
0x00007f62c8515bc0:   00007f62c8515c80 00007f62dd3878ae
0x00007f62c8515bd0:   00007f62d80205a0 00007f62c8738200
0x00007f62c8515be0:   00007f62c8738181 00007f62ddf30879
0x00007f62c8515bf0:   00007f62d8076bc0 00000000e4a447c8
0x00007f62c8515c00:   00007f62d801c450 00007f62c873e224
0x00007f62c8515c10:   00000000e3e34008 0000000000000200
0x00007f62c8515c20:   00000000e3e40088 00007f62c87381a1
0x00007f62c8515c30:   0000000000000240 00007f62c8738200
0x00007f62c8515c40:   00007f62c8738380 00007f62c87381b2
0x00007f62c8515c50:   00007f62c87381a1 00007f62d80287f0 

Instructions: (pc=0x00007f62dd90f583)
0x00007f62dd90f563:   83 e0 07 48 83 f8 05 75 d3 31 db eb d6 48 8b 05
0x00007f62dd90f573:   31 df 5d 00 8b 7e 08 8b 48 08 48 d3 e7 48 03 38
0x00007f62dd90f583:   8b 77 08 83 fe 00 0f 8f 0a ff ff ff 0f 85 4b 02
0x00007f62dd90f593:   00 00 0f 1f 00 48 8b 07 4c 89 e6 4c 89 55 98 ff 

Register to memory mapping:

RAX=0x00007f62ddf0c490: <offset 0xf83490> in /usr/lib/jvm/java-8-oracle/jre/lib/amd64/server/libjvm.so at 0x00007f62dcf89000
RBX=0x00000000f96ef99c is an unknown value
RCX=0x0000000000000003 is an unknown value
RDX=0x0000000000000001 is an unknown value
RSP=0x00007f62c8515a60 is an unknown value
RBP=0x00007f62c8515ad0 is an unknown value
RSI=0x00000000f682dd40 is an oop

[error occurred during error reporting (printing register info), id 0xb]

Stack: [0x00007f62c8416000,0x00007f62c8517000],  sp=0x00007f62c8515a60,  free space=1022k
Native frames: (J=compiled Java code, j=interpreted, Vv=VM code, C=native code)
V  [libjvm.so+0x986583]  oopDesc* PSPromotionManager::copy_to_survivor_space<false>(oopDesc*)+0x143
V  [libjvm.so+0x985e50]  PSPromotionManager::drain_stacks_depth(bool)+0x830
V  [libjvm.so+0x3fe8ae]  CardTableExtension::scavenge_contents_parallel(ObjectStartArray*, MutableSpace*, HeapWord*, PSPromotionManager*, unsigned int, unsigned int)+0xafe
V  [libjvm.so+0x9896cb]  OldToYoungRootsTask::do_it(GCTaskManager*, unsigned int)+0x4b
V  [libjvm.so+0x5d584f]  GCTaskThread::run()+0x12f
V  [libjvm.so+0x91ef78]  java_start(Thread*)+0x108


---------------  P R O C E S S  ---------------

Java Threads: ( => current thread )
  0x00007f6254032800 JavaThread "pool-3-thread-1" [_thread_blocked, id=9902, stack(0x00007f628b9f4000,0x00007f628baf5000)]
  0x00007f62781e7800 JavaThread "qtp1874336794-45" [_thread_blocked, id=9899, stack(0x00007f625ae07000,0x00007f625af08000)]
  0x00007f62781e5800 JavaThread "qtp1874336794-44" [_thread_blocked, id=9898, stack(0x00007f625af08000,0x00007f625b009000)]
  0x00007f62781e3800 JavaThread "qtp1874336794-43" [_thread_blocked, id=9897, stack(0x00007f625b009000,0x00007f625b10a000)]
  0x00007f62781e1800 JavaThread "qtp1874336794-42" [_thread_blocked, id=9896, stack(0x00007f625b10a000,0x00007f625b20b000)]
  0x00007f62781df800 JavaThread "qtp1874336794-41" [_thread_blocked, id=9895, stack(0x00007f625b20b000,0x00007f625b30c000)]
  0x00007f62781dd800 JavaThread "qtp1874336794-40 Acceptor0 SelectChannelConnector@127.0.0.1:9876" [_thread_in_native, id=9894, stack(0x00007f625b30c000,0x00007f625b40d000)]
  0x00007f62781db800 JavaThread "qtp1874336794-39" [_thread_blocked, id=9893, stack(0x00007f625b40d000,0x00007f625b50e000)]
  0x00007f62781da000 JavaThread "qtp1874336794-38 Selector0" [_thread_in_native, id=9892, stack(0x00007f625b50e000,0x00007f625b60f000)]
  0x00007f62781d6800 JavaThread "HashSessionScavenger-1" daemon [_thread_blocked, id=9891, stack(0x00007f625b60f000,0x00007f625b710000)]
  0x00007f62d86d2800 JavaThread "qtp1199219058-34" [_thread_blocked, id=9890, stack(0x00007f625bbfc000,0x00007f625bcfd000)]
  0x00007f62d86d0800 JavaThread "qtp1199219058-33" [_thread_blocked, id=9889, stack(0x00007f625bcfd000,0x00007f625bdfe000)]
  0x00007f62d8530000 JavaThread "qtp1199219058-32" [_thread_blocked, id=9888, stack(0x00007f625bdfe000,0x00007f625beff000)]
  0x00007f62d852e800 JavaThread "qtp1199219058-31" [_thread_blocked, id=9887, stack(0x00007f625beff000,0x00007f625c000000)]
  0x00007f62d852c800 JavaThread "qtp1199219058-30" [_thread_blocked, id=9886, stack(0x00007f62880b9000,0x00007f62881ba000)]
  0x00007f62d852a800 JavaThread "qtp1199219058-29" [_thread_blocked, id=9885, stack(0x00007f62881ba000,0x00007f62882bb000)]
  0x00007f62d8529800 JavaThread "qtp1199219058-28 Acceptor0 SelectChannelConnector@127.0.0.1:8888" [_thread_in_native, id=9884, stack(0x00007f62882bb000,0x00007f62883bc000)]
  0x00007f62d8534800 JavaThread "qtp1199219058-27 Selector0" [_thread_in_native, id=9883, stack(0x00007f62883bc000,0x00007f62884bd000)]
  0x00007f62d84b1000 JavaThread "Abandoned connection cleanup thread" daemon [_thread_blocked, id=9882, stack(0x00007f628aecf000,0x00007f628afd0000)]
  0x00007f627819a800 JavaThread "pool-2-thread-1" daemon [_thread_blocked, id=9881, stack(0x00007f6288abd000,0x00007f6288bbe000)]
  0x00007f62d8560800 JavaThread "HashSessionScavenger-0" daemon [_thread_blocked, id=9880, stack(0x00007f6288c76000,0x00007f6288d77000)]
  0x00007f62d83b4000 JavaThread "GC Daemon" daemon [_thread_blocked, id=9878, stack(0x00007f628baf5000,0x00007f628bbf6000)]
  0x00007f6274184800 JavaThread "Timer-0" daemon [_thread_blocked, id=9876, stack(0x00007f628bdfe000,0x00007f628beff000)]
  0x00007f62d80e9800 JavaThread "pool-1-thread-1" [_thread_blocked, id=9873, stack(0x00007f628bbf6000,0x00007f628bcf7000)]
  0x00007f62d8253000 JavaThread "Thread-2" daemon [_thread_blocked, id=9870, stack(0x00007f628beff000,0x00007f628c000000)]
  0x00007f62d8251800 JavaThread "Thread-1" [_thread_in_native, id=9869, stack(0x00007f62c0091000,0x00007f62c0192000)]
  0x00007f62d80cc000 JavaThread "Service Thread" daemon [_thread_blocked, id=9866, stack(0x00007f62c082e000,0x00007f62c092f000)]
  0x00007f62d80be800 JavaThread "C1 CompilerThread2" daemon [_thread_blocked, id=9865, stack(0x00007f62c092f000,0x00007f62c0a30000)]
  0x00007f62d80bc800 JavaThread "C2 CompilerThread1" daemon [_thread_blocked, id=9864, stack(0x00007f62c0a30000,0x00007f62c0b31000)]
  0x00007f62d80ba000 JavaThread "C2 CompilerThread0" daemon [_thread_in_native, id=9863, stack(0x00007f62c0b31000,0x00007f62c0c32000)]
  0x00007f62d80b8800 JavaThread "Signal Dispatcher" daemon [_thread_blocked, id=9862, stack(0x00007f62c0c32000,0x00007f62c0d33000)]
  0x00007f62d8085800 JavaThread "Finalizer" daemon [_thread_blocked, id=9861, stack(0x00007f62c1415000,0x00007f62c1516000)]
  0x00007f62d8081000 JavaThread "Reference Handler" daemon [_thread_blocked, id=9860, stack(0x00007f62c1516000,0x00007f62c1617000)]
  0x00007f62d800b800 JavaThread "main" [_thread_blocked, id=9854, stack(0x00007f62dea67000,0x00007f62deb68000)]

Other Threads:
  0x00007f62d8079800 VMThread [stack: 0x00007f62c1617000,0x00007f62c1718000] [id=9859]
  0x00007f62d80ce800 WatcherThread [stack: 0x00007f62c072d000,0x00007f62c082e000] [id=9867]

=>0x00007f62d8024800 (exited) GCTaskThread [stack: 0x00007f62c8416000,0x00007f62c8517000] [id=9857]

VM state:at safepoint (normal execution)

VM Mutex/Monitor currently owned by a thread:  ([mutex/lock_event])
[0x00007f62d8007c90] Threads_lock - owner thread: 0x00007f62d8079800
[0x00007f62d8008190] Heap_lock - owner thread: 0x00007f6254032800

Heap:
 PSYoungGen      total 112128K, used 64000K [0x00000000f5580000, 0x00000000ff900000, 0x0000000100000000)
  eden space 64000K, 100% used [0x00000000f5580000,0x00000000f9400000,0x00000000f9400000)
  from space 48128K, 0% used [0x00000000fca00000,0x00000000fca00000,0x00000000ff900000)
  to   space 51712K, 10% used [0x00000000f9400000,0x00000000f992c020,0x00000000fc680000)
 ParOldGen       total 130048K, used 76057K [0x00000000e0000000, 0x00000000e7f00000, 0x00000000f5580000)
  object space 130048K, 58% used [0x00000000e0000000,0x00000000e4a467c8,0x00000000e7f00000)
 Metaspace       used 31323K, capacity 32110K, committed 32300K, reserved 1077248K
  class space    used 3756K, capacity 3952K, committed 3968K, reserved 1048576K

Card table byte_map: [0x00007f62c8719000,0x00007f62c881a000] byte_map_base: 0x00007f62c8019000

Marking Bits: (ParMarkBitMap*) 0x00007f62ddf3fd60
 Begin Bits: [0x00007f62c3000000, 0x00007f62c3800000)
 End Bits:   [0x00007f62c3800000, 0x00007f62c4000000)

Polling page: 0x00007f62deb88000

CodeCache: size=245760Kb used=9620Kb max_used=9620Kb free=236139Kb
 bounds [0x00007f62c8bda000, 0x00007f62c955a000, 0x00007f62d7bda000]
 total_blobs=3960 nmethods=3457 adapters=416
 compilation: enabled

Compilation events (10 events):
Event: 27.667 Thread 0x00007f62d80be800 4385       1       com.google.gwt.dev.jjs.impl.UnifyAst$UnifyVisitor::endVisit (6 bytes)
Event: 27.668 Thread 0x00007f62d80be800 nmethod 4385 0x00007f62c9549c50 code [0x00007f62c9549da0, 0x00007f62c9549ed0]
Event: 27.668 Thread 0x00007f62d80be800 4386       3       java.util.LinkedList::unlinkFirst (64 bytes)
Event: 27.668 Thread 0x00007f62d80be800 nmethod 4386 0x00007f62c954c450 code [0x00007f62c954c5c0, 0x00007f62c954c7f0]
Event: 27.668 Thread 0x00007f62d80be800 4387       3       com.google.gwt.dev.jjs.impl.UnifyAst::instantiate (413 bytes)
Event: 27.674 Thread 0x00007f62d80bc800 4388       4       java.util.HashMap::put (13 bytes)
Event: 27.675 Thread 0x00007f62d80be800 nmethod 4387 0x00007f62c9552150 code [0x00007f62c9552600, 0x00007f62c9555398]
Event: 27.680 Thread 0x00007f62d80be800 4390       3       com.google.gwt.dev.js.ast.JsNestingScope::nestInto (38 bytes)
Event: 27.681 Thread 0x00007f62d80be800 nmethod 4390 0x00007f62c954bfd0 code [0x00007f62c954c140, 0x00007f62c954c388]
Event: 27.683 Thread 0x00007f62d80be800 4391       3       com.google.gwt.dev.jjs.impl.UnifyAst::flowInto (89 bytes)

GC Heap History (10 events):
Event: 23.805 GC heap after
Heap after GC invocations=17 (full 2):
 PSYoungGen      total 120832K, used 27166K [0x00000000f5580000, 0x0000000100000000, 0x0000000100000000)
  eden space 68608K, 0% used [0x00000000f5580000,0x00000000f5580000,0x00000000f9880000)
  from space 52224K, 52% used [0x00000000f9880000,0x00000000fb307ad0,0x00000000fcb80000)
  to   space 52224K, 0% used [0x00000000fcd00000,0x00000000fcd00000,0x0000000100000000)
 ParOldGen       total 91648K, used 70323K [0x00000000e0000000, 0x00000000e5980000, 0x00000000f5580000)
  object space 91648K, 76% used [0x00000000e0000000,0x00000000e44acd58,0x00000000e5980000)
 Metaspace       used 29977K, capacity 30462K, committed 30976K, reserved 1077248K
  class space    used 3592K, capacity 3720K, committed 3840K, reserved 1048576K
}
Event: 24.300 GC heap before
{Heap before GC invocations=18 (full 2):
 PSYoungGen      total 120832K, used 95774K [0x00000000f5580000, 0x0000000100000000, 0x0000000100000000)
  eden space 68608K, 100% used [0x00000000f5580000,0x00000000f9880000,0x00000000f9880000)
  from space 52224K, 52% used [0x00000000f9880000,0x00000000fb307ad0,0x00000000fcb80000)
  to   space 52224K, 0% used [0x00000000fcd00000,0x00000000fcd00000,0x0000000100000000)
 ParOldGen       total 91648K, used 70323K [0x00000000e0000000, 0x00000000e5980000, 0x00000000f5580000)
  object space 91648K, 76% used [0x00000000e0000000,0x00000000e44acd58,0x00000000e5980000)
 Metaspace       used 29986K, capacity 30468K, committed 30976K, reserved 1077248K
  class space    used 3592K, capacity 3721K, committed 3840K, reserved 1048576K
Event: 24.347 GC heap after
Heap after GC invocations=18 (full 2):
 PSYoungGen      total 113152K, used 40381K [0x00000000f5580000, 0x0000000100000000, 0x0000000100000000)
  eden space 60928K, 0% used [0x00000000f5580000,0x00000000f5580000,0x00000000f9100000)
  from space 52224K, 77% used [0x00000000fcd00000,0x00000000ff46f620,0x0000000100000000)
  to   space 56832K, 0% used [0x00000000f9100000,0x00000000f9100000,0x00000000fc880000)
 ParOldGen       total 91648K, used 70331K [0x00000000e0000000, 0x00000000e5980000, 0x00000000f5580000)
  object space 91648K, 76% used [0x00000000e0000000,0x00000000e44aed58,0x00000000e5980000)
 Metaspace       used 29986K, capacity 30468K, committed 30976K, reserved 1077248K
  class space    used 3592K, capacity 3721K, committed 3840K, reserved 1048576K
}
Event: 25.557 GC heap before
{Heap before GC invocations=19 (full 2):
 PSYoungGen      total 113152K, used 101309K [0x00000000f5580000, 0x0000000100000000, 0x0000000100000000)
  eden space 60928K, 100% used [0x00000000f5580000,0x00000000f9100000,0x00000000f9100000)
  from space 52224K, 77% used [0x00000000fcd00000,0x00000000ff46f620,0x0000000100000000)
  to   space 56832K, 0% used [0x00000000f9100000,0x00000000f9100000,0x00000000fc880000)
 ParOldGen       total 91648K, used 70331K [0x00000000e0000000, 0x00000000e5980000, 0x00000000f5580000)
  object space 91648K, 76% used [0x00000000e0000000,0x00000000e44aed58,0x00000000e5980000)
 Metaspace       used 30982K, capacity 31696K, committed 31788K, reserved 1077248K
  class space    used 3711K, capacity 3883K, committed 3968K, reserved 1048576K
Event: 25.611 GC heap after
Heap after GC invocations=19 (full 2):
 PSYoungGen      total 117760K, used 16203K [0x00000000f5580000, 0x00000000ffe80000, 0x0000000100000000)
  eden space 60928K, 0% used [0x00000000f5580000,0x00000000f5580000,0x00000000f9100000)
  from space 56832K, 28% used [0x00000000f9100000,0x00000000fa0d2c18,0x00000000fc880000)
  to   space 53760K, 0% used [0x00000000fca00000,0x00000000fca00000,0x00000000ffe80000)
 ParOldGen       total 91648K, used 70339K [0x00000000e0000000, 0x00000000e5980000, 0x00000000f5580000)
  object space 91648K, 76% used [0x00000000e0000000,0x00000000e44b0d58,0x00000000e5980000)
 Metaspace       used 30982K, capacity 31696K, committed 31788K, reserved 1077248K
  class space    used 3711K, capacity 3883K, committed 3968K, reserved 1048576K
}
Event: 25.640 GC heap before
{Heap before GC invocations=20 (full 2):
 PSYoungGen      total 117760K, used 18790K [0x00000000f5580000, 0x00000000ffe80000, 0x0000000100000000)
  eden space 60928K, 4% used [0x00000000f5580000,0x00000000f5806e60,0x00000000f9100000)
  from space 56832K, 28% used [0x00000000f9100000,0x00000000fa0d2c18,0x00000000fc880000)
  to   space 53760K, 0% used [0x00000000fca00000,0x00000000fca00000,0x00000000ffe80000)
 ParOldGen       total 91648K, used 70339K [0x00000000e0000000, 0x00000000e5980000, 0x00000000f5580000)
  object space 91648K, 76% used [0x00000000e0000000,0x00000000e44b0d58,0x00000000e5980000)
 Metaspace       used 30982K, capacity 31696K, committed 31788K, reserved 1077248K
  class space    used 3711K, capacity 3883K, committed 3968K, reserved 1048576K
Event: 25.712 GC heap after
Heap after GC invocations=20 (full 2):
 PSYoungGen      total 112128K, used 15837K [0x00000000f5580000, 0x00000000ff900000, 0x0000000100000000)
  eden space 64000K, 0% used [0x00000000f5580000,0x00000000f5580000,0x00000000f9400000)
  from space 48128K, 32% used [0x00000000fca00000,0x00000000fd9775b8,0x00000000ff900000)
  to   space 51712K, 0% used [0x00000000f9400000,0x00000000f9400000,0x00000000fc680000)
 ParOldGen       total 91648K, used 70347K [0x00000000e0000000, 0x00000000e5980000, 0x00000000f5580000)
  object space 91648K, 76% used [0x00000000e0000000,0x00000000e44b2d58,0x00000000e5980000)
 Metaspace       used 30982K, capacity 31696K, committed 31788K, reserved 1077248K
  class space    used 3711K, capacity 3883K, committed 3968K, reserved 1048576K
}
Event: 25.712 GC heap before
{Heap before GC invocations=21 (full 3):
 PSYoungGen      total 112128K, used 15837K [0x00000000f5580000, 0x00000000ff900000, 0x0000000100000000)
  eden space 64000K, 0% used [0x00000000f5580000,0x00000000f5580000,0x00000000f9400000)
  from space 48128K, 32% used [0x00000000fca00000,0x00000000fd9775b8,0x00000000ff900000)
  to   space 51712K, 0% used [0x00000000f9400000,0x00000000f9400000,0x00000000fc680000)
 ParOldGen       total 91648K, used 70347K [0x00000000e0000000, 0x00000000e5980000, 0x00000000f5580000)
  object space 91648K, 76% used [0x00000000e0000000,0x00000000e44b2d58,0x00000000e5980000)
 Metaspace       used 30982K, capacity 31696K, committed 31788K, reserved 1077248K
  class space    used 3711K, capacity 3883K, committed 3968K, reserved 1048576K
Event: 26.705 GC heap after
Heap after GC invocations=21 (full 3):
 PSYoungGen      total 112128K, used 0K [0x00000000f5580000, 0x00000000ff900000, 0x0000000100000000)
  eden space 64000K, 0% used [0x00000000f5580000,0x00000000f5580000,0x00000000f9400000)
  from space 48128K, 0% used [0x00000000fca00000,0x00000000fca00000,0x00000000ff900000)
  to   space 51712K, 0% used [0x00000000f9400000,0x00000000f9400000,0x00000000fc680000)
 ParOldGen       total 130048K, used 76049K [0x00000000e0000000, 0x00000000e7f00000, 0x00000000f5580000)
  object space 130048K, 58% used [0x00000000e0000000,0x00000000e4a447c8,0x00000000e7f00000)
 Metaspace       used 30982K, capacity 31696K, committed 31788K, reserved 1077248K
  class space    used 3711K, capacity 3883K, committed 3968K, reserved 1048576K
}
Event: 27.684 GC heap before
{Heap before GC invocations=22 (full 3):
 PSYoungGen      total 112128K, used 64000K [0x00000000f5580000, 0x00000000ff900000, 0x0000000100000000)
  eden space 64000K, 100% used [0x00000000f5580000,0x00000000f9400000,0x00000000f9400000)
  from space 48128K, 0% used [0x00000000fca00000,0x00000000fca00000,0x00000000ff900000)
  to   space 51712K, 0% used [0x00000000f9400000,0x00000000f9400000,0x00000000fc680000)
 ParOldGen       total 130048K, used 76049K [0x00000000e0000000, 0x00000000e7f00000, 0x00000000f5580000)
  object space 130048K, 58% used [0x00000000e0000000,0x00000000e4a447c8,0x00000000e7f00000)
 Metaspace       used 31323K, capacity 32110K, committed 32300K, reserved 1077248K
  class space    used 3756K, capacity 3952K, committed 3968K, reserved 1048576K

Deoptimization events (10 events):
Event: 24.700 Thread 0x00007f6254032800 Uncommon trap: reason=unstable_if action=reinterpret pc=0x00007f62c90a9ee0 method=java.io.ObjectInputStream$HandleTable.markDependency(II)V @ 140
Event: 24.713 Thread 0x00007f6254032800 Uncommon trap: reason=class_check action=maybe_recompile pc=0x00007f62c8f64a94 method=java.util.AbstractCollection.remove(Ljava/lang/Object;)Z @ 1
Event: 24.713 Thread 0x00007f6254032800 Uncommon trap: reason=class_check action=maybe_recompile pc=0x00007f62c8f64a94 method=java.util.AbstractCollection.remove(Ljava/lang/Object;)Z @ 1
Event: 24.727 Thread 0x00007f6254032800 Uncommon trap: reason=class_check action=maybe_recompile pc=0x00007f62c8f64a94 method=java.util.AbstractCollection.remove(Ljava/lang/Object;)Z @ 1
Event: 27.066 Thread 0x00007f6254032800 Uncommon trap: reason=class_check action=maybe_recompile pc=0x00007f62c9215d48 method=java.io.ObjectInputStream$PeekInputStream.read()I @ 23
Event: 27.553 Thread 0x00007f6254032800 Uncommon trap: reason=class_check action=maybe_recompile pc=0x00007f62c90851cc method=com.google.gwt.dev.util.msg.Message.log(Lcom/google/gwt/core/ext/TreeLogger;[Ljava/lang/Object;[Ljava/lang/Object;Ljava/lang/Throwable;)V @ 5
Event: 27.563 Thread 0x00007f6254032800 Uncommon trap: reason=class_check action=maybe_recompile pc=0x00007f62c90851cc method=com.google.gwt.dev.util.msg.Message.log(Lcom/google/gwt/core/ext/TreeLogger;[Ljava/lang/Object;[Ljava/lang/Object;Ljava/lang/Throwable;)V @ 5
Event: 27.566 Thread 0x00007f6254032800 Uncommon trap: reason=class_check action=maybe_recompile pc=0x00007f62c90851cc method=com.google.gwt.dev.util.msg.Message.log(Lcom/google/gwt/core/ext/TreeLogger;[Ljava/lang/Object;[Ljava/lang/Object;Ljava/lang/Throwable;)V @ 5
Event: 27.619 Thread 0x00007f6254032800 Uncommon trap: reason=class_check action=maybe_recompile pc=0x00007f62c90851cc method=com.google.gwt.dev.util.msg.Message.log(Lcom/google/gwt/core/ext/TreeLogger;[Ljava/lang/Object;[Ljava/lang/Object;Ljava/lang/Throwable;)V @ 5
Event: 27.622 Thread 0x00007f6254032800 Uncommon trap: reason=class_check action=maybe_recompile pc=0x00007f62c8cd9310 method=com.google.gwt.dev.util.msg.Message.log(Lcom/google/gwt/core/ext/TreeLogger;[Ljava/lang/Object;[Ljava/lang/Object;Ljava/lang/Throwable;)V @ 5

Internal exceptions (10 events):
Event: 25.042 Thread 0x00007f6254032800 Exception <a 'java/lang/NoSuchMethodError': <clinit>> (0x00000000f80ee050) thrown at [/HUDSON/workspace/8-2-build-linux-amd64/jdk8u91/6644/hotspot/src/share/vm/prims/jni.cpp, line 1613]
Event: 25.102 Thread 0x00007f6254032800 Exception <a 'java/lang/NoSuchMethodError': <clinit>> (0x00000000f829a5c8) thrown at [/HUDSON/workspace/8-2-build-linux-amd64/jdk8u91/6644/hotspot/src/share/vm/prims/jni.cpp, line 1613]
Event: 25.103 Thread 0x00007f6254032800 Exception <a 'java/lang/NoSuchMethodError': <clinit>> (0x00000000f82a84c0) thrown at [/HUDSON/workspace/8-2-build-linux-amd64/jdk8u91/6644/hotspot/src/share/vm/prims/jni.cpp, line 1613]
Event: 25.107 Thread 0x00007f6254032800 Exception <a 'java/lang/NoSuchMethodError': <clinit>> (0x00000000f82bdd60) thrown at [/HUDSON/workspace/8-2-build-linux-amd64/jdk8u91/6644/hotspot/src/share/vm/prims/jni.cpp, line 1613]
Event: 25.410 Thread 0x00007f6254032800 Exception <a 'java/lang/NoSuchMethodError': <clinit>> (0x00000000f8c32578) thrown at [/HUDSON/workspace/8-2-build-linux-amd64/jdk8u91/6644/hotspot/src/share/vm/prims/jni.cpp, line 1613]
Event: 25.412 Thread 0x00007f6254032800 Exception <a 'java/lang/NoSuchMethodError': <clinit>> (0x00000000f8c3fc70) thrown at [/HUDSON/workspace/8-2-build-linux-amd64/jdk8u91/6644/hotspot/src/share/vm/prims/jni.cpp, line 1613]
Event: 27.014 Thread 0x00007f6254032800 Exception <a 'java/lang/NoSuchMethodError': <clinit>> (0x00000000f6629210) thrown at [/HUDSON/workspace/8-2-build-linux-amd64/jdk8u91/6644/hotspot/src/share/vm/prims/jni.cpp, line 1613]
Event: 27.430 Thread 0x00007f6254032800 Exception <a 'java/lang/NoSuchMethodError': <clinit>> (0x00000000f83d3860) thrown at [/HUDSON/workspace/8-2-build-linux-amd64/jdk8u91/6644/hotspot/src/share/vm/prims/jni.cpp, line 1613]
Event: 27.440 Thread 0x00007f6254032800 Exception <a 'java/lang/NoSuchMethodError': <clinit>> (0x00000000f849d8e8) thrown at [/HUDSON/workspace/8-2-build-linux-amd64/jdk8u91/6644/hotspot/src/share/vm/prims/jni.cpp, line 1613]
Event: 27.524 Thread 0x00007f6254032800 Exception <a 'java/lang/NoSuchMethodError': <clinit>> (0x00000000f8942780) thrown at [/HUDSON/workspace/8-2-build-linux-amd64/jdk8u91/6644/hotspot/src/share/vm/prims/jni.cpp, line 1613]

Events (10 events):
Event: 27.646 loading class com/google/gwt/user/client/DocumentModeAsserter done
Event: 27.647 loading class com/google/gwt/user/rebind/ClassSourceFileComposer
Event: 27.647 loading class com/google/gwt/user/rebind/ClassSourceFileComposer done
Event: 27.652 Thread 0x00007f6278226800 Thread added: 0x00007f6278226800
Event: 27.652 Thread 0x00007f6278226800 Thread exited: 0x00007f6278226800
Event: 27.660 loading class com/google/gwt/core/shared/impl/StringCase
Event: 27.660 loading class com/google/gwt/core/shared/impl/StringCase done
Event: 27.663 Thread 0x00007f6278226800 Thread added: 0x00007f6278226800
Event: 27.664 Thread 0x00007f6278226800 Thread exited: 0x00007f6278226800
Event: 27.684 Executing VM operation: ParallelGCFailedAllocation


Dynamic libraries:
00400000-00401000 r-xp 00000000 08:01 17694768                           /usr/lib/jvm/java-8-oracle/bin/java
00600000-00601000 rw-p 00000000 08:01 17694768                           /usr/lib/jvm/java-8-oracle/bin/java
0235c000-0237d000 rw-p 00000000 00:00 0                                  [heap]
e0000000-e7f00000 rw-p 00000000 00:00 0 
e7f00000-f5580000 ---p 00000000 00:00 0 
f5580000-ff900000 rw-p 00000000 00:00 0 
ff900000-100000000 ---p 00000000 00:00 0 
100000000-1003e0000 rw-p 00000000 00:00 0 
1003e0000-140000000 ---p 00000000 00:00 0 
7f6244000000-7f6244021000 rw-p 00000000 00:00 0 
7f6244021000-7f6248000000 ---p 00000000 00:00 0 
7f6248000000-7f6248021000 rw-p 00000000 00:00 0 
7f6248021000-7f624c000000 ---p 00000000 00:00 0 
7f624c000000-7f624c021000 rw-p 00000000 00:00 0 
7f624c021000-7f6250000000 ---p 00000000 00:00 0 
7f6250000000-7f6250021000 rw-p 00000000 00:00 0 
7f6250021000-7f6254000000 ---p 00000000 00:00 0 
7f6254000000-7f6254087000 rw-p 00000000 00:00 0 
7f6254087000-7f6258000000 ---p 00000000 00:00 0 
7f625a68d000-7f625a838000 rw-p 00000000 00:00 0 
7f625a838000-7f625a88d000 ---p 00000000 00:00 0 
7f625a88d000-7f625a8f2000 r-xp 00000000 08:01 17703737                   /usr/lib/jvm/java-8-oracle/jre/lib/amd64/libfontmanager.so
7f625a8f2000-7f625aaf1000 ---p 00065000 08:01 17703737                   /usr/lib/jvm/java-8-oracle/jre/lib/amd64/libfontmanager.so
7f625aaf1000-7f625aaf6000 rw-p 00064000 08:01 17703737                   /usr/lib/jvm/java-8-oracle/jre/lib/amd64/libfontmanager.so
7f625aaf6000-7f625ab06000 rw-p 00000000 00:00 0 
7f625ab06000-7f625ab09000 ---p 00000000 00:00 0 
7f625ab09000-7f625ae07000 rw-p 00000000 00:00 0 
7f625ae07000-7f625ae0a000 ---p 00000000 00:00 0 
7f625ae0a000-7f625af08000 rw-p 00000000 00:00 0 
7f625af08000-7f625af0b000 ---p 00000000 00:00 0 
7f625af0b000-7f625b009000 rw-p 00000000 00:00 0 
7f625b009000-7f625b00c000 ---p 00000000 00:00 0 
7f625b00c000-7f625b10a000 rw-p 00000000 00:00 0 
7f625b10a000-7f625b10d000 ---p 00000000 00:00 0 
7f625b10d000-7f625b20b000 rw-p 00000000 00:00 0 
7f625b20b000-7f625b20e000 ---p 00000000 00:00 0 
7f625b20e000-7f625b30c000 rw-p 00000000 00:00 0 
7f625b30c000-7f625b30f000 ---p 00000000 00:00 0 
7f625b30f000-7f625b40d000 rw-p 00000000 00:00 0 
7f625b40d000-7f625b410000 ---p 00000000 00:00 0 
7f625b410000-7f625b50e000 rw-p 00000000 00:00 0 
7f625b50e000-7f625b511000 ---p 00000000 00:00 0 
7f625b511000-7f625b60f000 rw-p 00000000 00:00 0 
7f625b60f000-7f625b612000 ---p 00000000 00:00 0 
7f625b612000-7f625b710000 rw-p 00000000 00:00 0 
7f625b7e2000-7f625b7eb000 r-xp 00000000 08:01 17703764                   /usr/lib/jvm/java-8-oracle/jre/lib/amd64/libmanagement.so
7f625b7eb000-7f625b9ea000 ---p 00009000 08:01 17703764                   /usr/lib/jvm/java-8-oracle/jre/lib/amd64/libmanagement.so
7f625b9ea000-7f625b9eb000 rw-p 00008000 08:01 17703764                   /usr/lib/jvm/java-8-oracle/jre/lib/amd64/libmanagement.so
7f625b9eb000-7f625b9fc000 r-xp 00000000 08:01 17703722                   /usr/lib/jvm/java-8-oracle/jre/lib/amd64/libnio.so
7f625b9fc000-7f625bbfb000 ---p 00011000 08:01 17703722                   /usr/lib/jvm/java-8-oracle/jre/lib/amd64/libnio.so
7f625bbfb000-7f625bbfc000 rw-p 00010000 08:01 17703722                   /usr/lib/jvm/java-8-oracle/jre/lib/amd64/libnio.so
7f625bbfc000-7f625bbff000 ---p 00000000 00:00 0 
7f625bbff000-7f625bcfd000 rw-p 00000000 00:00 0 
7f625bcfd000-7f625bd00000 ---p 00000000 00:00 0 
7f625bd00000-7f625bdfe000 rw-p 00000000 00:00 0 
7f625bdfe000-7f625be01000 ---p 00000000 00:00 0 
7f625be01000-7f625beff000 rw-p 00000000 00:00 0 
7f625beff000-7f625bf02000 ---p 00000000 00:00 0 
7f625bf02000-7f625c000000 rw-p 00000000 00:00 0 
7f625c000000-7f625c021000 rw-p 00000000 00:00 0 
7f625c021000-7f6260000000 ---p 00000000 00:00 0 
7f6260000000-7f6260021000 rw-p 00000000 00:00 0 
7f6260021000-7f6264000000 ---p 00000000 00:00 0 
7f6264000000-7f62640c9000 rw-p 00000000 00:00 0 
7f62640c9000-7f6268000000 ---p 00000000 00:00 0 
7f6268000000-7f62681ed000 rw-p 00000000 00:00 0 
7f62681ed000-7f626c000000 ---p 00000000 00:00 0 
7f626c000000-7f626c021000 rw-p 00000000 00:00 0 
7f626c021000-7f6270000000 ---p 00000000 00:00 0 
7f6270000000-7f6270021000 rw-p 00000000 00:00 0 
7f6270021000-7f6274000000 ---p 00000000 00:00 0 
7f6274000000-7f6274217000 rw-p 00000000 00:00 0 
7f6274217000-7f6278000000 ---p 00000000 00:00 0 
7f6278000000-7f6278271000 rw-p 00000000 00:00 0 
7f6278271000-7f627c000000 ---p 00000000 00:00 0 
7f627c000000-7f627c089000 rw-p 00000000 00:00 0 
7f627c089000-7f6280000000 ---p 00000000 00:00 0 
7f6280000000-7f62800f6000 rw-p 00000000 00:00 0 
7f62800f6000-7f6284000000 ---p 00000000 00:00 0 
7f6284000000-7f6284021000 rw-p 00000000 00:00 0 
7f6284021000-7f6288000000 ---p 00000000 00:00 0 
7f62880b9000-7f62880bc000 ---p 00000000 00:00 0 
7f62880bc000-7f62881ba000 rw-p 00000000 00:00 0 
7f62881ba000-7f62881bd000 ---p 00000000 00:00 0 
7f62881bd000-7f62882bb000 rw-p 00000000 00:00 0 
7f62882bb000-7f62882be000 ---p 00000000 00:00 0 
7f62882be000-7f62883bc000 rw-p 00000000 00:00 0 
7f62883bc000-7f62883bf000 ---p 00000000 00:00 0 
7f62883bf000-7f62886bd000 rw-p 00000000 00:00 0 
7f62886bd000-7f62888bd000 rw-p 00000000 00:00 0 
7f62888bd000-7f6288abd000 rw-p 00000000 00:00 0 
7f6288abd000-7f6288ac0000 ---p 00000000 00:00 0 
7f6288ac0000-7f6288bbe000 rw-p 00000000 00:00 0 
7f6288bbe000-7f6288c76000 r--s 0082f000 08:01 1316059                    /home/sumit/java/GWTProject/AssetMS/LoginDemo (2)/war/WEB-INF/lib/gwt-servlet.jar
7f6288c76000-7f6288c79000 ---p 00000000 00:00 0 
7f6288c79000-7f6288f77000 rw-p 00000000 00:00 0 
7f6288f77000-7f6288f8d000 r-xp 00000000 08:01 7868654                    /lib/x86_64-linux-gnu/libgcc_s.so.1
7f6288f8d000-7f628918c000 ---p 00016000 08:01 7868654                    /lib/x86_64-linux-gnu/libgcc_s.so.1
7f628918c000-7f628918d000 rw-p 00015000 08:01 7868654                    /lib/x86_64-linux-gnu/libgcc_s.so.1
7f62891aa000-7f62891dc000 r-xp 00000000 08:01 17703757                   /usr/lib/jvm/java-8-oracle/jre/lib/amd64/libsunec.so
7f62891dc000-7f62893db000 ---p 00032000 08:01 17703757                   /usr/lib/jvm/java-8-oracle/jre/lib/amd64/libsunec.so
7f62893db000-7f62893e1000 rw-p 00031000 08:01 17703757                   /usr/lib/jvm/java-8-oracle/jre/lib/amd64/libsunec.so
7f62893e1000-7f62895f1000 rw-p 00000000 00:00 0 
7f62895f1000-7f62895f6000 r-xp 00000000 08:01 17309290                   /usr/lib/x86_64-linux-gnu/libXdmcp.so.6.0.0
7f62895f6000-7f62897f5000 ---p 00005000 08:01 17309290                   /usr/lib/x86_64-linux-gnu/libXdmcp.so.6.0.0
7f62897f5000-7f62897f6000 r--p 00004000 08:01 17309290                   /usr/lib/x86_64-linux-gnu/libXdmcp.so.6.0.0
7f62897f6000-7f62897f7000 rw-p 00005000 08:01 17309290                   /usr/lib/x86_64-linux-gnu/libXdmcp.so.6.0.0
7f62897f7000-7f62897f9000 r-xp 00000000 08:01 17309279                   /usr/lib/x86_64-linux-gnu/libXau.so.6.0.0
7f62897f9000-7f62899f9000 ---p 00002000 08:01 17309279                   /usr/lib/x86_64-linux-gnu/libXau.so.6.0.0
7f62899f9000-7f62899fa000 r--p 00002000 08:01 17309279                   /usr/lib/x86_64-linux-gnu/libXau.so.6.0.0
7f62899fa000-7f62899fb000 rw-p 00003000 08:01 17309279                   /usr/lib/x86_64-linux-gnu/libXau.so.6.0.0
7f62899fb000-7f6289a18000 r-xp 00000000 08:01 17310347                   /usr/lib/x86_64-linux-gnu/libxcb.so.1.1.0
7f6289a18000-7f6289c18000 ---p 0001d000 08:01 17310347                   /usr/lib/x86_64-linux-gnu/libxcb.so.1.1.0
7f6289c18000-7f6289c19000 r--p 0001d000 08:01 17310347                   /usr/lib/x86_64-linux-gnu/libxcb.so.1.1.0
7f6289c19000-7f6289c1a000 rw-p 0001e000 08:01 17310347                   /usr/lib/x86_64-linux-gnu/libxcb.so.1.1.0
7f6289c1a000-7f6289c29000 r-xp 00000000 08:01 17309300                   /usr/lib/x86_64-linux-gnu/libXi.so.6.1.0
7f6289c29000-7f6289e28000 ---p 0000f000 08:01 17309300                   /usr/lib/x86_64-linux-gnu/libXi.so.6.1.0
7f6289e28000-7f6289e29000 r--p 0000e000 08:01 17309300                   /usr/lib/x86_64-linux-gnu/libXi.so.6.1.0
7f6289e29000-7f6289e2a000 rw-p 0000f000 08:01 17309300                   /usr/lib/x86_64-linux-gnu/libXi.so.6.1.0
7f6289e2a000-7f6289e2f000 r-xp 00000000 08:01 17309320                   /usr/lib/x86_64-linux-gnu/libXtst.so.6.1.0
7f6289e2f000-7f628a02e000 ---p 00005000 08:01 17309320                   /usr/lib/x86_64-linux-gnu/libXtst.so.6.1.0
7f628a02e000-7f628a02f000 r--p 00004000 08:01 17309320                   /usr/lib/x86_64-linux-gnu/libXtst.so.6.1.0
7f628a02f000-7f628a030000 rw-p 00005000 08:01 17309320                   /usr/lib/x86_64-linux-gnu/libXtst.so.6.1.0
7f628a030000-7f628a039000 r-xp 00000000 08:01 17309314                   /usr/lib/x86_64-linux-gnu/libXrender.so.1.3.0
7f628a039000-7f628a238000 ---p 00009000 08:01 17309314                   /usr/lib/x86_64-linux-gnu/libXrender.so.1.3.0
7f628a238000-7f628a239000 r--p 00008000 08:01 17309314                   /usr/lib/x86_64-linux-gnu/libXrender.so.1.3.0
7f628a239000-7f628a23a000 rw-p 00009000 08:01 17309314                   /usr/lib/x86_64-linux-gnu/libXrender.so.1.3.0
7f628a23a000-7f628a36a000 r-xp 00000000 08:01 17309275                   /usr/lib/x86_64-linux-gnu/libX11.so.6.3.0
7f628a36a000-7f628a56a000 ---p 00130000 08:01 17309275                   /usr/lib/x86_64-linux-gnu/libX11.so.6.3.0
7f628a56a000-7f628a56b000 r--p 00130000 08:01 17309275                   /usr/lib/x86_64-linux-gnu/libX11.so.6.3.0
7f628a56b000-7f628a56f000 rw-p 00131000 08:01 17309275                   /usr/lib/x86_64-linux-gnu/libX11.so.6.3.0
7f628a56f000-7f628a580000 r-xp 00000000 08:01 17309292                   /usr/lib/x86_64-linux-gnu/libXext.so.6.4.0
7f628a580000-7f628a77f000 ---p 00011000 08:01 17309292                   /usr/lib/x86_64-linux-gnu/libXext.so.6.4.0
7f628a77f000-7f628a780000 r--p 00010000 08:01 17309292                   /usr/lib/x86_64-linux-gnu/libXext.so.6.4.0
7f628a780000-7f628a781000 rw-p 00011000 08:01 17309292                   /usr/lib/x86_64-linux-gnu/libXext.so.6.4.0
7f628a787000-7f628a788000 rw-p 00000000 00:00 0 
7f628a788000-7f628a79b000 r--s 00344000 08:01 17703915                   /usr/lib/jvm/java-8-oracle/jre/lib/resources.jar
7f628a79b000-7f628a79e000 r--s 0001a000 08:01 17703712                   /usr/lib/jvm/java-8-oracle/jre/lib/jce.jar
7f628a79e000-7f628a7f2000 r-xp 00000000 08:01 17703760                   /usr/lib/jvm/java-8-oracle/jre/lib/amd64/libawt_xawt.so
7f628a7f2000-7f628a9f2000 ---p 00054000 08:01 17703760                   /usr/lib/jvm/java-8-oracle/jre/lib/amd64/libawt_xawt.so
7f628a9f2000-7f628a9f6000 rw-p 00054000 08:01 17703760                   /usr/lib/jvm/java-8-oracle/jre/lib/amd64/libawt_xawt.so
7f628a9f6000-7f628a9f7000 rw-p 00000000 00:00 0 
7f628a9f7000-7f628aa99000 r-xp 00000000 08:01 17703740                   /usr/lib/jvm/java-8-oracle/jre/lib/amd64/libawt.so
7f628aa99000-7f628ac99000 ---p 000a2000 08:01 17703740                   /usr/lib/jvm/java-8-oracle/jre/lib/amd64/libawt.so
7f628ac99000-7f628aca5000 rw-p 000a2000 08:01 17703740                   /usr/lib/jvm/java-8-oracle/jre/lib/amd64/libawt.so
7f628aca5000-7f628acc9000 rw-p 00000000 00:00 0 
7f628acc9000-7f628accf000 r--s 002f8000 08:01 17703688                   /usr/lib/jvm/java-8-oracle/jre/lib/charsets.jar
7f628accf000-7f628aecf000 rw-p 00000000 00:00 0 
7f628aecf000-7f628aed2000 ---p 00000000 00:00 0 
7f628aed2000-7f628afd0000 rw-p 00000000 00:00 0 
7f628afd0000-7f628afe7000 r-xp 00000000 08:01 7868649                    /lib/x86_64-linux-gnu/libresolv-2.19.so
7f628afe7000-7f628b1e7000 ---p 00017000 08:01 7868649                    /lib/x86_64-linux-gnu/libresolv-2.19.so
7f628b1e7000-7f628b1e8000 r--p 00017000 08:01 7868649                    /lib/x86_64-linux-gnu/libresolv-2.19.so
7f628b1e8000-7f628b1e9000 rw-p 00018000 08:01 7868649                    /lib/x86_64-linux-gnu/libresolv-2.19.so
7f628b1e9000-7f628b1eb000 rw-p 00000000 00:00 0 
7f628b1eb000-7f628b1f0000 r-xp 00000000 08:01 7871514                    /lib/x86_64-linux-gnu/libnss_dns-2.19.so
7f628b1f0000-7f628b3ef000 ---p 00005000 08:01 7871514                    /lib/x86_64-linux-gnu/libnss_dns-2.19.so
7f628b3ef000-7f628b3f0000 r--p 00004000 08:01 7871514                    /lib/x86_64-linux-gnu/libnss_dns-2.19.so
7f628b3f0000-7f628b3f1000 rw-p 00005000 08:01 7871514                    /lib/x86_64-linux-gnu/libnss_dns-2.19.so
7f628b3f1000-7f628b3f3000 r-xp 00000000 08:01 7868708                    /lib/x86_64-linux-gnu/libnss_mdns4_minimal.so.2
7f628b3f3000-7f628b5f2000 ---p 00002000 08:01 7868708                    /lib/x86_64-linux-gnu/libnss_mdns4_minimal.so.2
7f628b5f2000-7f628b5f3000 r--p 00001000 08:01 7868708                    /lib/x86_64-linux-gnu/libnss_mdns4_minimal.so.2
7f628b5f3000-7f628b5f4000 rw-p 00002000 08:01 7868708                    /lib/x86_64-linux-gnu/libnss_mdns4_minimal.so.2
7f628b5f4000-7f628b7f4000 rw-p 00000000 00:00 0 
7f628b7f4000-7f628b9f4000 rw-p 00000000 00:00 0 
7f628b9f4000-7f628b9f7000 ---p 00000000 00:00 0 
7f628b9f7000-7f628baf5000 rw-p 00000000 00:00 0 
7f628baf5000-7f628baf8000 ---p 00000000 00:00 0 
7f628baf8000-7f628bbf6000 rw-p 00000000 00:00 0 
7f628bbf6000-7f628bbf9000 ---p 00000000 00:00 0 
7f628bbf9000-7f628bcf7000 rw-p 00000000 00:00 0 
7f628bcf7000-7f628bcfd000 r--s 0003f000 08:01 17703798                   /usr/lib/jvm/java-8-oracle/jre/lib/ext/sunjce_provider.jar
7f628bcfd000-7f628bcfe000 r--s 0000a000 08:01 17703796                   /usr/lib/jvm/java-8-oracle/jre/lib/ext/jaccess.jar
7f628bcfe000-7f628bd19000 r--s 001d5000 08:01 17703795                   /usr/lib/jvm/java-8-oracle/jre/lib/ext/nashorn.jar
7f628bd19000-7f628bd1a000 r--s 00010000 08:01 17703794                   /usr/lib/jvm/java-8-oracle/jre/lib/ext/zipfs.jar
7f628bd1a000-7f628bd1c000 r--s 00001000 08:01 17703793                   /usr/lib/jvm/java-8-oracle/jre/lib/ext/dnsns.jar
7f628bd1c000-7f628bdb1000 r--s 01103000 08:01 17703792                   /usr/lib/jvm/java-8-oracle/jre/lib/ext/jfxrt.jar
7f628bdb1000-7f628bdb5000 r--s 0003a000 08:01 17703791                   /usr/lib/jvm/java-8-oracle/jre/lib/ext/sunpkcs11.jar
7f628bdb5000-7f628bdb6000 r--s 00009000 08:01 17703788                   /usr/lib/jvm/java-8-oracle/jre/lib/ext/sunec.jar
7f628bdb6000-7f628bdc0000 r--s 00116000 08:01 17703790                   /usr/lib/jvm/java-8-oracle/jre/lib/ext/localedata.jar
7f628bdc0000-7f628bddc000 r--s 00393000 08:01 17703789                   /usr/lib/jvm/java-8-oracle/jre/lib/ext/cldrdata.jar
7f628bddc000-7f628bded000 r--s 00090000 08:01 1316014                    /home/sumit/java/GWTProject/AssetMS/LoginDemo (2)/war/WEB-INF/lib/spring-context-3.0.2.RELEASE.jar
7f628bded000-7f628bdf0000 r--s 0000b000 08:01 1316016                    /home/sumit/java/GWTProject/AssetMS/LoginDemo (2)/war/WEB-INF/lib/com.springsource.org.apache.commons.fileupload-1.2.0.jar
7f628bdf0000-7f628bdf6000 r--s 00046000 08:01 1316018                    /home/sumit/java/GWTProject/AssetMS/LoginDemo (2)/war/WEB-INF/lib/com.springsource.org.apache.commons.httpclient-3.1.0.jar
7f628bdf6000-7f628bdfc000 r--s 0003c000 08:01 1316021                    /home/sumit/java/GWTProject/AssetMS/LoginDemo (2)/war/WEB-INF/lib/com.springsource.org.codehaus.jackson.mapper-1.0.0.jar
7f628bdfc000-7f628bdfe000 r--s 0000c000 08:01 1316023                    /home/sumit/java/GWTProject/AssetMS/LoginDemo (2)/war/WEB-INF/lib/org.springframework.oxm-3.0.1.RELEASE-A.jar
7f628bdfe000-7f628be01000 ---p 00000000 00:00 0 
7f628be01000-7f628beff000 rw-p 00000000 00:00 0 
7f628beff000-7f628bf02000 ---p 00000000 00:00 0 
7f628bf02000-7f628c000000 rw-p 00000000 00:00 0 
7f628c000000-7f628c021000 rw-p 00000000 00:00 0 
7f628c021000-7f6290000000 ---p 00000000 00:00 0 
7f6290000000-7f6290069000 rw-p 00000000 00:00 0 
7f6290069000-7f6294000000 ---p 00000000 00:00 0 
7f6294000000-7f62947a2000 rw-p 00000000 00:00 0 
7f62947a2000-7f6298000000 ---p 00000000 00:00 0 
7f6298000000-7f6298021000 rw-p 00000000 00:00 0 
7f6298021000-7f629c000000 ---p 00000000 00:00 0 
7f629c000000-7f629da92000 rw-p 00000000 00:00 0 
7f629da92000-7f62a0000000 ---p 00000000 00:00 0 
7f62a0000000-7f62a139e000 rw-p 00000000 00:00 0 
7f62a139e000-7f62a4000000 ---p 00000000 00:00 0 
7f62a4000000-7f62a4021000 rw-p 00000000 00:00 0 
7f62a4021000-7f62a8000000 ---p 00000000 00:00 0 
7f62a8000000-7f62a8021000 rw-p 00000000 00:00 0 
7f62a8021000-7f62ac000000 ---p 00000000 00:00 0 
7f62ac000000-7f62ac073000 rw-p 00000000 00:00 0 
7f62ac073000-7f62b0000000 ---p 00000000 00:00 0 
7f62b0000000-7f62b0021000 rw-p 00000000 00:00 0 
7f62b0021000-7f62b4000000 ---p 00000000 00:00 0 
7f62b4000000-7f62b429b000 rw-p 00000000 00:00 0 
7f62b429b000-7f62b8000000 ---p 00000000 00:00 0 
7f62b8000000-7f62b8021000 rw-p 00000000 00:00 0 
7f62b8021000-7f62bc000000 ---p 00000000 00:00 0 
7f62bc000000-7f62bc021000 rw-p 00000000 00:00 0 
7f62bc021000-7f62c0000000 ---p 00000000 00:00 0 
7f62c0000000-7f62c0005000 r--s 00026000 08:01 1316025                    /home/sumit/java/GWTProject/AssetMS/LoginDemo (2)/war/WEB-INF/lib/org.springframework.web.portlet-3.0.1.RELEASE-A.jar
7f62c0005000-7f62c000e000 r--s 00059000 08:01 1316028                    /home/sumit/java/GWTProject/AssetMS/LoginDemo (2)/war/WEB-INF/lib/org.springframework.web.servlet-3.0.1.RELEASE-A.jar
7f62c000e000-7f62c0010000 r--s 00082000 08:01 1316029                    /home/sumit/java/GWTProject/AssetMS/LoginDemo (2)/war/WEB-INF/lib/org.springframework.web.struts-3.0.1.RELEASE-A.jar
7f62c0010000-7f62c0019000 r--s 0004f000 08:01 1316024                    /home/sumit/java/GWTProject/AssetMS/LoginDemo (2)/war/WEB-INF/lib/org.springframework.web-3.0.1.RELEASE-A.jar
7f62c0019000-7f62c001f000 r--s 0004a000 08:01 13895326                   /home/sumit/java/aop/com.springsource.net.sf.cglib-2.2.0.jar
7f62c001f000-7f62c0021000 r--s 00000000 08:01 13895327                   /home/sumit/java/aop/com.springsource.org.aopalliance-1.0.0.jar
7f62c0021000-7f62c0036000 r--s 0017c000 08:01 13895328                   /home/sumit/java/aop/com.springsource.org.aspectj.weaver-1.6.8.RELEASE.jar
7f62c0036000-7f62c003f000 r--s 00046000 08:01 13895329                   /home/sumit/java/aop/org.springframework.aop-3.0.1.RELEASE-A.jar
7f62c003f000-7f62c0041000 r--s 00006000 08:01 13895330                   /home/sumit/java/aop/org.springframework.aspects-3.0.1.RELEASE-A.jar
7f62c0041000-7f62c004b000 r--s 00053000 08:01 14158624                   /home/sumit/java/persistCore/org.springframework.jdbc-3.0.1.RELEASE-A.jar
7f62c004b000-7f62c0053000 r--s 00049000 08:01 14158625                   /home/sumit/java/persistCore/org.springframework.orm-3.0.1.RELEASE-A.jar
7f62c0053000-7f62c005a000 r--s 00031000 08:01 14158626                   /home/sumit/java/persistCore/org.springframework.transaction-3.0.1.RELEASE-A.jar
7f62c005a000-7f62c005f000 r--s 0000d000 08:01 14158659                   /home/sumit/java/persistCore/persistence.jar
7f62c005f000-7f62c006a000 r--s 0008c000 08:01 14158661                   /home/sumit/java/persistJdbc/com.springsource.com.mchange.v2.c3p0-0.9.1.2.jar
7f62c006a000-7f62c006e000 r--s 0003d000 08:01 14158662                   /home/sumit/java/persistJdbc/com.springsource.org.apache.commons.lang-2.4.0.jar
7f62c006e000-7f62c0070000 r--s 00016000 08:01 14158666                   /home/sumit/java/persistJdbc/com.springsource.org.apache.commons.pool-1.5.3.jar
7f62c0070000-7f62c0072000 r--s 0001c000 08:01 14158668                   /home/sumit/java/persistJdbc/commons-dbcp.jar
7f62c0072000-7f62c0075000 r--s 0001c000 08:01 14158669                   /home/sumit/java/persistJdbc/jotm.jar
7f62c0075000-7f62c0077000 r--s 00015000 08:01 14158942                   /home/sumit/java/persistJdbc/xapool.jar
7f62c0077000-7f62c0079000 r--s 0000e000 08:01 14287808                   /home/sumit/java/spcorejars/com.springsource.org.apache.commons.logging-1.1.1.jar
7f62c0079000-7f62c0080000 r--s 0005a000 08:01 14290404                   /home/sumit/java/spcorejars/com.springsource.org.apache.log4j-1.2.15.jar
7f62c0080000-7f62c0091000 r--s 00090000 08:01 14291897                   /home/sumit/java/spcorejars/org.springframework.context-3.0.1.RELEASE-A.jar
7f62c0091000-7f62c0094000 ---p 00000000 00:00 0 
7f62c0094000-7f62c0192000 rw-p 00000000 00:00 0 
7f62c0192000-7f62c01a8000 r-xp 00000000 08:01 17703762                   /usr/lib/jvm/java-8-oracle/jre/lib/amd64/libnet.so
7f62c01a8000-7f62c03a8000 ---p 00016000 08:01 17703762                   /usr/lib/jvm/java-8-oracle/jre/lib/amd64/libnet.so
7f62c03a8000-7f62c03a9000 rw-p 00016000 08:01 17703762                   /usr/lib/jvm/java-8-oracle/jre/lib/amd64/libnet.so
7f62c03a9000-7f62c03fa000 rw-p 00000000 00:00 0 
7f62c03fa000-7f62c05fd000 r--s 022ba000 08:01 14419835                   /home/sumit/java/eclipse/plugins/com.google.gwt.eclipse.sdkbundle_2.7.0/gwt-2.7.0/gwt-dev.jar
7f62c05fd000-7f62c072d000 r--s 01d5b000 08:01 14419894                   /home/sumit/java/eclipse/plugins/com.google.gwt.eclipse.sdkbundle_2.7.0/gwt-2.7.0/gwt-user.jar
7f62c072d000-7f62c072e000 ---p 00000000 00:00 0 
7f62c072e000-7f62c082e000 rw-p 00000000 00:00 0 
7f62c082e000-7f62c0831000 ---p 00000000 00:00 0 
7f62c0831000-7f62c092f000 rw-p 00000000 00:00 0 
7f62c092f000-7f62c0932000 ---p 00000000 00:00 0 
7f62c0932000-7f62c0a30000 rw-p 00000000 00:00 0 
7f62c0a30000-7f62c0a33000 ---p 00000000 00:00 0 
7f62c0a33000-7f62c0b31000 rw-p 00000000 00:00 0 
7f62c0b31000-7f62c0b34000 ---p 00000000 00:00 0 
7f62c0b34000-7f62c0c32000 rw-p 00000000 00:00 0 
7f62c0c32000-7f62c0c35000 ---p 00000000 00:00 0 
7f62c0c35000-7f62c0d33000 rw-p 00000000 00:00 0 
7f62c0d33000-7f62c1415000 r--p 00000000 08:01 17308283                   /usr/lib/locale/locale-archive
7f62c1415000-7f62c1418000 ---p 00000000 00:00 0 
7f62c1418000-7f62c1516000 rw-p 00000000 00:00 0 
7f62c1516000-7f62c1519000 ---p 00000000 00:00 0 
7f62c1519000-7f62c1617000 rw-p 00000000 00:00 0 
7f62c1617000-7f62c1618000 ---p 00000000 00:00 0 
7f62c1618000-7f62c2627000 rw-p 00000000 00:00 0 
7f62c2627000-7f62c2800000 r--s 03d1f000 08:01 17703810                   /usr/lib/jvm/java-8-oracle/jre/lib/rt.jar
7f62c2800000-7f62c4000000 rw-p 00000000 00:00 0 
7f62c4000000-7f62c4021000 rw-p 00000000 00:00 0 
7f62c4021000-7f62c8000000 ---p 00000000 00:00 0 
7f62c8000000-7f62c8001000 r--s 00001000 08:01 13895331                   /home/sumit/java/aop/org.springframework.instrument.tomcat-3.0.1.RELEASE-A.jar
7f62c8001000-7f62c800c000 r--s 0007b000 08:01 14291895                   /home/sumit/java/spcorejars/org.springframework.beans-3.0.1.RELEASE-A.jar
7f62c800c000-7f62c8014000 r--s 0004f000 08:01 14291898                   /home/sumit/java/spcorejars/org.springframework.core-3.0.1.RELEASE-A.jar
7f62c8014000-7f62c8018000 r--s 00023000 08:01 14291901                   /home/sumit/java/spcorejars/org.springframework.expression-3.0.1.RELEASE-A.jar
7f62c8018000-7f62c8022000 r--s 000e7000 08:01 13775223                   /home/sumit/java/mysql-connector-java-5.1.38/mysql-connector-java-5.1.38-bin.jar
7f62c8022000-7f62c8315000 rw-p 00000000 00:00 0 
7f62c8315000-7f62c8316000 ---p 00000000 00:00 0 
7f62c8316000-7f62c8416000 rw-p 00000000 00:00 0 
7f62c8416000-7f62c8417000 ---p 00000000 00:00 0 
7f62c8417000-7f62c8517000 rw-p 00000000 00:00 0 
7f62c8517000-7f62c8518000 ---p 00000000 00:00 0 
7f62c8518000-7f62c8618000 rw-p 00000000 00:00 0 
7f62c8618000-7f62c8619000 ---p 00000000 00:00 0 
7f62c8619000-7f62c8759000 rw-p 00000000 00:00 0 
7f62c8759000-7f62c87c3000 ---p 00000000 00:00 0 
7f62c87c3000-7f62c8816000 rw-p 00000000 00:00 0 
7f62c8816000-7f62c8819000 ---p 00000000 00:00 0 
7f62c8819000-7f62c8840000 rw-p 00000000 00:00 0 
7f62c8840000-7f62c8bda000 ---p 00000000 00:00 0 
7f62c8bda000-7f62c955a000 rwxp 00000000 00:00 0 
7f62c955a000-7f62d7bda000 ---p 00000000 00:00 0 
7f62d7bda000-7f62d7bf4000 r-xp 00000000 08:01 17703739                   /usr/lib/jvm/java-8-oracle/jre/lib/amd64/libzip.so
7f62d7bf4000-7f62d7df4000 ---p 0001a000 08:01 17703739                   /usr/lib/jvm/java-8-oracle/jre/lib/amd64/libzip.so
7f62d7df4000-7f62d7df5000 rw-p 0001a000 08:01 17703739                   /usr/lib/jvm/java-8-oracle/jre/lib/amd64/libzip.so
7f62d7df5000-7f62d7dff000 r-xp 00000000 08:01 7871520                    /lib/x86_64-linux-gnu/libnss_files-2.19.so
7f62d7dff000-7f62d7ffe000 ---p 0000a000 08:01 7871520                    /lib/x86_64-linux-gnu/libnss_files-2.19.so
7f62d7ffe000-7f62d7fff000 r--p 00009000 08:01 7871520                    /lib/x86_64-linux-gnu/libnss_files-2.19.so
7f62d7fff000-7f62d8000000 rw-p 0000a000 08:01 7871520                    /lib/x86_64-linux-gnu/libnss_files-2.19.so
7f62d8000000-7f62d8979000 rw-p 00000000 00:00 0 
7f62d8979000-7f62dc000000 ---p 00000000 00:00 0 
7f62dc000000-7f62dc006000 r--s 0003d000 08:01 1316061                    /home/sumit/java/GWTProject/AssetMS/LoginDemo (2)/war/WEB-INF/lib/gwt-crypto-2.3.0.jar
7f62dc006000-7f62dc010000 r--s 000e7000 08:01 1316060                    /home/sumit/java/GWTProject/AssetMS/LoginDemo (2)/war/WEB-INF/lib/mysql-connector-java-5.1.38-bin.jar
7f62dc010000-7f62dc01b000 r-xp 00000000 08:01 7871512                    /lib/x86_64-linux-gnu/libnss_nis-2.19.so
7f62dc01b000-7f62dc21a000 ---p 0000b000 08:01 7871512                    /lib/x86_64-linux-gnu/libnss_nis-2.19.so
7f62dc21a000-7f62dc21b000 r--p 0000a000 08:01 7871512                    /lib/x86_64-linux-gnu/libnss_nis-2.19.so
7f62dc21b000-7f62dc21c000 rw-p 0000b000 08:01 7871512                    /lib/x86_64-linux-gnu/libnss_nis-2.19.so
7f62dc21c000-7f62dc233000 r-xp 00000000 08:01 7871508                    /lib/x86_64-linux-gnu/libnsl-2.19.so
7f62dc233000-7f62dc432000 ---p 00017000 08:01 7871508                    /lib/x86_64-linux-gnu/libnsl-2.19.so
7f62dc432000-7f62dc433000 r--p 00016000 08:01 7871508                    /lib/x86_64-linux-gnu/libnsl-2.19.so
7f62dc433000-7f62dc434000 rw-p 00017000 08:01 7871508                    /lib/x86_64-linux-gnu/libnsl-2.19.so
7f62dc434000-7f62dc436000 rw-p 00000000 00:00 0 
7f62dc436000-7f62dc43f000 r-xp 00000000 08:01 7871507                    /lib/x86_64-linux-gnu/libnss_compat-2.19.so
7f62dc43f000-7f62dc63e000 ---p 00009000 08:01 7871507                    /lib/x86_64-linux-gnu/libnss_compat-2.19.so
7f62dc63e000-7f62dc63f000 r--p 00008000 08:01 7871507                    /lib/x86_64-linux-gnu/libnss_compat-2.19.so
7f62dc63f000-7f62dc640000 rw-p 00009000 08:01 7871507                    /lib/x86_64-linux-gnu/libnss_compat-2.19.so
7f62dc640000-7f62dc66a000 r-xp 00000000 08:01 17703732                   /usr/lib/jvm/java-8-oracle/jre/lib/amd64/libjava.so
7f62dc66a000-7f62dc86a000 ---p 0002a000 08:01 17703732                   /usr/lib/jvm/java-8-oracle/jre/lib/amd64/libjava.so
7f62dc86a000-7f62dc86c000 rw-p 0002a000 08:01 17703732                   /usr/lib/jvm/java-8-oracle/jre/lib/amd64/libjava.so
7f62dc86c000-7f62dc879000 r-xp 00000000 08:01 17703766                   /usr/lib/jvm/java-8-oracle/jre/lib/amd64/libverify.so
7f62dc879000-7f62dca79000 ---p 0000d000 08:01 17703766                   /usr/lib/jvm/java-8-oracle/jre/lib/amd64/libverify.so
7f62dca79000-7f62dca7b000 rw-p 0000d000 08:01 17703766                   /usr/lib/jvm/java-8-oracle/jre/lib/amd64/libverify.so
7f62dca7b000-7f62dca82000 r-xp 00000000 08:01 7871516                    /lib/x86_64-linux-gnu/librt-2.19.so
7f62dca82000-7f62dcc81000 ---p 00007000 08:01 7871516                    /lib/x86_64-linux-gnu/librt-2.19.so
7f62dcc81000-7f62dcc82000 r--p 00006000 08:01 7871516                    /lib/x86_64-linux-gnu/librt-2.19.so
7f62dcc82000-7f62dcc83000 rw-p 00007000 08:01 7871516                    /lib/x86_64-linux-gnu/librt-2.19.so
7f62dcc83000-7f62dcd88000 r-xp 00000000 08:01 7871502                    /lib/x86_64-linux-gnu/libm-2.19.so
7f62dcd88000-7f62dcf87000 ---p 00105000 08:01 7871502                    /lib/x86_64-linux-gnu/libm-2.19.so
7f62dcf87000-7f62dcf88000 r--p 00104000 08:01 7871502                    /lib/x86_64-linux-gnu/libm-2.19.so
7f62dcf88000-7f62dcf89000 rw-p 00105000 08:01 7871502                    /lib/x86_64-linux-gnu/libm-2.19.so
7f62dcf89000-7f62ddc49000 r-xp 00000000 08:01 17703745                   /usr/lib/jvm/java-8-oracle/jre/lib/amd64/server/libjvm.so
7f62ddc49000-7f62dde49000 ---p 00cc0000 08:01 17703745                   /usr/lib/jvm/java-8-oracle/jre/lib/amd64/server/libjvm.so
7f62dde49000-7f62ddf21000 rw-p 00cc0000 08:01 17703745                   /usr/lib/jvm/java-8-oracle/jre/lib/amd64/server/libjvm.so
7f62ddf21000-7f62ddf6c000 rw-p 00000000 00:00 0 
7f62ddf6c000-7f62de126000 r-xp 00000000 08:01 7871517                    /lib/x86_64-linux-gnu/libc-2.19.so
7f62de126000-7f62de326000 ---p 001ba000 08:01 7871517                    /lib/x86_64-linux-gnu/libc-2.19.so
7f62de326000-7f62de32a000 r--p 001ba000 08:01 7871517                    /lib/x86_64-linux-gnu/libc-2.19.so
7f62de32a000-7f62de32c000 rw-p 001be000 08:01 7871517                    /lib/x86_64-linux-gnu/libc-2.19.so
7f62de32c000-7f62de331000 rw-p 00000000 00:00 0 
7f62de331000-7f62de334000 r-xp 00000000 08:01 7871504                    /lib/x86_64-linux-gnu/libdl-2.19.so
7f62de334000-7f62de533000 ---p 00003000 08:01 7871504                    /lib/x86_64-linux-gnu/libdl-2.19.so
7f62de533000-7f62de534000 r--p 00002000 08:01 7871504                    /lib/x86_64-linux-gnu/libdl-2.19.so
7f62de534000-7f62de535000 rw-p 00003000 08:01 7871504                    /lib/x86_64-linux-gnu/libdl-2.19.so
7f62de535000-7f62de54a000 r-xp 00000000 08:01 17836476                   /usr/lib/jvm/java-8-oracle/lib/amd64/jli/libjli.so
7f62de54a000-7f62de74a000 ---p 00015000 08:01 17836476                   /usr/lib/jvm/java-8-oracle/lib/amd64/jli/libjli.so
7f62de74a000-7f62de74b000 rw-p 00015000 08:01 17836476                   /usr/lib/jvm/java-8-oracle/lib/amd64/jli/libjli.so
7f62de74b000-7f62de764000 r-xp 00000000 08:01 7871509                    /lib/x86_64-linux-gnu/libpthread-2.19.so
7f62de764000-7f62de963000 ---p 00019000 08:01 7871509                    /lib/x86_64-linux-gnu/libpthread-2.19.so
7f62de963000-7f62de964000 r--p 00018000 08:01 7871509                    /lib/x86_64-linux-gnu/libpthread-2.19.so
7f62de964000-7f62de965000 rw-p 00019000 08:01 7871509                    /lib/x86_64-linux-gnu/libpthread-2.19.so
7f62de965000-7f62de969000 rw-p 00000000 00:00 0 
7f62de969000-7f62de98c000 r-xp 00000000 08:01 7871510                    /lib/x86_64-linux-gnu/ld-2.19.so
7f62de98c000-7f62de98d000 r--s 00000000 08:01 13895332                   /home/sumit/java/aop/org.springframework.instrument-3.0.1.RELEASE-A.jar
7f62de98d000-7f62de98f000 r--s 00017000 08:01 14290422                   /home/sumit/java/spcorejars/jmxtools-1.2.1.jar
7f62de98f000-7f62de991000 r--s 0000e000 08:01 14419904                   /home/sumit/java/eclipse/plugins/com.google.gwt.eclipse.sdkbundle_2.7.0/gwt-2.7.0/validation-api-1.0.0.GA-sources.jar
7f62de991000-7f62de994000 r--s 00009000 08:01 14419901                   /home/sumit/java/eclipse/plugins/com.google.gwt.eclipse.sdkbundle_2.7.0/gwt-2.7.0/validation-api-1.0.0.GA.jar
7f62de994000-7f62de9fc000 rw-p 00000000 00:00 0 
7f62de9fc000-7f62dea67000 ---p 00000000 00:00 0 
7f62dea67000-7f62dea6a000 ---p 00000000 00:00 0 
7f62dea6a000-7f62deb6c000 rw-p 00000000 00:00 0 
7f62deb6c000-7f62deb6d000 r--s 0000c000 08:01 14291894                   /home/sumit/java/spcorejars/org.springframework.asm-3.0.1.RELEASE-A.jar
7f62deb6d000-7f62deb71000 r--s 00097000 08:01 17703687                   /usr/lib/jvm/java-8-oracle/jre/lib/jsse.jar
7f62deb71000-7f62deb75000 r--s 0002d000 08:01 14419912                   /home/sumit/java/eclipse/plugins/com.google.gwt.eclipse.sdkbundle_2.7.0/gwt-2.7.0/gwt-codeserver.jar
7f62deb75000-7f62deb7f000 rw-p 00000000 00:00 0 
7f62deb7f000-7f62deb87000 rw-s 00000000 08:01 3801165                    /tmp/hsperfdata_sumit/9848
7f62deb87000-7f62deb88000 rw-p 00000000 00:00 0 
7f62deb88000-7f62deb89000 ---p 00000000 00:00 0 
7f62deb89000-7f62deb8b000 rw-p 00000000 00:00 0 
7f62deb8b000-7f62deb8c000 r--p 00022000 08:01 7871510                    /lib/x86_64-linux-gnu/ld-2.19.so
7f62deb8c000-7f62deb8d000 rw-p 00023000 08:01 7871510                    /lib/x86_64-linux-gnu/ld-2.19.so
7f62deb8d000-7f62deb8e000 rw-p 00000000 00:00 0 
7ffe60485000-7ffe604a7000 rw-p 00000000 00:00 0                          [stack]
7ffe60592000-7ffe60594000 r--p 00000000 00:00 0                          [vvar]
7ffe60594000-7ffe60596000 r-xp 00000000 00:00 0                          [vdso]
ffffffffff600000-ffffffffff601000 r-xp 00000000 00:00 0                  [vsyscall]

VM Arguments:
jvm_args: -Xmx512m -Dfile.encoding=UTF-8 
java_command: com.google.gwt.dev.DevMode -remoteUI 44843:18861552579600 -startupUrl app.html -logLevel INFO -codeServerPort 9997 -port 8888 -war /home/sumit/java/GWTProject/AssetMS/LoginDemo (2)/war com.smt.appModule
java_class_path (initial): /home/sumit/java/GWTProject/AssetMS/LoginDemo (2)/src:/home/sumit/java/GWTProject/AssetMS/LoginDemo (2)/war/WEB-INF/classes:/home/sumit/java/eclipse/plugins/com.google.gwt.eclipse.sdkbundle_2.7.0/gwt-2.7.0/gwt-user.jar:/home/sumit/java/eclipse/plugins/com.google.gwt.eclipse.sdkbundle_2.7.0/gwt-2.7.0/gwt-codeserver.jar:/home/sumit/java/eclipse/plugins/com.google.gwt.eclipse.sdkbundle_2.7.0/gwt-2.7.0/gwt-dev.jar:/home/sumit/java/eclipse/plugins/com.google.gwt.eclipse.sdkbundle_2.7.0/gwt-2.7.0/validation-api-1.0.0.GA.jar:/home/sumit/java/eclipse/plugins/com.google.gwt.eclipse.sdkbundle_2.7.0/gwt-2.7.0/validation-api-1.0.0.GA-sources.jar:/home/sumit/java/GWTProject/AssetMS/LoginDemo (2)/war/WEB-INF/lib/mysql-connector-java-5.1.38-bin.jar:/home/sumit/java/GWTProject/AssetMS/LoginDemo (2)/war/WEB-INF/lib/gwt-crypto-2.3.0.jar:/home/sumit/java/mysql-connector-java-5.1.38/mysql-connector-java-5.1.38-bin.jar:/home/sumit/java/spcorejars/org.springframework.expression-3.0.1.RELEASE-A.jar:/home/sumit/java/spcorejars/org.springframework.core-3.0.1.RELEASE-A.jar:/home/sumit/java/spcorejars/org.springframework.context-3.0.1.RELEASE-A.jar:/home/sumit/java/spcorejars/org.springframework.beans-3.0.1.RELEASE-A.jar:/home/sumit/java/spcorejars/org.springframework.asm-3.0.1.RELEASE-A.jar:/home/sumit/java/spcorejars/jmxtools-1.2.1.jar:/home/sumit/java/spcorejars/com.springsource.org.apache.log4j-1.2.15.jar:/home/sumit/java/spcorejars/com.springsource.org.apache.commons.logging-1.1.1.jar:/home/sumit/java/persistJdbc/xapool.jar:/home/sumit/java/persistJdbc/jotm.jar:/home/sumit/java/persistJdbc/commons-dbcp.jar:/home/sumit/java/persistJdbc/com.springsource.org.apache.commons.pool-1.5.3.jar:/home/sumit/java/persistJdbc/com.springsource.org.apache.commons.lang-2.4.0.jar:/home/sumit/java/persistJdbc/com.springsource.com.mchange.v2.c3p0-0.9.1.2.jar:/home/sumit/java/persistCore/persistence.jar:/home/sumit/java/persistCore/org.springframework.transaction-3.0.1.RELEASE-A
Launcher Type: SUN_STANDARD

Environment Variables:
PATH=/usr/local/sbin:/usr/local/bin:/usr/sbin:/usr/bin:/sbin:/bin:/usr/games:/usr/local/games
SHELL=/bin/bash
DISPLAY=:0.0

Signal Handlers:
SIGSEGV: [libjvm.so+0xabca10], sa_mask[0]=11111111011111111101111111111110, sa_flags=SA_RESTART|SA_SIGINFO
SIGBUS: [libjvm.so+0xabca10], sa_mask[0]=11111111011111111101111111111110, sa_flags=SA_RESTART|SA_SIGINFO
SIGFPE: [libjvm.so+0x919a20], sa_mask[0]=11111111011111111101111111111110, sa_flags=SA_RESTART|SA_SIGINFO
SIGPIPE: [libjvm.so+0x919a20], sa_mask[0]=11111111011111111101111111111110, sa_flags=SA_RESTART|SA_SIGINFO
SIGXFSZ: [libjvm.so+0x919a20], sa_mask[0]=11111111011111111101111111111110, sa_flags=SA_RESTART|SA_SIGINFO
SIGILL: [libjvm.so+0x919a20], sa_mask[0]=11111111011111111101111111111110, sa_flags=SA_RESTART|SA_SIGINFO
SIGUSR1: SIG_DFL, sa_mask[0]=00000000000000000000000000000000, sa_flags=none
SIGUSR2: [libjvm.so+0x91b050], sa_mask[0]=00100000000000000000000000000000, sa_flags=SA_RESTART|SA_SIGINFO
SIGHUP: [libjvm.so+0x91c450], sa_mask[0]=11111111011111111101111111111110, sa_flags=SA_RESTART|SA_SIGINFO
SIGINT: [libjvm.so+0x91c450], sa_mask[0]=11111111011111111101111111111110, sa_flags=SA_RESTART|SA_SIGINFO
SIGTERM: [libjvm.so+0x91c450], sa_mask[0]=11111111011111111101111111111110, sa_flags=SA_RESTART|SA_SIGINFO
SIGQUIT: [libjvm.so+0x91c450], sa_mask[0]=11111111011111111101111111111110, sa_flags=SA_RESTART|SA_SIGINFO


---------------  S Y S T E M  ---------------

OS:DISTRIB_ID=Ubuntu
DISTRIB_RELEASE=14.04
DISTRIB_CODENAME=trusty
DISTRIB_DESCRIPTION="Ubuntu 14.04.4 LTS"

uname:Linux 4.2.0-36-generic #42~14.04.1-Ubuntu SMP Fri May 13 17:27:22 UTC 2016 x86_64
libc:glibc 2.19 NPTL 2.19 
rlimit: STACK 8192k, CORE 0k, NPROC 15495, NOFILE 4096, AS infinity
load average:2.37 3.65 2.49

/proc/meminfo:
MemTotal:        3988900 kB
MemFree:           40876 kB
MemAvailable:    1022608 kB
Buffers:           55120 kB
Cached:          1122336 kB
SwapCached:        50732 kB
Active:          2588364 kB
Inactive:        1147064 kB
Active(anon):    1990804 kB
Inactive(anon):   790928 kB
Active(file):     597560 kB
Inactive(file):   356136 kB
Unevictable:         268 kB
Mlocked:             268 kB
SwapTotal:       4135932 kB
SwapFree:        3391836 kB
Dirty:             76544 kB
Writeback:             0 kB
AnonPages:       2546024 kB
Mapped:           306424 kB
Shmem:            223740 kB
Slab:              94644 kB
SReclaimable:      57568 kB
SUnreclaim:        37076 kB
KernelStack:       11568 kB
PageTables:        49044 kB
NFS_Unstable:          0 kB
Bounce:                0 kB
WritebackTmp:          0 kB
CommitLimit:     6130380 kB
Committed_AS:    8398264 kB
VmallocTotal:   34359738367 kB
VmallocUsed:      357956 kB
VmallocChunk:   34358947836 kB
HardwareCorrupted:     0 kB
AnonHugePages:   1273856 kB
CmaTotal:              0 kB
CmaFree:               0 kB
HugePages_Total:       0
HugePages_Free:        0
HugePages_Rsvd:        0
HugePages_Surp:        0
Hugepagesize:       2048 kB
DirectMap4k:      145664 kB
DirectMap2M:     3991552 kB


CPU:total 4 (2 cores per cpu, 2 threads per core) family 6 model 42 stepping 7, cmov, cx8, fxsr, mmx, sse, sse2, sse3, ssse3, sse4.1, sse4.2, popcnt, avx, clmul, ht, tsc, tscinvbit

/proc/cpuinfo:
processor	: 0
vendor_id	: GenuineIntel
cpu family	: 6
model		: 42
model name	: Intel(R) Core(TM) i3-2330M CPU @ 2.20GHz
stepping	: 7
microcode	: 0x17
cpu MHz		: 1299.976
cache size	: 3072 KB
physical id	: 0
siblings	: 4
core id		: 0
cpu cores	: 2
apicid		: 0
initial apicid	: 0
fpu		: yes
fpu_exception	: yes
cpuid level	: 13
wp		: yes
flags		: fpu vme de pse tsc msr pae mce cx8 apic sep mtrr pge mca cmov pat pse36 clflush dts acpi mmx fxsr sse sse2 ss ht tm pbe syscall nx rdtscp lm constant_tsc arch_perfmon pebs bts rep_good nopl xtopology nonstop_tsc aperfmperf eagerfpu pni pclmulqdq dtes64 monitor ds_cpl vmx est tm2 ssse3 cx16 xtpr pdcm pcid sse4_1 sse4_2 x2apic popcnt tsc_deadline_timer xsave avx lahf_lm arat epb pln pts dtherm tpr_shadow vnmi flexpriority ept vpid xsaveopt
bugs		:
bogomips	: 4390.45
clflush size	: 64
cache_alignment	: 64
address sizes	: 36 bits physical, 48 bits virtual
power management:

processor	: 1
vendor_id	: GenuineIntel
cpu family	: 6
model		: 42
model name	: Intel(R) Core(TM) i3-2330M CPU @ 2.20GHz
stepping	: 7
microcode	: 0x17
cpu MHz		: 1299.976
cache size	: 3072 KB
physical id	: 0
siblings	: 4
core id		: 0
cpu cores	: 2
apicid		: 1
initial apicid	: 1
fpu		: yes
fpu_exception	: yes
cpuid level	: 13
wp		: yes
flags		: fpu vme de pse tsc msr pae mce cx8 apic sep mtrr pge mca cmov pat pse36 clflush dts acpi mmx fxsr sse sse2 ss ht tm pbe syscall nx rdtscp lm constant_tsc arch_perfmon pebs bts rep_good nopl xtopology nonstop_tsc aperfmperf eagerfpu pni pclmulqdq dtes64 monitor ds_cpl vmx est tm2 ssse3 cx16 xtpr pdcm pcid sse4_1 sse4_2 x2apic popcnt tsc_deadline_timer xsave avx lahf_lm arat epb pln pts dtherm tpr_shadow vnmi flexpriority ept vpid xsaveopt
bugs		:
bogomips	: 4390.45
clflush size	: 64
cache_alignment	: 64
address sizes	: 36 bits physical, 48 bits virtual
power management:

processor	: 2
vendor_id	: GenuineIntel
cpu family	: 6
model		: 42
model name	: Intel(R) Core(TM) i3-2330M CPU @ 2.20GHz
stepping	: 7
microcode	: 0x17
cpu MHz		: 1299.976
cache size	: 3072 KB
physical id	: 0
siblings	: 4
core id		: 1
cpu cores	: 2
apicid		: 2
initial apicid	: 2
fpu		: yes
fpu_exception	: yes
cpuid level	: 13
wp		: yes
flags		: fpu vme de pse tsc msr pae mce cx8 apic sep mtrr pge mca cmov pat pse36 clflush dts acpi mmx fxsr sse sse2 ss ht tm pbe syscall nx rdtscp lm constant_tsc arch_perfmon pebs bts rep_good nopl xtopology nonstop_tsc aperfmperf eagerfpu pni pclmulqdq dtes64 monitor ds_cpl vmx est tm2 ssse3 cx16 xtpr pdcm pcid sse4_1 sse4_2 x2apic popcnt tsc_deadline_timer xsave avx lahf_lm arat epb pln pts dtherm tpr_shadow vnmi flexpriority ept vpid xsaveopt
bugs		:
bogomips	: 4390.45
clflush size	: 64
cache_alignment	: 64
address sizes	: 36 bits physical, 48 bits virtual
power management:

processor	: 3
vendor_id	: GenuineIntel
cpu family	: 6
model		: 42
model name	: Intel(R) Core(TM) i3-2330M CPU @ 2.20GHz
stepping	: 7
microcode	: 0x17
cpu MHz		: 1299.976
cache size	: 3072 KB
physical id	: 0
siblings	: 4
core id		: 1
cpu cores	: 2
apicid		: 3
initial apicid	: 3
fpu		: yes
fpu_exception	: yes
cpuid level	: 13
wp		: yes
flags		: fpu vme de pse tsc msr pae mce cx8 apic sep mtrr pge mca cmov pat pse36 clflush dts acpi mmx fxsr sse sse2 ss ht tm pbe syscall nx rdtscp lm constant_tsc arch_perfmon pebs bts rep_good nopl xtopology nonstop_tsc aperfmperf eagerfpu pni pclmulqdq dtes64 monitor ds_cpl vmx est tm2 ssse3 cx16 xtpr pdcm pcid sse4_1 sse4_2 x2apic popcnt tsc_deadline_timer xsave avx lahf_lm arat epb pln pts dtherm tpr_shadow vnmi flexpriority ept vpid xsaveopt
bugs		:
bogomips	: 4390.45
clflush size	: 64
cache_alignment	: 64
address sizes	: 36 bits physical, 48 bits virtual
power management:



Memory: 4k page, physical 3988900k(40876k free), swap 4135932k(3391836k free)

vm_info: Java HotSpot(TM) 64-Bit Server VM (25.91-b14) for linux-amd64 JRE (1.8.0_91-b14), built on Apr  1 2016 00:57:21 by "java_re" with gcc 4.3.0 20080428 (Red Hat 4.3.0-8)

time: Tue Jun 21 04:24:52 2016
elapsed time: 27 seconds (0d 0h 0m 27s)

