#
# A fatal error has been detected by the Java Runtime Environment:
#
#  SIGSEGV (0xb) at pc=0x00007f7dd510d4df, pid=9754, tid=140176944264960
#
# JRE version: Java(TM) SE Runtime Environment (8.0_91-b14) (build 1.8.0_91-b14)
# Java VM: Java HotSpot(TM) 64-Bit Server VM (25.91-b14 mixed mode linux-amd64 compressed oops)
# Problematic frame:
# v  ~BufferBlob::vtable chunks
#
# Failed to write core dump. Core dumps have been disabled. To enable core dumping, try "ulimit -c unlimited" before starting Java again
#
# If you would like to submit a bug report, please visit:
#   http://bugreport.java.com/bugreport/crash.jsp
#

---------------  T H R E A D  ---------------

Current thread (0x00007f7d8433f000):  JavaThread "In-process PermutationWorker 0" [_thread_in_Java, id=9834, stack(0x00007f7d7ce7f000,0x00007f7d7cf80000)]

siginfo: si_signo: 11 (SIGSEGV), si_code: 1 (SEGV_MAPERR), si_addr: 0x00000007fa16eaf0

Registers:
RAX=0x00000007fa16e900, RBX=0x00007f7d7d545c80, RCX=0x00000000fc7b6c70, RDX=0x00000000fcebc570
RSP=0x00007f7d7cf7e108, RBP=0x00000000ff42de50, RSI=0x00000000ff42de50, RDI=0x0000000000000000
R8 =0x00000000e00fed50, R9 =0x0000000000000594, R10=0x00000000fcebc570, R11=0x0000000020089e3e
R12=0x0000000000000000, R13=0x00000000f74784d8, R14=0x00000000e3992958, R15=0x00007f7d8433f000
RIP=0x00007f7dd510d4df, EFLAGS=0x0000000000010206, CSGSFS=0x0000000000000033, ERR=0x0000000000000004
  TRAPNO=0x000000000000000e

Top of Stack: (sp=0x00007f7d7cf7e108)
0x00007f7d7cf7e108:   00007f7dd5bdff34 00000000ff4ad3e8
0x00007f7d7cf7e118:   00007f7de9a52000 00000000ff42de50
0x00007f7d7cf7e128:   00007f7dd5c0ed7c 00000000fcebc570
0x00007f7d7cf7e138:   00000000f74784b0 00000000ff4addc0
0x00007f7d7cf7e148:   00007f7dd58c1b5c 00000000ff4addc0
0x00007f7d7cf7e158:   00000000ff4addc0 00000000fc7b6c70
0x00007f7d7cf7e168:   00000000ff4addc0 00000000fcebc570
0x00007f7d7cf7e178:   00000000fc7b6c70 00000000ff0ba158
0x00007f7d7cf7e188:   00000000f7478198 0000000000000000
0x00007f7d7cf7e198:   00007f7dd5b43408 00000000fcebc570
0x00007f7d7cf7e1a8:   0000000000000006 00000000ff4ad608
0x00007f7d7cf7e1b8:   00000000fd081548 ffffffffffffffff
0x00007f7d7cf7e1c8:   0000000000000000 00007f7d7cf7e310
0x00007f7d7cf7e1d8:   00000000fcebc570 00000000ff4ad608
0x00007f7d7cf7e1e8:   00007f7dd5c640a0 00007f7d7cf7e310
0x00007f7d7cf7e1f8:   00007f7dd5db7144 00000000ff4ad408
0x00007f7d7cf7e208:   00007f7dd5cb5d2c 00007f7d7cf7e310
0x00007f7d7cf7e218:   00007f7dd5d4ab74 00007f7d7cdb4b30
0x00007f7d7cf7e228:   00007f7d8433f000 00000000ff4ad408
0x00007f7d7cf7e238:   00000000fcebc570 00000000fc7b6c70
0x00007f7d7cf7e248:   00007f7de9a52000 00007f7d7cdb4b30
0x00007f7d7cf7e258:   00000000f7477f40 00000000ff4ad408
0x00007f7d7cf7e268:   00007f7dd5bdff34 00000000fd084c88
0x00007f7d7cf7e278:   00000000f5b711e8 00000000ff4ad408
0x00007f7d7cf7e288:   00007f7dd5c0ed7c 00007f7d7cf7e310
0x00007f7d7cf7e298:   00007f7dd50082bd 00007f7d7cf7e310
0x00007f7d7cf7e2a8:   00007f7dd5008040 00000000f5b711e8
0x00007f7d7cf7e2b8:   00007f7dd5008040 00000000ff4ad408
0x00007f7d7cf7e2c8:   00000000fcebc570 00007f7d7cf7e2d0
0x00007f7d7cf7e2d8:   00007f7d7cdbf241 00007f7d7cf7e360
0x00007f7d7cf7e2e8:   00007f7d7cdc4450 0000000000000000
0x00007f7d7cf7e2f8:   00007f7d7cdbf360 00007f7d7cf7e2c0 

Instructions: (pc=0x00007f7dd510d4df)
0x00007f7dd510d4bf:   00 00 00 00 00 00 00 00 00 00 00 00 00 00 00 00
0x00007f7dd510d4cf:   00 07 00 0e 00 00 00 01 00 8b 46 08 48 c1 e0 03
0x00007f7dd510d4df:   48 8b 98 f0 01 00 00 ff 63 40 00 00 00 00 00 00
0x00007f7dd510d4ef:   00 00 00 00 00 00 00 00 00 00 00 00 00 00 00 00 

Register to memory mapping:

RAX=0x00000007fa16e900 is an unknown value
RBX={method} {0x00007f7d7d545c80} 'accept' '(Lcom/google/gwt/dev/jjs/ast/JNode;Z)Lcom/google/gwt/dev/jjs/ast/JNode;' in 'com/google/gwt/dev/jjs/ast/JVisitor'
RCX=0x00000000fc7b6c70 is an oop
com.google.gwt.dev.jjs.ast.JVisitor$2 
 - klass: 'com/google/gwt/dev/jjs/ast/JVisitor$2'
RDX=0x00000000fcebc570 is an oop
com.google.gwt.dev.jjs.impl.GenerateJavaScriptAST$GenerateJavaScriptVisitor 
 - klass: 'com/google/gwt/dev/jjs/impl/GenerateJavaScriptAST$GenerateJavaScriptVisitor'
RSP=0x00007f7d7cf7e108 is pointing into the stack for thread: 0x00007f7d8433f000
RBP=0x00000000ff42de50 is an oop

[error occurred during error reporting (printing register info), id 0xb]

Stack: [0x00007f7d7ce7f000,0x00007f7d7cf80000],  sp=0x00007f7d7cf7e108,  free space=1020k
Native frames: (J=compiled Java code, j=interpreted, Vv=VM code, C=native code)
v  ~BufferBlob::vtable chunks


---------------  P R O C E S S  ---------------

Java Threads: ( => current thread )
=>0x00007f7d8433f000 JavaThread "In-process PermutationWorker 0" [_thread_in_Java, id=9834, stack(0x00007f7d7ce7f000,0x00007f7d7cf80000)]
  0x00007f7d842d0800 JavaThread "Java2D Disposer" daemon [_thread_blocked, id=9824, stack(0x00007f7dc641d000,0x00007f7dc651e000)]
  0x00007f7d74008800 JavaThread "pool-3-thread-1" [_thread_blocked, id=9813, stack(0x00007f7dc58f8000,0x00007f7dc59f9000)]
  0x00007f7d80215000 JavaThread "qtp1413278294-45" [_thread_blocked, id=9810, stack(0x00007f7d7da02000,0x00007f7d7db03000)]
  0x00007f7d80213000 JavaThread "qtp1413278294-44" [_thread_blocked, id=9809, stack(0x00007f7d7db03000,0x00007f7d7dc04000)]
  0x00007f7d80211000 JavaThread "qtp1413278294-43" [_thread_blocked, id=9808, stack(0x00007f7d7dc04000,0x00007f7d7dd05000)]
  0x00007f7d8020f800 JavaThread "qtp1413278294-42" [_thread_blocked, id=9807, stack(0x00007f7d7dd05000,0x00007f7d7de06000)]
  0x00007f7d8020d800 JavaThread "qtp1413278294-41" [_thread_blocked, id=9806, stack(0x00007f7d7de06000,0x00007f7d7df07000)]
  0x00007f7d8020b800 JavaThread "qtp1413278294-40 Acceptor0 SelectChannelConnector@127.0.0.1:9876" [_thread_in_native, id=9805, stack(0x00007f7d7df07000,0x00007f7d7e008000)]
  0x00007f7d80209800 JavaThread "qtp1413278294-39" [_thread_blocked, id=9804, stack(0x00007f7d7e008000,0x00007f7d7e109000)]
  0x00007f7d80208000 JavaThread "qtp1413278294-38 Selector0" [_thread_in_native, id=9803, stack(0x00007f7d7e109000,0x00007f7d7e20a000)]
  0x00007f7d80201800 JavaThread "HashSessionScavenger-1" daemon [_thread_blocked, id=9802, stack(0x00007f7d7e20a000,0x00007f7d7e30b000)]
  0x00007f7de45d2000 JavaThread "qtp83614752-34" [_thread_blocked, id=9801, stack(0x00007f7d7e51c000,0x00007f7d7e61d000)]
  0x00007f7de45d0800 JavaThread "qtp83614752-33" [_thread_blocked, id=9800, stack(0x00007f7d7e61d000,0x00007f7d7e71e000)]
  0x00007f7de45ce800 JavaThread "qtp83614752-32" [_thread_blocked, id=9799, stack(0x00007f7d7e71e000,0x00007f7d7e81f000)]
  0x00007f7de45cd000 JavaThread "qtp83614752-31" [_thread_blocked, id=9798, stack(0x00007f7d7e81f000,0x00007f7d7e920000)]
  0x00007f7de45cb000 JavaThread "qtp83614752-30" [_thread_blocked, id=9797, stack(0x00007f7d7e920000,0x00007f7d7ea21000)]
  0x00007f7de46e6000 JavaThread "qtp83614752-29" [_thread_blocked, id=9796, stack(0x00007f7d7ea21000,0x00007f7d7eb22000)]
  0x00007f7de46e4800 JavaThread "qtp83614752-28 Acceptor0 SelectChannelConnector@127.0.0.1:8888" [_thread_in_native, id=9795, stack(0x00007f7d7eb22000,0x00007f7d7ec23000)]
  0x00007f7de44a2800 JavaThread "qtp83614752-27 Selector0" [_thread_in_native, id=9794, stack(0x00007f7d7ec23000,0x00007f7d7ed24000)]
  0x00007f7de41d1000 JavaThread "Abandoned connection cleanup thread" daemon [_thread_blocked, id=9793, stack(0x00007f7d7ed24000,0x00007f7d7ee25000)]
  0x00007f7de4121800 JavaThread "HashSessionScavenger-0" daemon [_thread_blocked, id=9792, stack(0x00007f7d7f425000,0x00007f7d7f526000)]
  0x00007f7d801cc800 JavaThread "pool-2-thread-1" daemon [_thread_blocked, id=9791, stack(0x00007f7d7f885000,0x00007f7d7f986000)]
  0x00007f7de4465800 JavaThread "GC Daemon" daemon [_thread_blocked, id=9788, stack(0x00007f7dc661f000,0x00007f7dc6720000)]
  0x00007f7d88183800 JavaThread "Timer-0" daemon [_thread_blocked, id=9780, stack(0x00007f7dc651e000,0x00007f7dc661f000)]
  0x00007f7de40f1000 JavaThread "pool-1-thread-1" [_thread_blocked, id=9778, stack(0x00007f7dc68c9000,0x00007f7dc69ca000)]
  0x00007f7de42c5800 JavaThread "Thread-2" daemon [_thread_blocked, id=9776, stack(0x00007f7dc69ca000,0x00007f7dc6acb000)]
  0x00007f7de42b9000 JavaThread "Thread-1" [_thread_in_native, id=9775, stack(0x00007f7dc6acb000,0x00007f7dc6bcc000)]
  0x00007f7de40d4000 JavaThread "Service Thread" daemon [_thread_blocked, id=9771, stack(0x00007f7dc7217000,0x00007f7dc7318000)]
  0x00007f7de40be800 JavaThread "C1 CompilerThread2" daemon [_thread_blocked, id=9770, stack(0x00007f7dc7318000,0x00007f7dc7419000)]
  0x00007f7de40bc800 JavaThread "C2 CompilerThread1" daemon [_thread_in_native, id=9769, stack(0x00007f7dc7419000,0x00007f7dc751a000)]
  0x00007f7de40ba000 JavaThread "C2 CompilerThread0" daemon [_thread_in_native, id=9768, stack(0x00007f7dc751a000,0x00007f7dc761b000)]
  0x00007f7de40b8800 JavaThread "Signal Dispatcher" daemon [_thread_blocked, id=9767, stack(0x00007f7dc761b000,0x00007f7dc771c000)]
  0x00007f7de4085800 JavaThread "Finalizer" daemon [_thread_blocked, id=9766, stack(0x00007f7dc7dfe000,0x00007f7dc7eff000)]
  0x00007f7de4081000 JavaThread "Reference Handler" daemon [_thread_blocked, id=9765, stack(0x00007f7dc7eff000,0x00007f7dc8000000)]
  0x00007f7de400b800 JavaThread "main" [_thread_blocked, id=9759, stack(0x00007f7ded490000,0x00007f7ded591000)]

Other Threads:
  0x00007f7de4079800 VMThread [stack: 0x00007f7dd408e000,0x00007f7dd418f000] [id=9764]
  0x00007f7de40d6800 WatcherThread [stack: 0x00007f7dc7116000,0x00007f7dc7217000] [id=9772]

VM state:not at safepoint (normal execution)

VM Mutex/Monitor currently owned by a thread: None

Heap:
 PSYoungGen      total 116736K, used 84897K [0x00000000f5580000, 0x0000000100000000, 0x0000000100000000)
  eden space 58880K, 53% used [0x00000000f5580000,0x00000000f747f210,0x00000000f8f00000)
  from space 57856K, 91% used [0x00000000fc780000,0x00000000ffb694c0,0x0000000100000000)
  to   space 57856K, 0% used [0x00000000f8f00000,0x00000000f8f00000,0x00000000fc780000)
 ParOldGen       total 160768K, used 95636K [0x00000000e0000000, 0x00000000e9d00000, 0x00000000f5580000)
  object space 160768K, 59% used [0x00000000e0000000,0x00000000e5d652a8,0x00000000e9d00000)
 Metaspace       used 35960K, capacity 36726K, committed 36992K, reserved 1081344K
  class space    used 4272K, capacity 4466K, committed 4480K, reserved 1048576K

Card table byte_map: [0x00007f7dea152000,0x00007f7dea253000] byte_map_base: 0x00007f7de9a52000

Marking Bits: (ParMarkBitMap*) 0x00007f7dec968d60
 Begin Bits: [0x00007f7de8d4e000, 0x00007f7de954e000)
 End Bits:   [0x00007f7de954e000, 0x00007f7de9d4e000)

Polling page: 0x00007f7ded5b1000

CodeCache: size=245760Kb used=13992Kb max_used=14004Kb free=231767Kb
 bounds [0x00007f7dd5000000, 0x00007f7dd5dd0000, 0x00007f7de4000000]
 total_blobs=5907 nmethods=5365 adapters=453
 compilation: enabled

Compilation events (10 events):
Event: 50.886 Thread 0x00007f7de40bc800 nmethod 6513 0x00007f7dd5dbd590 code [0x00007f7dd5dbd700, 0x00007f7dd5dbd8f8]
Event: 50.886 Thread 0x00007f7de40bc800 6514       4       java.util.ArrayList::add (54 bytes)
Event: 50.887 Thread 0x00007f7de40be800 6515       3       com.google.gwt.thirdparty.guava.common.collect.Iterables$6::iterator (17 bytes)
Event: 50.888 Thread 0x00007f7de40be800 nmethod 6515 0x00007f7dd5dbbf10 code [0x00007f7dd5dbc0e0, 0x00007f7dd5dbc828]
Event: 50.888 Thread 0x00007f7de40be800 6516       3       java.util.Collections::addAll (43 bytes)
Event: 50.889 Thread 0x00007f7de40be800 nmethod 6516 0x00007f7dd5dbb950 code [0x00007f7dd5dbbac0, 0x00007f7dd5dbbda8]
Event: 50.889 Thread 0x00007f7de40be800 6517       3       com.google.gwt.dev.jjs.impl.GenerateJavaScriptAST$GenerateJavaScriptVisitor::endVisit (17 bytes)
Event: 50.890 Thread 0x00007f7de40be800 nmethod 6517 0x00007f7dd5dba7d0 code [0x00007f7dd5dba9c0, 0x00007f7dd5dbb488]
Event: 50.895 Thread 0x00007f7de40bc800 nmethod 6514 0x00007f7dd5db9f10 code [0x00007f7dd5dba080, 0x00007f7dd5dba4b8]
Event: 50.895 Thread 0x00007f7de40bc800 6518       4       com.google.gwt.thirdparty.guava.common.collect.AbstractIterator::tryToComputeNext (36 bytes)

GC Heap History (10 events):
Event: 47.222 GC heap before
{Heap before GC invocations=25 (full 3):
 PSYoungGen      total 103424K, used 103258K [0x00000000f5580000, 0x0000000100000000, 0x0000000100000000)
  eden space 65536K, 100% used [0x00000000f5580000,0x00000000f9580000,0x00000000f9580000)
  from space 37888K, 99% used [0x00000000f9580000,0x00000000fba56a18,0x00000000fba80000)
  to   space 56320K, 0% used [0x00000000fc900000,0x00000000fc900000,0x0000000100000000)
 ParOldGen       total 160768K, used 95461K [0x00000000e0000000, 0x00000000e9d00000, 0x00000000f5580000)
  object space 160768K, 59% used [0x00000000e0000000,0x00000000e5d39460,0x00000000e9d00000)
 Metaspace       used 34419K, capacity 35222K, committed 35328K, reserved 1081344K
  class space    used 4116K, capacity 4306K, committed 4352K, reserved 1048576K
Event: 47.327 GC heap after
Heap after GC invocations=25 (full 3):
 PSYoungGen      total 116224K, used 37289K [0x00000000f5580000, 0x0000000100000000, 0x0000000100000000)
  eden space 59904K, 0% used [0x00000000f5580000,0x00000000f5580000,0x00000000f9000000)
  from space 56320K, 66% used [0x00000000fc900000,0x00000000fed6a400,0x0000000100000000)
  to   space 57344K, 0% used [0x00000000f9000000,0x00000000f9000000,0x00000000fc800000)
 ParOldGen       total 160768K, used 95469K [0x00000000e0000000, 0x00000000e9d00000, 0x00000000f5580000)
  object space 160768K, 59% used [0x00000000e0000000,0x00000000e5d3b460,0x00000000e9d00000)
 Metaspace       used 34419K, capacity 35222K, committed 35328K, reserved 1081344K
  class space    used 4116K, capacity 4306K, committed 4352K, reserved 1048576K
}
Event: 48.673 GC heap before
{Heap before GC invocations=26 (full 3):
 PSYoungGen      total 116224K, used 97193K [0x00000000f5580000, 0x0000000100000000, 0x0000000100000000)
  eden space 59904K, 100% used [0x00000000f5580000,0x00000000f9000000,0x00000000f9000000)
  from space 56320K, 66% used [0x00000000fc900000,0x00000000fed6a400,0x0000000100000000)
  to   space 57344K, 0% used [0x00000000f9000000,0x00000000f9000000,0x00000000fc800000)
 ParOldGen       total 160768K, used 95469K [0x00000000e0000000, 0x00000000e9d00000, 0x00000000f5580000)
  object space 160768K, 59% used [0x00000000e0000000,0x00000000e5d3b460,0x00000000e9d00000)
 Metaspace       used 35081K, capacity 35862K, committed 36224K, reserved 1081344K
  class space    used 4186K, capacity 4370K, committed 4480K, reserved 1048576K
Event: 48.753 GC heap after
Heap after GC invocations=26 (full 3):
 PSYoungGen      total 117248K, used 34108K [0x00000000f5580000, 0x0000000100000000, 0x0000000100000000)
  eden space 59904K, 0% used [0x00000000f5580000,0x00000000f5580000,0x00000000f9000000)
  from space 57344K, 59% used [0x00000000f9000000,0x00000000fb14f088,0x00000000fc800000)
  to   space 56832K, 0% used [0x00000000fc880000,0x00000000fc880000,0x0000000100000000)
 ParOldGen       total 160768K, used 95477K [0x00000000e0000000, 0x00000000e9d00000, 0x00000000f5580000)
  object space 160768K, 59% used [0x00000000e0000000,0x00000000e5d3d460,0x00000000e9d00000)
 Metaspace       used 35081K, capacity 35862K, committed 36224K, reserved 1081344K
  class space    used 4186K, capacity 4370K, committed 4480K, reserved 1048576K
}
Event: 49.565 GC heap before
{Heap before GC invocations=27 (full 3):
 PSYoungGen      total 117248K, used 94012K [0x00000000f5580000, 0x0000000100000000, 0x0000000100000000)
  eden space 59904K, 100% used [0x00000000f5580000,0x00000000f9000000,0x00000000f9000000)
  from space 57344K, 59% used [0x00000000f9000000,0x00000000fb14f088,0x00000000fc800000)
  to   space 56832K, 0% used [0x00000000fc880000,0x00000000fc880000,0x0000000100000000)
 ParOldGen       total 160768K, used 95477K [0x00000000e0000000, 0x00000000e9d00000, 0x00000000f5580000)
  object space 160768K, 59% used [0x00000000e0000000,0x00000000e5d3d460,0x00000000e9d00000)
 Metaspace       used 35422K, capacity 36214K, committed 36480K, reserved 1081344K
  class space    used 4228K, capacity 4402K, committed 4480K, reserved 1048576K
Event: 49.624 GC heap after
Heap after GC invocations=27 (full 3):
 PSYoungGen      total 115712K, used 34353K [0x00000000f5580000, 0x00000000ffe80000, 0x0000000100000000)
  eden space 60416K, 0% used [0x00000000f5580000,0x00000000f5580000,0x00000000f9080000)
  from space 55296K, 62% used [0x00000000fc880000,0x00000000fea0c410,0x00000000ffe80000)
  to   space 56320K, 0% used [0x00000000f9080000,0x00000000f9080000,0x00000000fc780000)
 ParOldGen       total 160768K, used 95485K [0x00000000e0000000, 0x00000000e9d00000, 0x00000000f5580000)
  object space 160768K, 59% used [0x00000000e0000000,0x00000000e5d3f460,0x00000000e9d00000)
 Metaspace       used 35422K, capacity 36214K, committed 36480K, reserved 1081344K
  class space    used 4228K, capacity 4402K, committed 4480K, reserved 1048576K
}
Event: 50.089 GC heap before
{Heap before GC invocations=28 (full 3):
 PSYoungGen      total 115712K, used 94769K [0x00000000f5580000, 0x00000000ffe80000, 0x0000000100000000)
  eden space 60416K, 100% used [0x00000000f5580000,0x00000000f9080000,0x00000000f9080000)
  from space 55296K, 62% used [0x00000000fc880000,0x00000000fea0c410,0x00000000ffe80000)
  to   space 56320K, 0% used [0x00000000f9080000,0x00000000f9080000,0x00000000fc780000)
 ParOldGen       total 160768K, used 95485K [0x00000000e0000000, 0x00000000e9d00000, 0x00000000f5580000)
  object space 160768K, 59% used [0x00000000e0000000,0x00000000e5d3f460,0x00000000e9d00000)
 Metaspace       used 35598K, capacity 36374K, committed 36480K, reserved 1081344K
  class space    used 4248K, capacity 4434K, committed 4480K, reserved 1048576K
Event: 50.160 GC heap after
Heap after GC invocations=28 (full 3):
 PSYoungGen      total 116736K, used 43444K [0x00000000f5580000, 0x0000000100000000, 0x0000000100000000)
  eden space 60416K, 0% used [0x00000000f5580000,0x00000000f5580000,0x00000000f9080000)
  from space 56320K, 77% used [0x00000000f9080000,0x00000000fbaed120,0x00000000fc780000)
  to   space 57856K, 0% used [0x00000000fc780000,0x00000000fc780000,0x0000000100000000)
 ParOldGen       total 160768K, used 95485K [0x00000000e0000000, 0x00000000e9d00000, 0x00000000f5580000)
  object space 160768K, 59% used [0x00000000e0000000,0x00000000e5d3f460,0x00000000e9d00000)
 Metaspace       used 35598K, capacity 36374K, committed 36480K, reserved 1081344K
  class space    used 4248K, capacity 4434K, committed 4480K, reserved 1048576K
}
Event: 50.440 GC heap before
{Heap before GC invocations=29 (full 3):
 PSYoungGen      total 116736K, used 103860K [0x00000000f5580000, 0x0000000100000000, 0x0000000100000000)
  eden space 60416K, 100% used [0x00000000f5580000,0x00000000f9080000,0x00000000f9080000)
  from space 56320K, 77% used [0x00000000f9080000,0x00000000fbaed120,0x00000000fc780000)
  to   space 57856K, 0% used [0x00000000fc780000,0x00000000fc780000,0x0000000100000000)
 ParOldGen       total 160768K, used 95485K [0x00000000e0000000, 0x00000000e9d00000, 0x00000000f5580000)
  object space 160768K, 59% used [0x00000000e0000000,0x00000000e5d3f460,0x00000000e9d00000)
 Metaspace       used 35785K, capacity 36502K, committed 36736K, reserved 1081344K
  class space    used 4265K, capacity 4434K, committed 4480K, reserved 1048576K
Event: 50.527 GC heap after
Heap after GC invocations=29 (full 3):
 PSYoungGen      total 116736K, used 53157K [0x00000000f5580000, 0x0000000100000000, 0x0000000100000000)
  eden space 58880K, 0% used [0x00000000f5580000,0x00000000f5580000,0x00000000f8f00000)
  from space 57856K, 91% used [0x00000000fc780000,0x00000000ffb694c0,0x0000000100000000)
  to   space 57856K, 0% used [0x00000000f8f00000,0x00000000f8f00000,0x00000000fc780000)
 ParOldGen       total 160768K, used 95636K [0x00000000e0000000, 0x00000000e9d00000, 0x00000000f5580000)
  object space 160768K, 59% used [0x00000000e0000000,0x00000000e5d652a8,0x00000000e9d00000)
 Metaspace       used 35785K, capacity 36502K, committed 36736K, reserved 1081344K
  class space    used 4265K, capacity 4434K, committed 4480K, reserved 1048576K
}

Deoptimization events (10 events):
Event: 50.414 Thread 0x00007f7d8433f000 Uncommon trap: reason=bimorphic action=maybe_recompile pc=0x00007f7dd5cb0390 method=java.util.HashMap.containsValue(Ljava/lang/Object;)Z @ 54
Event: 50.417 Thread 0x00007f7d8433f000 Uncommon trap: reason=bimorphic action=maybe_recompile pc=0x00007f7dd5b41a38 method=com.google.gwt.thirdparty.guava.common.collect.AbstractMapBasedMultimap.createCollection(Ljava/lang/Object;)Ljava/util/Collection; @ 1
Event: 50.417 Thread 0x00007f7d8433f000 Uncommon trap: reason=bimorphic action=maybe_recompile pc=0x00007f7dd5b41a38 method=com.google.gwt.thirdparty.guava.common.collect.AbstractMapBasedMultimap.createCollection(Ljava/lang/Object;)Ljava/util/Collection; @ 1
Event: 50.417 Thread 0x00007f7d8433f000 Uncommon trap: reason=bimorphic action=maybe_recompile pc=0x00007f7dd5b41a38 method=com.google.gwt.thirdparty.guava.common.collect.AbstractMapBasedMultimap.createCollection(Ljava/lang/Object;)Ljava/util/Collection; @ 1
Event: 50.418 Thread 0x00007f7d8433f000 Uncommon trap: reason=bimorphic action=maybe_recompile pc=0x00007f7dd5b41a38 method=com.google.gwt.thirdparty.guava.common.collect.AbstractMapBasedMultimap.createCollection(Ljava/lang/Object;)Ljava/util/Collection; @ 1
Event: 50.549 Thread 0x00007f7d8433f000 Uncommon trap: reason=unstable_if action=reinterpret pc=0x00007f7dd5d21768 method=com.google.gwt.dev.jjs.ast.JDeclarationStatement.traverse(Lcom/google/gwt/dev/jjs/ast/JVisitor;Lcom/google/gwt/dev/jjs/ast/Context;)V @ 6
Event: 50.551 Thread 0x00007f7d8433f000 Uncommon trap: reason=unstable_if action=reinterpret pc=0x00007f7dd567f640 method=com.google.gwt.dev.jjs.ast.JBinaryOperation.traverse(Lcom/google/gwt/dev/jjs/ast/JVisitor;Lcom/google/gwt/dev/jjs/ast/Context;)V @ 6
Event: 50.555 Thread 0x00007f7d8433f000 Uncommon trap: reason=bimorphic action=maybe_recompile pc=0x00007f7dd5cb3a00 method=java.util.HashMap.containsValue(Ljava/lang/Object;)Z @ 54
Event: 50.556 Thread 0x00007f7d8433f000 Uncommon trap: reason=class_check action=maybe_recompile pc=0x00007f7dd5b87308 method=com.google.gwt.thirdparty.guava.common.collect.RegularImmutableMap.get(Ljava/lang/Object;)Ljava/lang/Object; @ 7
Event: 50.565 Thread 0x00007f7d8433f000 Uncommon trap: reason=bimorphic action=maybe_recompile pc=0x00007f7dd5c8b600 method=java.util.HashMap.containsValue(Ljava/lang/Object;)Z @ 54

Internal exceptions (10 events):
Event: 43.414 Thread 0x00007f7d74008800 Exception <a 'java/lang/NoSuchMethodError': <clinit>> (0x00000000f9198638) thrown at [/HUDSON/workspace/8-2-build-linux-amd64/jdk8u91/6644/hotspot/src/share/vm/prims/jni.cpp, line 1613]
Event: 43.416 Thread 0x00007f7d74008800 Exception <a 'java/lang/NoSuchMethodError': <clinit>> (0x00000000f91a5d40) thrown at [/HUDSON/workspace/8-2-build-linux-amd64/jdk8u91/6644/hotspot/src/share/vm/prims/jni.cpp, line 1613]
Event: 43.832 Thread 0x00007f7d74008800 Exception <a 'java/lang/NoSuchMethodError': <clinit>> (0x00000000f6172600) thrown at [/HUDSON/workspace/8-2-build-linux-amd64/jdk8u91/6644/hotspot/src/share/vm/prims/jni.cpp, line 1613]
Event: 44.223 Thread 0x00007f7d74008800 Exception <a 'java/lang/NoSuchMethodError': <clinit>> (0x00000000f7f7f6f8) thrown at [/HUDSON/workspace/8-2-build-linux-amd64/jdk8u91/6644/hotspot/src/share/vm/prims/jni.cpp, line 1613]
Event: 44.240 Thread 0x00007f7d74008800 Exception <a 'java/lang/NoSuchMethodError': <clinit>> (0x00000000f8049cc8) thrown at [/HUDSON/workspace/8-2-build-linux-amd64/jdk8u91/6644/hotspot/src/share/vm/prims/jni.cpp, line 1613]
Event: 44.320 Thread 0x00007f7d74008800 Exception <a 'java/lang/NoSuchMethodError': <clinit>> (0x00000000f84f1430) thrown at [/HUDSON/workspace/8-2-build-linux-amd64/jdk8u91/6644/hotspot/src/share/vm/prims/jni.cpp, line 1613]
Event: 45.235 Thread 0x00007f7d74008800 Implicit null exception at 0x00007f7dd5380735 to 0x00007f7dd5380919
Event: 45.235 Thread 0x00007f7d74008800 Implicit null exception at 0x00007f7dd52c006f to 0x00007f7dd52c00d9
Event: 45.258 Thread 0x00007f7d74008800 Implicit null exception at 0x00007f7dd5791efb to 0x00007f7dd579251d
Event: 46.293 Thread 0x00007f7d74008800 Implicit null exception at 0x00007f7dd5797643 to 0x00007f7dd5797865

Events (10 events):
Event: 50.845 loading class com/google/gwt/lang/LongLib
Event: 50.845 loading class com/google/gwt/lang/LongLib done
Event: 50.846 loading class com/google/gwt/lang/LongLibBase
Event: 50.846 loading class com/google/gwt/lang/LongLibBase done
Event: 50.849 loading class com/google/gwt/lang/LongLibBase$LongEmul
Event: 50.849 loading class com/google/gwt/lang/LongLibBase$LongEmul done
Event: 50.872 loading class com/google/gwt/dev/js/ast/JsModVisitor$1
Event: 50.872 loading class com/google/gwt/dev/js/ast/JsModVisitor$1 done
Event: 50.879 Executing VM operation: ForceSafepoint
Event: 50.879 Executing VM operation: ForceSafepoint done


Dynamic libraries:
00400000-00401000 r-xp 00000000 08:01 17694768                           /usr/lib/jvm/java-8-oracle/bin/java
00600000-00601000 rw-p 00000000 08:01 17694768                           /usr/lib/jvm/java-8-oracle/bin/java
00c1f000-00c40000 rw-p 00000000 00:00 0                                  [heap]
e0000000-e9d00000 rw-p 00000000 00:00 0 
e9d00000-f5580000 ---p 00000000 00:00 0 
f5580000-100000000 rw-p 00000000 00:00 0 
100000000-100460000 rw-p 00000000 00:00 0 
100460000-140000000 ---p 00000000 00:00 0 
7f7d50000000-7f7d50021000 rw-p 00000000 00:00 0 
7f7d50021000-7f7d54000000 ---p 00000000 00:00 0 
7f7d58000000-7f7d5804e000 rw-p 00000000 00:00 0 
7f7d5804e000-7f7d5c000000 ---p 00000000 00:00 0 
7f7d5c000000-7f7d5c28d000 rw-p 00000000 00:00 0 
7f7d5c28d000-7f7d60000000 ---p 00000000 00:00 0 
7f7d60000000-7f7d60021000 rw-p 00000000 00:00 0 
7f7d60021000-7f7d64000000 ---p 00000000 00:00 0 
7f7d64000000-7f7d64021000 rw-p 00000000 00:00 0 
7f7d64021000-7f7d68000000 ---p 00000000 00:00 0 
7f7d68000000-7f7d68129000 rw-p 00000000 00:00 0 
7f7d68129000-7f7d6c000000 ---p 00000000 00:00 0 
7f7d6c000000-7f7d6c021000 rw-p 00000000 00:00 0 
7f7d6c021000-7f7d70000000 ---p 00000000 00:00 0 
7f7d70000000-7f7d70021000 rw-p 00000000 00:00 0 
7f7d70021000-7f7d74000000 ---p 00000000 00:00 0 
7f7d74000000-7f7d74058000 rw-p 00000000 00:00 0 
7f7d74058000-7f7d78000000 ---p 00000000 00:00 0 
7f7d78000000-7f7d780da000 rw-p 00000000 00:00 0 
7f7d780da000-7f7d7c000000 ---p 00000000 00:00 0 
7f7d7cc7f000-7f7d7ce3f000 rw-p 00000000 00:00 0 
7f7d7ce3f000-7f7d7ce7f000 ---p 00000000 00:00 0 
7f7d7ce7f000-7f7d7ce82000 ---p 00000000 00:00 0 
7f7d7ce82000-7f7d7d180000 rw-p 00000000 00:00 0 
7f7d7d180000-7f7d7d1e5000 r-xp 00000000 08:01 17703737                   /usr/lib/jvm/java-8-oracle/jre/lib/amd64/libfontmanager.so
7f7d7d1e5000-7f7d7d3e4000 ---p 00065000 08:01 17703737                   /usr/lib/jvm/java-8-oracle/jre/lib/amd64/libfontmanager.so
7f7d7d3e4000-7f7d7d3e9000 rw-p 00064000 08:01 17703737                   /usr/lib/jvm/java-8-oracle/jre/lib/amd64/libfontmanager.so
7f7d7d3e9000-7f7d7d5f9000 rw-p 00000000 00:00 0 
7f7d7d5f9000-7f7d7d602000 r-xp 00000000 08:01 17703764                   /usr/lib/jvm/java-8-oracle/jre/lib/amd64/libmanagement.so
7f7d7d602000-7f7d7d801000 ---p 00009000 08:01 17703764                   /usr/lib/jvm/java-8-oracle/jre/lib/amd64/libmanagement.so
7f7d7d801000-7f7d7d802000 rw-p 00008000 08:01 17703764                   /usr/lib/jvm/java-8-oracle/jre/lib/amd64/libmanagement.so
7f7d7d802000-7f7d7da02000 rw-p 00000000 00:00 0 
7f7d7da02000-7f7d7da05000 ---p 00000000 00:00 0 
7f7d7da05000-7f7d7db03000 rw-p 00000000 00:00 0 
7f7d7db03000-7f7d7db06000 ---p 00000000 00:00 0 
7f7d7db06000-7f7d7dc04000 rw-p 00000000 00:00 0 
7f7d7dc04000-7f7d7dc07000 ---p 00000000 00:00 0 
7f7d7dc07000-7f7d7dd05000 rw-p 00000000 00:00 0 
7f7d7dd05000-7f7d7dd08000 ---p 00000000 00:00 0 
7f7d7dd08000-7f7d7de06000 rw-p 00000000 00:00 0 
7f7d7de06000-7f7d7de09000 ---p 00000000 00:00 0 
7f7d7de09000-7f7d7df07000 rw-p 00000000 00:00 0 
7f7d7df07000-7f7d7df0a000 ---p 00000000 00:00 0 
7f7d7df0a000-7f7d7e008000 rw-p 00000000 00:00 0 
7f7d7e008000-7f7d7e00b000 ---p 00000000 00:00 0 
7f7d7e00b000-7f7d7e109000 rw-p 00000000 00:00 0 
7f7d7e109000-7f7d7e10c000 ---p 00000000 00:00 0 
7f7d7e10c000-7f7d7e20a000 rw-p 00000000 00:00 0 
7f7d7e20a000-7f7d7e20d000 ---p 00000000 00:00 0 
7f7d7e20d000-7f7d7e30b000 rw-p 00000000 00:00 0 
7f7d7e30b000-7f7d7e31c000 r-xp 00000000 08:01 17703722                   /usr/lib/jvm/java-8-oracle/jre/lib/amd64/libnio.so
7f7d7e31c000-7f7d7e51b000 ---p 00011000 08:01 17703722                   /usr/lib/jvm/java-8-oracle/jre/lib/amd64/libnio.so
7f7d7e51b000-7f7d7e51c000 rw-p 00010000 08:01 17703722                   /usr/lib/jvm/java-8-oracle/jre/lib/amd64/libnio.so
7f7d7e51c000-7f7d7e51f000 ---p 00000000 00:00 0 
7f7d7e51f000-7f7d7e61d000 rw-p 00000000 00:00 0 
7f7d7e61d000-7f7d7e620000 ---p 00000000 00:00 0 
7f7d7e620000-7f7d7e71e000 rw-p 00000000 00:00 0 
7f7d7e71e000-7f7d7e721000 ---p 00000000 00:00 0 
7f7d7e721000-7f7d7e81f000 rw-p 00000000 00:00 0 
7f7d7e81f000-7f7d7e822000 ---p 00000000 00:00 0 
7f7d7e822000-7f7d7e920000 rw-p 00000000 00:00 0 
7f7d7e920000-7f7d7e923000 ---p 00000000 00:00 0 
7f7d7e923000-7f7d7ea21000 rw-p 00000000 00:00 0 
7f7d7ea21000-7f7d7ea24000 ---p 00000000 00:00 0 
7f7d7ea24000-7f7d7eb22000 rw-p 00000000 00:00 0 
7f7d7eb22000-7f7d7eb25000 ---p 00000000 00:00 0 
7f7d7eb25000-7f7d7ec23000 rw-p 00000000 00:00 0 
7f7d7ec23000-7f7d7ec26000 ---p 00000000 00:00 0 
7f7d7ec26000-7f7d7ed24000 rw-p 00000000 00:00 0 
7f7d7ed24000-7f7d7ed27000 ---p 00000000 00:00 0 
7f7d7ed27000-7f7d7f025000 rw-p 00000000 00:00 0 
7f7d7f025000-7f7d7f225000 rw-p 00000000 00:00 0 
7f7d7f225000-7f7d7f425000 rw-p 00000000 00:00 0 
7f7d7f425000-7f7d7f428000 ---p 00000000 00:00 0 
7f7d7f428000-7f7d7f726000 rw-p 00000000 00:00 0 
7f7d7f7cd000-7f7d7f885000 r--s 0082f000 08:01 1316059                    /home/sumit/java/GWTProject/AssetMS/LoginDemo (2)/war/WEB-INF/lib/gwt-servlet.jar
7f7d7f885000-7f7d7f888000 ---p 00000000 00:00 0 
7f7d7f888000-7f7d7f986000 rw-p 00000000 00:00 0 
7f7d7f986000-7f7d7f99c000 r-xp 00000000 08:01 7868654                    /lib/x86_64-linux-gnu/libgcc_s.so.1
7f7d7f99c000-7f7d7fb9b000 ---p 00016000 08:01 7868654                    /lib/x86_64-linux-gnu/libgcc_s.so.1
7f7d7fb9b000-7f7d7fb9c000 rw-p 00015000 08:01 7868654                    /lib/x86_64-linux-gnu/libgcc_s.so.1
7f7d7fbb9000-7f7d7fbeb000 r-xp 00000000 08:01 17703757                   /usr/lib/jvm/java-8-oracle/jre/lib/amd64/libsunec.so
7f7d7fbeb000-7f7d7fdea000 ---p 00032000 08:01 17703757                   /usr/lib/jvm/java-8-oracle/jre/lib/amd64/libsunec.so
7f7d7fdea000-7f7d7fdf0000 rw-p 00031000 08:01 17703757                   /usr/lib/jvm/java-8-oracle/jre/lib/amd64/libsunec.so
7f7d7fdf0000-7f7d80000000 rw-p 00000000 00:00 0 
7f7d80000000-7f7d80224000 rw-p 00000000 00:00 0 
7f7d80224000-7f7d84000000 ---p 00000000 00:00 0 
7f7d84000000-7f7d8437a000 rw-p 00000000 00:00 0 
7f7d8437a000-7f7d88000000 ---p 00000000 00:00 0 
7f7d88000000-7f7d881fc000 rw-p 00000000 00:00 0 
7f7d881fc000-7f7d8c000000 ---p 00000000 00:00 0 
7f7d8c000000-7f7d8c1aa000 rw-p 00000000 00:00 0 
7f7d8c1aa000-7f7d90000000 ---p 00000000 00:00 0 
7f7d90000000-7f7d90021000 rw-p 00000000 00:00 0 
7f7d90021000-7f7d94000000 ---p 00000000 00:00 0 
7f7d94000000-7f7d941c7000 rw-p 00000000 00:00 0 
7f7d941c7000-7f7d98000000 ---p 00000000 00:00 0 
7f7d98000000-7f7d98021000 rw-p 00000000 00:00 0 
7f7d98021000-7f7d9c000000 ---p 00000000 00:00 0 
7f7d9c000000-7f7d9c06f000 rw-p 00000000 00:00 0 
7f7d9c06f000-7f7da0000000 ---p 00000000 00:00 0 
7f7da0000000-7f7da0a5b000 rw-p 00000000 00:00 0 
7f7da0a5b000-7f7da4000000 ---p 00000000 00:00 0 
7f7da4000000-7f7da4021000 rw-p 00000000 00:00 0 
7f7da4021000-7f7da8000000 ---p 00000000 00:00 0 
7f7da8000000-7f7da9dda000 rw-p 00000000 00:00 0 
7f7da9dda000-7f7dac000000 ---p 00000000 00:00 0 
7f7dac000000-7f7dae3e4000 rw-p 00000000 00:00 0 
7f7dae3e4000-7f7db0000000 ---p 00000000 00:00 0 
7f7db0000000-7f7db0021000 rw-p 00000000 00:00 0 
7f7db0021000-7f7db4000000 ---p 00000000 00:00 0 
7f7db4000000-7f7db4021000 rw-p 00000000 00:00 0 
7f7db4021000-7f7db8000000 ---p 00000000 00:00 0 
7f7db8000000-7f7db807a000 rw-p 00000000 00:00 0 
7f7db807a000-7f7dbc000000 ---p 00000000 00:00 0 
7f7dbc000000-7f7dbc021000 rw-p 00000000 00:00 0 
7f7dbc021000-7f7dc0000000 ---p 00000000 00:00 0 
7f7dc0000000-7f7dc0026000 rw-p 00000000 00:00 0 
7f7dc0026000-7f7dc4000000 ---p 00000000 00:00 0 
7f7dc401a000-7f7dc401f000 r-xp 00000000 08:01 17309290                   /usr/lib/x86_64-linux-gnu/libXdmcp.so.6.0.0
7f7dc401f000-7f7dc421e000 ---p 00005000 08:01 17309290                   /usr/lib/x86_64-linux-gnu/libXdmcp.so.6.0.0
7f7dc421e000-7f7dc421f000 r--p 00004000 08:01 17309290                   /usr/lib/x86_64-linux-gnu/libXdmcp.so.6.0.0
7f7dc421f000-7f7dc4220000 rw-p 00005000 08:01 17309290                   /usr/lib/x86_64-linux-gnu/libXdmcp.so.6.0.0
7f7dc4220000-7f7dc4222000 r-xp 00000000 08:01 17309279                   /usr/lib/x86_64-linux-gnu/libXau.so.6.0.0
7f7dc4222000-7f7dc4422000 ---p 00002000 08:01 17309279                   /usr/lib/x86_64-linux-gnu/libXau.so.6.0.0
7f7dc4422000-7f7dc4423000 r--p 00002000 08:01 17309279                   /usr/lib/x86_64-linux-gnu/libXau.so.6.0.0
7f7dc4423000-7f7dc4424000 rw-p 00003000 08:01 17309279                   /usr/lib/x86_64-linux-gnu/libXau.so.6.0.0
7f7dc4424000-7f7dc4441000 r-xp 00000000 08:01 17310347                   /usr/lib/x86_64-linux-gnu/libxcb.so.1.1.0
7f7dc4441000-7f7dc4641000 ---p 0001d000 08:01 17310347                   /usr/lib/x86_64-linux-gnu/libxcb.so.1.1.0
7f7dc4641000-7f7dc4642000 r--p 0001d000 08:01 17310347                   /usr/lib/x86_64-linux-gnu/libxcb.so.1.1.0
7f7dc4642000-7f7dc4643000 rw-p 0001e000 08:01 17310347                   /usr/lib/x86_64-linux-gnu/libxcb.so.1.1.0
7f7dc4643000-7f7dc4652000 r-xp 00000000 08:01 17309300                   /usr/lib/x86_64-linux-gnu/libXi.so.6.1.0
7f7dc4652000-7f7dc4851000 ---p 0000f000 08:01 17309300                   /usr/lib/x86_64-linux-gnu/libXi.so.6.1.0
7f7dc4851000-7f7dc4852000 r--p 0000e000 08:01 17309300                   /usr/lib/x86_64-linux-gnu/libXi.so.6.1.0
7f7dc4852000-7f7dc4853000 rw-p 0000f000 08:01 17309300                   /usr/lib/x86_64-linux-gnu/libXi.so.6.1.0
7f7dc4853000-7f7dc4858000 r-xp 00000000 08:01 17309320                   /usr/lib/x86_64-linux-gnu/libXtst.so.6.1.0
7f7dc4858000-7f7dc4a57000 ---p 00005000 08:01 17309320                   /usr/lib/x86_64-linux-gnu/libXtst.so.6.1.0
7f7dc4a57000-7f7dc4a58000 r--p 00004000 08:01 17309320                   /usr/lib/x86_64-linux-gnu/libXtst.so.6.1.0
7f7dc4a58000-7f7dc4a59000 rw-p 00005000 08:01 17309320                   /usr/lib/x86_64-linux-gnu/libXtst.so.6.1.0
7f7dc4a59000-7f7dc4a62000 r-xp 00000000 08:01 17309314                   /usr/lib/x86_64-linux-gnu/libXrender.so.1.3.0
7f7dc4a62000-7f7dc4c61000 ---p 00009000 08:01 17309314                   /usr/lib/x86_64-linux-gnu/libXrender.so.1.3.0
7f7dc4c61000-7f7dc4c62000 r--p 00008000 08:01 17309314                   /usr/lib/x86_64-linux-gnu/libXrender.so.1.3.0
7f7dc4c62000-7f7dc4c63000 rw-p 00009000 08:01 17309314                   /usr/lib/x86_64-linux-gnu/libXrender.so.1.3.0
7f7dc4c63000-7f7dc4d93000 r-xp 00000000 08:01 17309275                   /usr/lib/x86_64-linux-gnu/libX11.so.6.3.0
7f7dc4d93000-7f7dc4f93000 ---p 00130000 08:01 17309275                   /usr/lib/x86_64-linux-gnu/libX11.so.6.3.0
7f7dc4f93000-7f7dc4f94000 r--p 00130000 08:01 17309275                   /usr/lib/x86_64-linux-gnu/libX11.so.6.3.0
7f7dc4f94000-7f7dc4f98000 rw-p 00131000 08:01 17309275                   /usr/lib/x86_64-linux-gnu/libX11.so.6.3.0
7f7dc4f98000-7f7dc4fa9000 r-xp 00000000 08:01 17309292                   /usr/lib/x86_64-linux-gnu/libXext.so.6.4.0
7f7dc4fa9000-7f7dc51a8000 ---p 00011000 08:01 17309292                   /usr/lib/x86_64-linux-gnu/libXext.so.6.4.0
7f7dc51a8000-7f7dc51a9000 r--p 00010000 08:01 17309292                   /usr/lib/x86_64-linux-gnu/libXext.so.6.4.0
7f7dc51a9000-7f7dc51aa000 rw-p 00011000 08:01 17309292                   /usr/lib/x86_64-linux-gnu/libXext.so.6.4.0
7f7dc51b1000-7f7dc51c4000 r--s 00344000 08:01 17703915                   /usr/lib/jvm/java-8-oracle/jre/lib/resources.jar
7f7dc51c4000-7f7dc51c7000 r--s 0001a000 08:01 17703712                   /usr/lib/jvm/java-8-oracle/jre/lib/jce.jar
7f7dc51c7000-7f7dc521b000 r-xp 00000000 08:01 17703760                   /usr/lib/jvm/java-8-oracle/jre/lib/amd64/libawt_xawt.so
7f7dc521b000-7f7dc541b000 ---p 00054000 08:01 17703760                   /usr/lib/jvm/java-8-oracle/jre/lib/amd64/libawt_xawt.so
7f7dc541b000-7f7dc541f000 rw-p 00054000 08:01 17703760                   /usr/lib/jvm/java-8-oracle/jre/lib/amd64/libawt_xawt.so
7f7dc541f000-7f7dc5420000 rw-p 00000000 00:00 0 
7f7dc5420000-7f7dc54c2000 r-xp 00000000 08:01 17703740                   /usr/lib/jvm/java-8-oracle/jre/lib/amd64/libawt.so
7f7dc54c2000-7f7dc56c2000 ---p 000a2000 08:01 17703740                   /usr/lib/jvm/java-8-oracle/jre/lib/amd64/libawt.so
7f7dc56c2000-7f7dc56ce000 rw-p 000a2000 08:01 17703740                   /usr/lib/jvm/java-8-oracle/jre/lib/amd64/libawt.so
7f7dc56ce000-7f7dc56f2000 rw-p 00000000 00:00 0 
7f7dc56f2000-7f7dc56f8000 r--s 002f8000 08:01 17703688                   /usr/lib/jvm/java-8-oracle/jre/lib/charsets.jar
7f7dc56f8000-7f7dc58f8000 rw-p 00000000 00:00 0 
7f7dc58f8000-7f7dc58fb000 ---p 00000000 00:00 0 
7f7dc58fb000-7f7dc59f9000 rw-p 00000000 00:00 0 
7f7dc59f9000-7f7dc5a10000 r-xp 00000000 08:01 7868649                    /lib/x86_64-linux-gnu/libresolv-2.19.so
7f7dc5a10000-7f7dc5c10000 ---p 00017000 08:01 7868649                    /lib/x86_64-linux-gnu/libresolv-2.19.so
7f7dc5c10000-7f7dc5c11000 r--p 00017000 08:01 7868649                    /lib/x86_64-linux-gnu/libresolv-2.19.so
7f7dc5c11000-7f7dc5c12000 rw-p 00018000 08:01 7868649                    /lib/x86_64-linux-gnu/libresolv-2.19.so
7f7dc5c12000-7f7dc5c14000 rw-p 00000000 00:00 0 
7f7dc5c14000-7f7dc5c19000 r-xp 00000000 08:01 7871514                    /lib/x86_64-linux-gnu/libnss_dns-2.19.so
7f7dc5c19000-7f7dc5e18000 ---p 00005000 08:01 7871514                    /lib/x86_64-linux-gnu/libnss_dns-2.19.so
7f7dc5e18000-7f7dc5e19000 r--p 00004000 08:01 7871514                    /lib/x86_64-linux-gnu/libnss_dns-2.19.so
7f7dc5e19000-7f7dc5e1a000 rw-p 00005000 08:01 7871514                    /lib/x86_64-linux-gnu/libnss_dns-2.19.so
7f7dc5e1a000-7f7dc5e1c000 r-xp 00000000 08:01 7868708                    /lib/x86_64-linux-gnu/libnss_mdns4_minimal.so.2
7f7dc5e1c000-7f7dc601b000 ---p 00002000 08:01 7868708                    /lib/x86_64-linux-gnu/libnss_mdns4_minimal.so.2
7f7dc601b000-7f7dc601c000 r--p 00001000 08:01 7868708                    /lib/x86_64-linux-gnu/libnss_mdns4_minimal.so.2
7f7dc601c000-7f7dc601d000 rw-p 00002000 08:01 7868708                    /lib/x86_64-linux-gnu/libnss_mdns4_minimal.so.2
7f7dc601d000-7f7dc621d000 rw-p 00000000 00:00 0 
7f7dc621d000-7f7dc641d000 rw-p 00000000 00:00 0 
7f7dc641d000-7f7dc6420000 ---p 00000000 00:00 0 
7f7dc6420000-7f7dc651e000 rw-p 00000000 00:00 0 
7f7dc651e000-7f7dc6521000 ---p 00000000 00:00 0 
7f7dc6521000-7f7dc661f000 rw-p 00000000 00:00 0 
7f7dc661f000-7f7dc6622000 ---p 00000000 00:00 0 
7f7dc6622000-7f7dc6720000 rw-p 00000000 00:00 0 
7f7dc6720000-7f7dc6726000 r--s 0003f000 08:01 17703798                   /usr/lib/jvm/java-8-oracle/jre/lib/ext/sunjce_provider.jar
7f7dc6726000-7f7dc6727000 r--s 0000a000 08:01 17703796                   /usr/lib/jvm/java-8-oracle/jre/lib/ext/jaccess.jar
7f7dc6727000-7f7dc6742000 r--s 001d5000 08:01 17703795                   /usr/lib/jvm/java-8-oracle/jre/lib/ext/nashorn.jar
7f7dc6742000-7f7dc6743000 r--s 00010000 08:01 17703794                   /usr/lib/jvm/java-8-oracle/jre/lib/ext/zipfs.jar
7f7dc6743000-7f7dc6745000 r--s 00001000 08:01 17703793                   /usr/lib/jvm/java-8-oracle/jre/lib/ext/dnsns.jar
7f7dc6745000-7f7dc67da000 r--s 01103000 08:01 17703792                   /usr/lib/jvm/java-8-oracle/jre/lib/ext/jfxrt.jar
7f7dc67da000-7f7dc67de000 r--s 0003a000 08:01 17703791                   /usr/lib/jvm/java-8-oracle/jre/lib/ext/sunpkcs11.jar
7f7dc67de000-7f7dc67df000 r--s 00009000 08:01 17703788                   /usr/lib/jvm/java-8-oracle/jre/lib/ext/sunec.jar
7f7dc67df000-7f7dc67e9000 r--s 00116000 08:01 17703790                   /usr/lib/jvm/java-8-oracle/jre/lib/ext/localedata.jar
7f7dc67e9000-7f7dc6805000 r--s 00393000 08:01 17703789                   /usr/lib/jvm/java-8-oracle/jre/lib/ext/cldrdata.jar
7f7dc6805000-7f7dc6816000 r--s 00090000 08:01 1316014                    /home/sumit/java/GWTProject/AssetMS/LoginDemo (2)/war/WEB-INF/lib/spring-context-3.0.2.RELEASE.jar
7f7dc6816000-7f7dc6819000 r--s 0000b000 08:01 1316016                    /home/sumit/java/GWTProject/AssetMS/LoginDemo (2)/war/WEB-INF/lib/com.springsource.org.apache.commons.fileupload-1.2.0.jar
7f7dc6819000-7f7dc681f000 r--s 00046000 08:01 1316018                    /home/sumit/java/GWTProject/AssetMS/LoginDemo (2)/war/WEB-INF/lib/com.springsource.org.apache.commons.httpclient-3.1.0.jar
7f7dc681f000-7f7dc6825000 r--s 0003c000 08:01 1316021                    /home/sumit/java/GWTProject/AssetMS/LoginDemo (2)/war/WEB-INF/lib/com.springsource.org.codehaus.jackson.mapper-1.0.0.jar
7f7dc6825000-7f7dc6827000 r--s 0000c000 08:01 1316023                    /home/sumit/java/GWTProject/AssetMS/LoginDemo (2)/war/WEB-INF/lib/org.springframework.oxm-3.0.1.RELEASE-A.jar
7f7dc6827000-7f7dc682c000 r--s 00026000 08:01 1316025                    /home/sumit/java/GWTProject/AssetMS/LoginDemo (2)/war/WEB-INF/lib/org.springframework.web.portlet-3.0.1.RELEASE-A.jar
7f7dc682c000-7f7dc6835000 r--s 00059000 08:01 1316028                    /home/sumit/java/GWTProject/AssetMS/LoginDemo (2)/war/WEB-INF/lib/org.springframework.web.servlet-3.0.1.RELEASE-A.jar
7f7dc6835000-7f7dc6837000 r--s 00082000 08:01 1316029                    /home/sumit/java/GWTProject/AssetMS/LoginDemo (2)/war/WEB-INF/lib/org.springframework.web.struts-3.0.1.RELEASE-A.jar
7f7dc6837000-7f7dc6840000 r--s 0004f000 08:01 1316024                    /home/sumit/java/GWTProject/AssetMS/LoginDemo (2)/war/WEB-INF/lib/org.springframework.web-3.0.1.RELEASE-A.jar
7f7dc6840000-7f7dc6846000 r--s 0004a000 08:01 13895326                   /home/sumit/java/aop/com.springsource.net.sf.cglib-2.2.0.jar
7f7dc6846000-7f7dc6848000 r--s 00000000 08:01 13895327                   /home/sumit/java/aop/com.springsource.org.aopalliance-1.0.0.jar
7f7dc6848000-7f7dc685d000 r--s 0017c000 08:01 13895328                   /home/sumit/java/aop/com.springsource.org.aspectj.weaver-1.6.8.RELEASE.jar
7f7dc685d000-7f7dc6866000 r--s 00046000 08:01 13895329                   /home/sumit/java/aop/org.springframework.aop-3.0.1.RELEASE-A.jar
7f7dc6866000-7f7dc6868000 r--s 00006000 08:01 13895330                   /home/sumit/java/aop/org.springframework.aspects-3.0.1.RELEASE-A.jar
7f7dc6868000-7f7dc6872000 r--s 00053000 08:01 14158624                   /home/sumit/java/persistCore/org.springframework.jdbc-3.0.1.RELEASE-A.jar
7f7dc6872000-7f7dc687a000 r--s 00049000 08:01 14158625                   /home/sumit/java/persistCore/org.springframework.orm-3.0.1.RELEASE-A.jar
7f7dc687a000-7f7dc6881000 r--s 00031000 08:01 14158626                   /home/sumit/java/persistCore/org.springframework.transaction-3.0.1.RELEASE-A.jar
7f7dc6881000-7f7dc6886000 r--s 0000d000 08:01 14158659                   /home/sumit/java/persistCore/persistence.jar
7f7dc6886000-7f7dc6891000 r--s 0008c000 08:01 14158661                   /home/sumit/java/persistJdbc/com.springsource.com.mchange.v2.c3p0-0.9.1.2.jar
7f7dc6891000-7f7dc6895000 r--s 0003d000 08:01 14158662                   /home/sumit/java/persistJdbc/com.springsource.org.apache.commons.lang-2.4.0.jar
7f7dc6895000-7f7dc6897000 r--s 00016000 08:01 14158666                   /home/sumit/java/persistJdbc/com.springsource.org.apache.commons.pool-1.5.3.jar
7f7dc6897000-7f7dc6899000 r--s 0001c000 08:01 14158668                   /home/sumit/java/persistJdbc/commons-dbcp.jar
7f7dc6899000-7f7dc689c000 r--s 0001c000 08:01 14158669                   /home/sumit/java/persistJdbc/jotm.jar
7f7dc689c000-7f7dc689e000 r--s 00015000 08:01 14158942                   /home/sumit/java/persistJdbc/xapool.jar
7f7dc689e000-7f7dc68a5000 r--s 0005a000 08:01 14290404                   /home/sumit/java/spcorejars/com.springsource.org.apache.log4j-1.2.15.jar
7f7dc68a5000-7f7dc68b0000 r--s 0007b000 08:01 14291895                   /home/sumit/java/spcorejars/org.springframework.beans-3.0.1.RELEASE-A.jar
7f7dc68b0000-7f7dc68c1000 r--s 00090000 08:01 14291897                   /home/sumit/java/spcorejars/org.springframework.context-3.0.1.RELEASE-A.jar
7f7dc68c1000-7f7dc68c9000 r--s 0004f000 08:01 14291898                   /home/sumit/java/spcorejars/org.springframework.core-3.0.1.RELEASE-A.jar
7f7dc68c9000-7f7dc68cc000 ---p 00000000 00:00 0 
7f7dc68cc000-7f7dc69ca000 rw-p 00000000 00:00 0 
7f7dc69ca000-7f7dc69cd000 ---p 00000000 00:00 0 
7f7dc69cd000-7f7dc6acb000 rw-p 00000000 00:00 0 
7f7dc6acb000-7f7dc6ace000 ---p 00000000 00:00 0 
7f7dc6ace000-7f7dc6bcc000 rw-p 00000000 00:00 0 
7f7dc6bcc000-7f7dc6be2000 r-xp 00000000 08:01 17703762                   /usr/lib/jvm/java-8-oracle/jre/lib/amd64/libnet.so
7f7dc6be2000-7f7dc6de2000 ---p 00016000 08:01 17703762                   /usr/lib/jvm/java-8-oracle/jre/lib/amd64/libnet.so
7f7dc6de2000-7f7dc6de3000 rw-p 00016000 08:01 17703762                   /usr/lib/jvm/java-8-oracle/jre/lib/amd64/libnet.so
7f7dc6de3000-7f7dc6fe6000 r--s 022ba000 08:01 14419835                   /home/sumit/java/eclipse/plugins/com.google.gwt.eclipse.sdkbundle_2.7.0/gwt-2.7.0/gwt-dev.jar
7f7dc6fe6000-7f7dc7116000 r--s 01d5b000 08:01 14419894                   /home/sumit/java/eclipse/plugins/com.google.gwt.eclipse.sdkbundle_2.7.0/gwt-2.7.0/gwt-user.jar
7f7dc7116000-7f7dc7117000 ---p 00000000 00:00 0 
7f7dc7117000-7f7dc7217000 rw-p 00000000 00:00 0 
7f7dc7217000-7f7dc721a000 ---p 00000000 00:00 0 
7f7dc721a000-7f7dc7318000 rw-p 00000000 00:00 0 
7f7dc7318000-7f7dc731b000 ---p 00000000 00:00 0 
7f7dc731b000-7f7dc7419000 rw-p 00000000 00:00 0 
7f7dc7419000-7f7dc741c000 ---p 00000000 00:00 0 
7f7dc741c000-7f7dc751a000 rw-p 00000000 00:00 0 
7f7dc751a000-7f7dc751d000 ---p 00000000 00:00 0 
7f7dc751d000-7f7dc761b000 rw-p 00000000 00:00 0 
7f7dc761b000-7f7dc761e000 ---p 00000000 00:00 0 
7f7dc761e000-7f7dc771c000 rw-p 00000000 00:00 0 
7f7dc771c000-7f7dc7dfe000 r--p 00000000 08:01 17308283                   /usr/lib/locale/locale-archive
7f7dc7dfe000-7f7dc7e01000 ---p 00000000 00:00 0 
7f7dc7e01000-7f7dc7eff000 rw-p 00000000 00:00 0 
7f7dc7eff000-7f7dc7f02000 ---p 00000000 00:00 0 
7f7dc7f02000-7f7dc8000000 rw-p 00000000 00:00 0 
7f7dc8000000-7f7dc8021000 rw-p 00000000 00:00 0 
7f7dc8021000-7f7dcc000000 ---p 00000000 00:00 0 
7f7dcc000000-7f7dcc021000 rw-p 00000000 00:00 0 
7f7dcc021000-7f7dd0000000 ---p 00000000 00:00 0 
7f7dd0000000-7f7dd0021000 rw-p 00000000 00:00 0 
7f7dd0021000-7f7dd4000000 ---p 00000000 00:00 0 
7f7dd4000000-7f7dd4001000 r--s 00001000 08:01 13895331                   /home/sumit/java/aop/org.springframework.instrument.tomcat-3.0.1.RELEASE-A.jar
7f7dd4001000-7f7dd4005000 r--s 00023000 08:01 14291901                   /home/sumit/java/spcorejars/org.springframework.expression-3.0.1.RELEASE-A.jar
7f7dd4005000-7f7dd400f000 r--s 000e7000 08:01 13775223                   /home/sumit/java/mysql-connector-java-5.1.38/mysql-connector-java-5.1.38-bin.jar
7f7dd400f000-7f7dd408e000 rw-p 00000000 00:00 0 
7f7dd408e000-7f7dd408f000 ---p 00000000 00:00 0 
7f7dd408f000-7f7dd5000000 rw-p 00000000 00:00 0 
7f7dd5000000-7f7dd5dd0000 rwxp 00000000 00:00 0 
7f7dd5dd0000-7f7de4000000 ---p 00000000 00:00 0 
7f7de4000000-7f7de4858000 rw-p 00000000 00:00 0 
7f7de4858000-7f7de8000000 ---p 00000000 00:00 0 
7f7de8000000-7f7de8002000 r--s 0000e000 08:01 14287808                   /home/sumit/java/spcorejars/com.springsource.org.apache.commons.logging-1.1.1.jar
7f7de8002000-7f7de8008000 r--s 0003d000 08:01 1316061                    /home/sumit/java/GWTProject/AssetMS/LoginDemo (2)/war/WEB-INF/lib/gwt-crypto-2.3.0.jar
7f7de8008000-7f7de8012000 r--s 000e7000 08:01 1316060                    /home/sumit/java/GWTProject/AssetMS/LoginDemo (2)/war/WEB-INF/lib/mysql-connector-java-5.1.38-bin.jar
7f7de8012000-7f7de81a4000 rw-p 00000000 00:00 0 
7f7de81a4000-7f7de837d000 r--s 03d1f000 08:01 17703810                   /usr/lib/jvm/java-8-oracle/jre/lib/rt.jar
7f7de837d000-7f7de9d4e000 rw-p 00000000 00:00 0 
7f7de9d4e000-7f7de9d4f000 ---p 00000000 00:00 0 
7f7de9d4f000-7f7de9e4f000 rw-p 00000000 00:00 0 
7f7de9e4f000-7f7de9e50000 ---p 00000000 00:00 0 
7f7de9e50000-7f7de9f50000 rw-p 00000000 00:00 0 
7f7de9f50000-7f7de9f51000 ---p 00000000 00:00 0 
7f7de9f51000-7f7dea051000 rw-p 00000000 00:00 0 
7f7dea051000-7f7dea052000 ---p 00000000 00:00 0 
7f7dea052000-7f7dea1a1000 rw-p 00000000 00:00 0 
7f7dea1a1000-7f7dea1fc000 ---p 00000000 00:00 0 
7f7dea1fc000-7f7dea252000 rw-p 00000000 00:00 0 
7f7dea252000-7f7dea28b000 rw-p 00000000 00:00 0 
7f7dea28b000-7f7dea613000 ---p 00000000 00:00 0 
7f7dea613000-7f7dea62d000 r-xp 00000000 08:01 17703739                   /usr/lib/jvm/java-8-oracle/jre/lib/amd64/libzip.so
7f7dea62d000-7f7dea82d000 ---p 0001a000 08:01 17703739                   /usr/lib/jvm/java-8-oracle/jre/lib/amd64/libzip.so
7f7dea82d000-7f7dea82e000 rw-p 0001a000 08:01 17703739                   /usr/lib/jvm/java-8-oracle/jre/lib/amd64/libzip.so
7f7dea82e000-7f7dea838000 r-xp 00000000 08:01 7871520                    /lib/x86_64-linux-gnu/libnss_files-2.19.so
7f7dea838000-7f7deaa37000 ---p 0000a000 08:01 7871520                    /lib/x86_64-linux-gnu/libnss_files-2.19.so
7f7deaa37000-7f7deaa38000 r--p 00009000 08:01 7871520                    /lib/x86_64-linux-gnu/libnss_files-2.19.so
7f7deaa38000-7f7deaa39000 rw-p 0000a000 08:01 7871520                    /lib/x86_64-linux-gnu/libnss_files-2.19.so
7f7deaa39000-7f7deaa44000 r-xp 00000000 08:01 7871512                    /lib/x86_64-linux-gnu/libnss_nis-2.19.so
7f7deaa44000-7f7deac43000 ---p 0000b000 08:01 7871512                    /lib/x86_64-linux-gnu/libnss_nis-2.19.so
7f7deac43000-7f7deac44000 r--p 0000a000 08:01 7871512                    /lib/x86_64-linux-gnu/libnss_nis-2.19.so
7f7deac44000-7f7deac45000 rw-p 0000b000 08:01 7871512                    /lib/x86_64-linux-gnu/libnss_nis-2.19.so
7f7deac45000-7f7deac5c000 r-xp 00000000 08:01 7871508                    /lib/x86_64-linux-gnu/libnsl-2.19.so
7f7deac5c000-7f7deae5b000 ---p 00017000 08:01 7871508                    /lib/x86_64-linux-gnu/libnsl-2.19.so
7f7deae5b000-7f7deae5c000 r--p 00016000 08:01 7871508                    /lib/x86_64-linux-gnu/libnsl-2.19.so
7f7deae5c000-7f7deae5d000 rw-p 00017000 08:01 7871508                    /lib/x86_64-linux-gnu/libnsl-2.19.so
7f7deae5d000-7f7deae5f000 rw-p 00000000 00:00 0 
7f7deae5f000-7f7deae68000 r-xp 00000000 08:01 7871507                    /lib/x86_64-linux-gnu/libnss_compat-2.19.so
7f7deae68000-7f7deb067000 ---p 00009000 08:01 7871507                    /lib/x86_64-linux-gnu/libnss_compat-2.19.so
7f7deb067000-7f7deb068000 r--p 00008000 08:01 7871507                    /lib/x86_64-linux-gnu/libnss_compat-2.19.so
7f7deb068000-7f7deb069000 rw-p 00009000 08:01 7871507                    /lib/x86_64-linux-gnu/libnss_compat-2.19.so
7f7deb069000-7f7deb093000 r-xp 00000000 08:01 17703732                   /usr/lib/jvm/java-8-oracle/jre/lib/amd64/libjava.so
7f7deb093000-7f7deb293000 ---p 0002a000 08:01 17703732                   /usr/lib/jvm/java-8-oracle/jre/lib/amd64/libjava.so
7f7deb293000-7f7deb295000 rw-p 0002a000 08:01 17703732                   /usr/lib/jvm/java-8-oracle/jre/lib/amd64/libjava.so
7f7deb295000-7f7deb2a2000 r-xp 00000000 08:01 17703766                   /usr/lib/jvm/java-8-oracle/jre/lib/amd64/libverify.so
7f7deb2a2000-7f7deb4a2000 ---p 0000d000 08:01 17703766                   /usr/lib/jvm/java-8-oracle/jre/lib/amd64/libverify.so
7f7deb4a2000-7f7deb4a4000 rw-p 0000d000 08:01 17703766                   /usr/lib/jvm/java-8-oracle/jre/lib/amd64/libverify.so
7f7deb4a4000-7f7deb4ab000 r-xp 00000000 08:01 7871516                    /lib/x86_64-linux-gnu/librt-2.19.so
7f7deb4ab000-7f7deb6aa000 ---p 00007000 08:01 7871516                    /lib/x86_64-linux-gnu/librt-2.19.so
7f7deb6aa000-7f7deb6ab000 r--p 00006000 08:01 7871516                    /lib/x86_64-linux-gnu/librt-2.19.so
7f7deb6ab000-7f7deb6ac000 rw-p 00007000 08:01 7871516                    /lib/x86_64-linux-gnu/librt-2.19.so
7f7deb6ac000-7f7deb7b1000 r-xp 00000000 08:01 7871502                    /lib/x86_64-linux-gnu/libm-2.19.so
7f7deb7b1000-7f7deb9b0000 ---p 00105000 08:01 7871502                    /lib/x86_64-linux-gnu/libm-2.19.so
7f7deb9b0000-7f7deb9b1000 r--p 00104000 08:01 7871502                    /lib/x86_64-linux-gnu/libm-2.19.so
7f7deb9b1000-7f7deb9b2000 rw-p 00105000 08:01 7871502                    /lib/x86_64-linux-gnu/libm-2.19.so
7f7deb9b2000-7f7dec672000 r-xp 00000000 08:01 17703745                   /usr/lib/jvm/java-8-oracle/jre/lib/amd64/server/libjvm.so
7f7dec672000-7f7dec872000 ---p 00cc0000 08:01 17703745                   /usr/lib/jvm/java-8-oracle/jre/lib/amd64/server/libjvm.so
7f7dec872000-7f7dec94a000 rw-p 00cc0000 08:01 17703745                   /usr/lib/jvm/java-8-oracle/jre/lib/amd64/server/libjvm.so
7f7dec94a000-7f7dec995000 rw-p 00000000 00:00 0 
7f7dec995000-7f7decb4f000 r-xp 00000000 08:01 7871517                    /lib/x86_64-linux-gnu/libc-2.19.so
7f7decb4f000-7f7decd4f000 ---p 001ba000 08:01 7871517                    /lib/x86_64-linux-gnu/libc-2.19.so
7f7decd4f000-7f7decd53000 r--p 001ba000 08:01 7871517                    /lib/x86_64-linux-gnu/libc-2.19.so
7f7decd53000-7f7decd55000 rw-p 001be000 08:01 7871517                    /lib/x86_64-linux-gnu/libc-2.19.so
7f7decd55000-7f7decd5a000 rw-p 00000000 00:00 0 
7f7decd5a000-7f7decd5d000 r-xp 00000000 08:01 7871504                    /lib/x86_64-linux-gnu/libdl-2.19.so
7f7decd5d000-7f7decf5c000 ---p 00003000 08:01 7871504                    /lib/x86_64-linux-gnu/libdl-2.19.so
7f7decf5c000-7f7decf5d000 r--p 00002000 08:01 7871504                    /lib/x86_64-linux-gnu/libdl-2.19.so
7f7decf5d000-7f7decf5e000 rw-p 00003000 08:01 7871504                    /lib/x86_64-linux-gnu/libdl-2.19.so
7f7decf5e000-7f7decf73000 r-xp 00000000 08:01 17836476                   /usr/lib/jvm/java-8-oracle/lib/amd64/jli/libjli.so
7f7decf73000-7f7ded173000 ---p 00015000 08:01 17836476                   /usr/lib/jvm/java-8-oracle/lib/amd64/jli/libjli.so
7f7ded173000-7f7ded174000 rw-p 00015000 08:01 17836476                   /usr/lib/jvm/java-8-oracle/lib/amd64/jli/libjli.so
7f7ded174000-7f7ded18d000 r-xp 00000000 08:01 7871509                    /lib/x86_64-linux-gnu/libpthread-2.19.so
7f7ded18d000-7f7ded38c000 ---p 00019000 08:01 7871509                    /lib/x86_64-linux-gnu/libpthread-2.19.so
7f7ded38c000-7f7ded38d000 r--p 00018000 08:01 7871509                    /lib/x86_64-linux-gnu/libpthread-2.19.so
7f7ded38d000-7f7ded38e000 rw-p 00019000 08:01 7871509                    /lib/x86_64-linux-gnu/libpthread-2.19.so
7f7ded38e000-7f7ded392000 rw-p 00000000 00:00 0 
7f7ded392000-7f7ded3b5000 r-xp 00000000 08:01 7871510                    /lib/x86_64-linux-gnu/ld-2.19.so
7f7ded3b5000-7f7ded3b6000 r--s 00000000 08:01 13895332                   /home/sumit/java/aop/org.springframework.instrument-3.0.1.RELEASE-A.jar
7f7ded3b6000-7f7ded3b8000 r--s 00017000 08:01 14290422                   /home/sumit/java/spcorejars/jmxtools-1.2.1.jar
7f7ded3b8000-7f7ded3ba000 r--s 0000e000 08:01 14419904                   /home/sumit/java/eclipse/plugins/com.google.gwt.eclipse.sdkbundle_2.7.0/gwt-2.7.0/validation-api-1.0.0.GA-sources.jar
7f7ded3ba000-7f7ded3bd000 r--s 00009000 08:01 14419901                   /home/sumit/java/eclipse/plugins/com.google.gwt.eclipse.sdkbundle_2.7.0/gwt-2.7.0/validation-api-1.0.0.GA.jar
7f7ded3bd000-7f7ded434000 rw-p 00000000 00:00 0 
7f7ded434000-7f7ded490000 ---p 00000000 00:00 0 
7f7ded490000-7f7ded493000 ---p 00000000 00:00 0 
7f7ded493000-7f7ded595000 rw-p 00000000 00:00 0 
7f7ded595000-7f7ded596000 r--s 0000c000 08:01 14291894                   /home/sumit/java/spcorejars/org.springframework.asm-3.0.1.RELEASE-A.jar
7f7ded596000-7f7ded59a000 r--s 00097000 08:01 17703687                   /usr/lib/jvm/java-8-oracle/jre/lib/jsse.jar
7f7ded59a000-7f7ded59e000 r--s 0002d000 08:01 14419912                   /home/sumit/java/eclipse/plugins/com.google.gwt.eclipse.sdkbundle_2.7.0/gwt-2.7.0/gwt-codeserver.jar
7f7ded59e000-7f7ded5a8000 rw-p 00000000 00:00 0 
7f7ded5a8000-7f7ded5b0000 rw-s 00000000 08:01 3801165                    /tmp/hsperfdata_sumit/9754
7f7ded5b0000-7f7ded5b1000 rw-p 00000000 00:00 0 
7f7ded5b1000-7f7ded5b2000 r--p 00000000 00:00 0 
7f7ded5b2000-7f7ded5b4000 rw-p 00000000 00:00 0 
7f7ded5b4000-7f7ded5b5000 r--p 00022000 08:01 7871510                    /lib/x86_64-linux-gnu/ld-2.19.so
7f7ded5b5000-7f7ded5b6000 rw-p 00023000 08:01 7871510                    /lib/x86_64-linux-gnu/ld-2.19.so
7f7ded5b6000-7f7ded5b7000 rw-p 00000000 00:00 0 
7ffcd369b000-7ffcd36bd000 rw-p 00000000 00:00 0                          [stack]
7ffcd3733000-7ffcd3735000 r--p 00000000 00:00 0                          [vvar]
7ffcd3735000-7ffcd3737000 r-xp 00000000 00:00 0                          [vdso]
ffffffffff600000-ffffffffff601000 r-xp 00000000 00:00 0                  [vsyscall]

VM Arguments:
jvm_args: -Xmx512m -Dfile.encoding=UTF-8 
java_command: com.google.gwt.dev.DevMode -remoteUI 44843:18737191140345 -startupUrl app.html -logLevel INFO -codeServerPort 9997 -port 8888 -war /home/sumit/java/GWTProject/AssetMS/LoginDemo (2)/war com.smt.appModule
java_class_path (initial): /home/sumit/java/GWTProject/AssetMS/LoginDemo (2)/src:/home/sumit/java/GWTProject/AssetMS/LoginDemo (2)/war/WEB-INF/classes:/home/sumit/java/eclipse/plugins/com.google.gwt.eclipse.sdkbundle_2.7.0/gwt-2.7.0/gwt-user.jar:/home/sumit/java/eclipse/plugins/com.google.gwt.eclipse.sdkbundle_2.7.0/gwt-2.7.0/gwt-codeserver.jar:/home/sumit/java/eclipse/plugins/com.google.gwt.eclipse.sdkbundle_2.7.0/gwt-2.7.0/gwt-dev.jar:/home/sumit/java/eclipse/plugins/com.google.gwt.eclipse.sdkbundle_2.7.0/gwt-2.7.0/validation-api-1.0.0.GA.jar:/home/sumit/java/eclipse/plugins/com.google.gwt.eclipse.sdkbundle_2.7.0/gwt-2.7.0/validation-api-1.0.0.GA-sources.jar:/home/sumit/java/GWTProject/AssetMS/LoginDemo (2)/war/WEB-INF/lib/mysql-connector-java-5.1.38-bin.jar:/home/sumit/java/GWTProject/AssetMS/LoginDemo (2)/war/WEB-INF/lib/gwt-crypto-2.3.0.jar:/home/sumit/java/mysql-connector-java-5.1.38/mysql-connector-java-5.1.38-bin.jar:/home/sumit/java/spcorejars/org.springframework.expression-3.0.1.RELEASE-A.jar:/home/sumit/java/spcorejars/org.springframework.core-3.0.1.RELEASE-A.jar:/home/sumit/java/spcorejars/org.springframework.context-3.0.1.RELEASE-A.jar:/home/sumit/java/spcorejars/org.springframework.beans-3.0.1.RELEASE-A.jar:/home/sumit/java/spcorejars/org.springframework.asm-3.0.1.RELEASE-A.jar:/home/sumit/java/spcorejars/jmxtools-1.2.1.jar:/home/sumit/java/spcorejars/com.springsource.org.apache.log4j-1.2.15.jar:/home/sumit/java/spcorejars/com.springsource.org.apache.commons.logging-1.1.1.jar:/home/sumit/java/persistJdbc/xapool.jar:/home/sumit/java/persistJdbc/jotm.jar:/home/sumit/java/persistJdbc/commons-dbcp.jar:/home/sumit/java/persistJdbc/com.springsource.org.apache.commons.pool-1.5.3.jar:/home/sumit/java/persistJdbc/com.springsource.org.apache.commons.lang-2.4.0.jar:/home/sumit/java/persistJdbc/com.springsource.com.mchange.v2.c3p0-0.9.1.2.jar:/home/sumit/java/persistCore/persistence.jar:/home/sumit/java/persistCore/org.springframework.transaction-3.0.1.RELEASE-A
Launcher Type: SUN_STANDARD

Environment Variables:
PATH=/usr/local/sbin:/usr/local/bin:/usr/sbin:/usr/bin:/sbin:/bin:/usr/games:/usr/local/games
SHELL=/bin/bash
DISPLAY=:0.0

Signal Handlers:
SIGSEGV: [libjvm.so+0xabca10], sa_mask[0]=11111111011111111101111111111110, sa_flags=SA_RESTART|SA_SIGINFO
SIGBUS: [libjvm.so+0xabca10], sa_mask[0]=11111111011111111101111111111110, sa_flags=SA_RESTART|SA_SIGINFO
SIGFPE: [libjvm.so+0x919a20], sa_mask[0]=11111111011111111101111111111110, sa_flags=SA_RESTART|SA_SIGINFO
SIGPIPE: [libjvm.so+0x919a20], sa_mask[0]=11111111011111111101111111111110, sa_flags=SA_RESTART|SA_SIGINFO
SIGXFSZ: [libjvm.so+0x919a20], sa_mask[0]=11111111011111111101111111111110, sa_flags=SA_RESTART|SA_SIGINFO
SIGILL: [libjvm.so+0x919a20], sa_mask[0]=11111111011111111101111111111110, sa_flags=SA_RESTART|SA_SIGINFO
SIGUSR1: SIG_DFL, sa_mask[0]=00000000000000000000000000000000, sa_flags=none
SIGUSR2: [libjvm.so+0x91b050], sa_mask[0]=00100000000000000000000000000000, sa_flags=SA_RESTART|SA_SIGINFO
SIGHUP: [libjvm.so+0x91c450], sa_mask[0]=11111111011111111101111111111110, sa_flags=SA_RESTART|SA_SIGINFO
SIGINT: [libjvm.so+0x91c450], sa_mask[0]=11111111011111111101111111111110, sa_flags=SA_RESTART|SA_SIGINFO
SIGTERM: [libjvm.so+0x91c450], sa_mask[0]=11111111011111111101111111111110, sa_flags=SA_RESTART|SA_SIGINFO
SIGQUIT: [libjvm.so+0x91c450], sa_mask[0]=11111111011111111101111111111110, sa_flags=SA_RESTART|SA_SIGINFO


---------------  S Y S T E M  ---------------

OS:DISTRIB_ID=Ubuntu
DISTRIB_RELEASE=14.04
DISTRIB_CODENAME=trusty
DISTRIB_DESCRIPTION="Ubuntu 14.04.4 LTS"

uname:Linux 4.2.0-36-generic #42~14.04.1-Ubuntu SMP Fri May 13 17:27:22 UTC 2016 x86_64
libc:glibc 2.19 NPTL 2.19 
rlimit: STACK 8192k, CORE 0k, NPROC 15495, NOFILE 4096, AS infinity
load average:3.17 4.33 2.56

/proc/meminfo:
MemTotal:        3988900 kB
MemFree:           38068 kB
MemAvailable:     945676 kB
Buffers:           53308 kB
Cached:          1041612 kB
SwapCached:        50336 kB
Active:          2669116 kB
Inactive:        1071876 kB
Active(anon):    2000360 kB
Inactive(anon):   858292 kB
Active(file):     668756 kB
Inactive(file):   213584 kB
Unevictable:         268 kB
Mlocked:             268 kB
SwapTotal:       4135932 kB
SwapFree:        3419680 kB
Dirty:             57832 kB
Writeback:             0 kB
AnonPages:       2634404 kB
Mapped:           297648 kB
Shmem:            212580 kB
Slab:              91900 kB
SReclaimable:      54800 kB
SUnreclaim:        37100 kB
KernelStack:       11456 kB
PageTables:        49088 kB
NFS_Unstable:          0 kB
Bounce:                0 kB
WritebackTmp:          0 kB
CommitLimit:     6130380 kB
Committed_AS:    8379172 kB
VmallocTotal:   34359738367 kB
VmallocUsed:      357956 kB
VmallocChunk:   34358947836 kB
HardwareCorrupted:     0 kB
AnonHugePages:   1286144 kB
CmaTotal:              0 kB
CmaFree:               0 kB
HugePages_Total:       0
HugePages_Free:        0
HugePages_Rsvd:        0
HugePages_Surp:        0
Hugepagesize:       2048 kB
DirectMap4k:      145664 kB
DirectMap2M:     3991552 kB


CPU:total 4 (2 cores per cpu, 2 threads per core) family 6 model 42 stepping 7, cmov, cx8, fxsr, mmx, sse, sse2, sse3, ssse3, sse4.1, sse4.2, popcnt, avx, clmul, ht, tsc, tscinvbit

/proc/cpuinfo:
processor	: 0
vendor_id	: GenuineIntel
cpu family	: 6
model		: 42
model name	: Intel(R) Core(TM) i3-2330M CPU @ 2.20GHz
stepping	: 7
microcode	: 0x17
cpu MHz		: 1699.929
cache size	: 3072 KB
physical id	: 0
siblings	: 4
core id		: 0
cpu cores	: 2
apicid		: 0
initial apicid	: 0
fpu		: yes
fpu_exception	: yes
cpuid level	: 13
wp		: yes
flags		: fpu vme de pse tsc msr pae mce cx8 apic sep mtrr pge mca cmov pat pse36 clflush dts acpi mmx fxsr sse sse2 ss ht tm pbe syscall nx rdtscp lm constant_tsc arch_perfmon pebs bts rep_good nopl xtopology nonstop_tsc aperfmperf eagerfpu pni pclmulqdq dtes64 monitor ds_cpl vmx est tm2 ssse3 cx16 xtpr pdcm pcid sse4_1 sse4_2 x2apic popcnt tsc_deadline_timer xsave avx lahf_lm arat epb pln pts dtherm tpr_shadow vnmi flexpriority ept vpid xsaveopt
bugs		:
bogomips	: 4390.45
clflush size	: 64
cache_alignment	: 64
address sizes	: 36 bits physical, 48 bits virtual
power management:

processor	: 1
vendor_id	: GenuineIntel
cpu family	: 6
model		: 42
model name	: Intel(R) Core(TM) i3-2330M CPU @ 2.20GHz
stepping	: 7
microcode	: 0x17
cpu MHz		: 1699.929
cache size	: 3072 KB
physical id	: 0
siblings	: 4
core id		: 0
cpu cores	: 2
apicid		: 1
initial apicid	: 1
fpu		: yes
fpu_exception	: yes
cpuid level	: 13
wp		: yes
flags		: fpu vme de pse tsc msr pae mce cx8 apic sep mtrr pge mca cmov pat pse36 clflush dts acpi mmx fxsr sse sse2 ss ht tm pbe syscall nx rdtscp lm constant_tsc arch_perfmon pebs bts rep_good nopl xtopology nonstop_tsc aperfmperf eagerfpu pni pclmulqdq dtes64 monitor ds_cpl vmx est tm2 ssse3 cx16 xtpr pdcm pcid sse4_1 sse4_2 x2apic popcnt tsc_deadline_timer xsave avx lahf_lm arat epb pln pts dtherm tpr_shadow vnmi flexpriority ept vpid xsaveopt
bugs		:
bogomips	: 4390.45
clflush size	: 64
cache_alignment	: 64
address sizes	: 36 bits physical, 48 bits virtual
power management:

processor	: 2
vendor_id	: GenuineIntel
cpu family	: 6
model		: 42
model name	: Intel(R) Core(TM) i3-2330M CPU @ 2.20GHz
stepping	: 7
microcode	: 0x17
cpu MHz		: 1699.929
cache size	: 3072 KB
physical id	: 0
siblings	: 4
core id		: 1
cpu cores	: 2
apicid		: 2
initial apicid	: 2
fpu		: yes
fpu_exception	: yes
cpuid level	: 13
wp		: yes
flags		: fpu vme de pse tsc msr pae mce cx8 apic sep mtrr pge mca cmov pat pse36 clflush dts acpi mmx fxsr sse sse2 ss ht tm pbe syscall nx rdtscp lm constant_tsc arch_perfmon pebs bts rep_good nopl xtopology nonstop_tsc aperfmperf eagerfpu pni pclmulqdq dtes64 monitor ds_cpl vmx est tm2 ssse3 cx16 xtpr pdcm pcid sse4_1 sse4_2 x2apic popcnt tsc_deadline_timer xsave avx lahf_lm arat epb pln pts dtherm tpr_shadow vnmi flexpriority ept vpid xsaveopt
bugs		:
bogomips	: 4390.45
clflush size	: 64
cache_alignment	: 64
address sizes	: 36 bits physical, 48 bits virtual
power management:

processor	: 3
vendor_id	: GenuineIntel
cpu family	: 6
model		: 42
model name	: Intel(R) Core(TM) i3-2330M CPU @ 2.20GHz
stepping	: 7
microcode	: 0x17
cpu MHz		: 1699.929
cache size	: 3072 KB
physical id	: 0
siblings	: 4
core id		: 1
cpu cores	: 2
apicid		: 3
initial apicid	: 3
fpu		: yes
fpu_exception	: yes
cpuid level	: 13
wp		: yes
flags		: fpu vme de pse tsc msr pae mce cx8 apic sep mtrr pge mca cmov pat pse36 clflush dts acpi mmx fxsr sse sse2 ss ht tm pbe syscall nx rdtscp lm constant_tsc arch_perfmon pebs bts rep_good nopl xtopology nonstop_tsc aperfmperf eagerfpu pni pclmulqdq dtes64 monitor ds_cpl vmx est tm2 ssse3 cx16 xtpr pdcm pcid sse4_1 sse4_2 x2apic popcnt tsc_deadline_timer xsave avx lahf_lm arat epb pln pts dtherm tpr_shadow vnmi flexpriority ept vpid xsaveopt
bugs		:
bogomips	: 4390.45
clflush size	: 64
cache_alignment	: 64
address sizes	: 36 bits physical, 48 bits virtual
power management:



Memory: 4k page, physical 3988900k(38068k free), swap 4135932k(3419680k free)

vm_info: Java HotSpot(TM) 64-Bit Server VM (25.91-b14) for linux-amd64 JRE (1.8.0_91-b14), built on Apr  1 2016 00:57:21 by "java_re" with gcc 4.3.0 20080428 (Red Hat 4.3.0-8)

time: Tue Jun 21 04:23:10 2016
elapsed time: 50 seconds (0d 0h 0m 50s)

